2016-07-15 11:01:09,089 - Log4JLogSystem initialized using logfile velocity.log
2016-07-15 11:01:09,090 - ************************************************************** 
2016-07-15 11:01:09,090 - Starting Jakarta Velocity v1.4
2016-07-15 11:01:09,090 - RuntimeInstance initializing.
2016-07-15 11:01:09,090 - Default Properties File: org\apache\velocity\runtime\defaults\velocity.properties
2016-07-15 11:01:09,090 - Trying to use logger class middlegen.DontCloseLog4JLogSystem
2016-07-15 11:01:09,090 - Using logger class middlegen.DontCloseLog4JLogSystem
2016-07-15 11:01:09,092 - Default ResourceManager initializing. (class org.apache.velocity.runtime.resource.ResourceManagerImpl)
2016-07-15 11:01:09,095 - Resource Loader Instantiated: middlegen.KindFileResourceLoader
2016-07-15 11:01:09,095 - FileResourceLoader : initialization starting.
2016-07-15 11:01:09,095 - FileResourceLoader : adding path 'templates/mergedir'
2016-07-15 11:01:09,095 - FileResourceLoader : initialization complete.
2016-07-15 11:01:09,095 - ClasspathResourceLoader : initialization starting.
2016-07-15 11:01:09,095 - ClasspathResourceLoader : initialization complete.
2016-07-15 11:01:09,096 - ResourceCache : initialized. (class org.apache.velocity.runtime.resource.ResourceCacheImpl)
2016-07-15 11:01:09,096 - Default ResourceManager initialization complete.
2016-07-15 11:01:09,097 - Loaded System Directive: org.apache.velocity.runtime.directive.Literal
2016-07-15 11:01:09,098 - Loaded System Directive: org.apache.velocity.runtime.directive.Macro
2016-07-15 11:01:09,099 - Loaded System Directive: org.apache.velocity.runtime.directive.Parse
2016-07-15 11:01:09,100 - Loaded System Directive: org.apache.velocity.runtime.directive.Include
2016-07-15 11:01:09,101 - Loaded System Directive: org.apache.velocity.runtime.directive.Foreach
2016-07-15 11:01:09,117 - Created: 20 parsers.
2016-07-15 11:01:09,122 - Velocimacro : initialization starting.
2016-07-15 11:01:09,122 - Velocimacro : adding VMs from VM library template : VM_global_library.vm
2016-07-15 11:01:09,124 - KindFileResourceLoader : file loader failed to load: VM_global_library.vm
2016-07-15 11:01:09,126 - ResourceManager : found VM_global_library.vm with loader middlegen.KindFileResourceLoader
2016-07-15 11:01:09,127 - Velocimacro :  VM library template macro registration complete.
2016-07-15 11:01:09,127 - Velocimacro : allowInline = true : VMs can be defined inline in templates
2016-07-15 11:01:09,127 - Velocimacro : allowInlineToOverride = false : VMs defined inline may NOT replace previous VM definitions
2016-07-15 11:01:09,127 - Velocimacro : allowInlineLocal = false : VMs defined inline will be  global in scope if allowed.
2016-07-15 11:01:09,127 - Velocimacro : messages on  : VM system will output logging messages
2016-07-15 11:01:09,127 - Velocimacro : autoload off  : VM system will not automatically reload global library macros
2016-07-15 11:01:09,127 - Velocimacro : initialization complete.
2016-07-15 11:01:09,127 - Velocity successfully started.
2016-07-15 11:01:09,209 - ResourceManager : found copyright.vm with loader middlegen.KindFileResourceLoader
2016-07-15 11:01:09,254 - ResourceManager : found description-java.vm with loader middlegen.KindFileResourceLoader
2016-07-15 11:01:09,273 - ResourceManager : found do-fields.vm with loader middlegen.KindFileResourceLoader
2016-07-15 11:01:09,284 - ResourceManager : found copyright.vm with loader middlegen.KindFileResourceLoader
2016-07-15 11:01:09,285 - ResourceManager : found description-java.vm with loader middlegen.KindFileResourceLoader
2016-07-15 11:01:09,294 - ResourceManager : found operation/op-insert.vm with loader middlegen.KindFileResourceLoader
2016-07-15 11:01:09,295 - ResourceManager : found operation/op-javadoc.vm with loader middlegen.KindFileResourceLoader
2016-07-15 11:01:09,298 - ResourceManager : found operation/op-signature.vm with loader middlegen.KindFileResourceLoader
2016-07-15 11:01:09,299 - ResourceManager : found operation/op-update.vm with loader middlegen.KindFileResourceLoader
2016-07-15 11:01:09,300 - ResourceManager : found operation/op-javadoc.vm with loader middlegen.KindFileResourceLoader
2016-07-15 11:01:09,301 - ResourceManager : found operation/op-signature.vm with loader middlegen.KindFileResourceLoader
2016-07-15 11:01:09,303 - ResourceManager : found operation/op-select.vm with loader middlegen.KindFileResourceLoader
2016-07-15 11:01:09,304 - ResourceManager : found operation/op-javadoc.vm with loader middlegen.KindFileResourceLoader
2016-07-15 11:01:09,305 - ResourceManager : found operation/op-signature.vm with loader middlegen.KindFileResourceLoader
2016-07-15 11:01:09,305 - ResourceManager : found operation/op-select.vm with loader middlegen.KindFileResourceLoader
2016-07-15 11:01:09,307 - ResourceManager : found operation/op-javadoc.vm with loader middlegen.KindFileResourceLoader
2016-07-15 11:01:09,308 - ResourceManager : found operation/op-signature.vm with loader middlegen.KindFileResourceLoader
2016-07-15 11:01:09,309 - ResourceManager : found operation/op-select.vm with loader middlegen.KindFileResourceLoader
2016-07-15 11:01:09,309 - ResourceManager : found operation/op-javadoc.vm with loader middlegen.KindFileResourceLoader
2016-07-15 11:01:09,310 - ResourceManager : found operation/op-signature.vm with loader middlegen.KindFileResourceLoader
2016-07-15 11:01:09,362 - ResourceManager : found copyright.vm with loader middlegen.KindFileResourceLoader
2016-07-15 11:01:09,363 - ResourceManager : found description-java.vm with loader middlegen.KindFileResourceLoader
2016-07-15 11:01:09,363 - ResourceManager : found operation/op-insert.vm with loader middlegen.KindFileResourceLoader
2016-07-15 11:01:09,364 - ResourceManager : found operation/op-javadoc.vm with loader middlegen.KindFileResourceLoader
2016-07-15 11:01:09,365 - ResourceManager : found operation/op-signature.vm with loader middlegen.KindFileResourceLoader
2016-07-15 11:01:09,366 - ResourceManager : found operation/opbody-insert.vm with loader middlegen.KindFileResourceLoader
2016-07-15 11:01:09,366 - ResourceManager : found operation/op-update.vm with loader middlegen.KindFileResourceLoader
2016-07-15 11:01:09,367 - ResourceManager : found operation/op-javadoc.vm with loader middlegen.KindFileResourceLoader
2016-07-15 11:01:09,368 - ResourceManager : found operation/op-signature.vm with loader middlegen.KindFileResourceLoader
2016-07-15 11:01:09,380 - ResourceManager : found operation/opbody-update.vm with loader middlegen.KindFileResourceLoader
2016-07-15 11:01:09,381 - ResourceManager : found operation/op-select.vm with loader middlegen.KindFileResourceLoader
2016-07-15 11:01:09,389 - ResourceManager : found operation/op-javadoc.vm with loader middlegen.KindFileResourceLoader
2016-07-15 11:01:09,390 - ResourceManager : found operation/op-signature.vm with loader middlegen.KindFileResourceLoader
2016-07-15 11:01:09,401 - ResourceManager : found operation/opbody-select.vm with loader middlegen.KindFileResourceLoader
2016-07-15 11:01:09,402 - ResourceManager : found operation/op-select.vm with loader middlegen.KindFileResourceLoader
2016-07-15 11:01:09,403 - ResourceManager : found operation/op-javadoc.vm with loader middlegen.KindFileResourceLoader
2016-07-15 11:01:09,404 - ResourceManager : found operation/op-signature.vm with loader middlegen.KindFileResourceLoader
2016-07-15 11:01:09,407 - ResourceManager : found operation/opbody-select.vm with loader middlegen.KindFileResourceLoader
2016-07-15 11:01:09,408 - ResourceManager : found operation/op-select.vm with loader middlegen.KindFileResourceLoader
2016-07-15 11:01:09,408 - ResourceManager : found operation/op-javadoc.vm with loader middlegen.KindFileResourceLoader
2016-07-15 11:01:09,409 - ResourceManager : found operation/op-signature.vm with loader middlegen.KindFileResourceLoader
2016-07-15 11:01:09,413 - ResourceManager : found operation/opbody-select.vm with loader middlegen.KindFileResourceLoader
2016-07-15 11:01:09,424 - ResourceManager : found description-xml.vm with loader middlegen.KindFileResourceLoader
2016-07-18 15:03:58,224 - Log4JLogSystem initialized using logfile velocity.log
2016-07-18 15:03:58,263 - ************************************************************** 
2016-07-18 15:03:58,263 - Starting Jakarta Velocity v1.4
2016-07-18 15:03:58,263 - RuntimeInstance initializing.
2016-07-18 15:03:58,263 - Default Properties File: org\apache\velocity\runtime\defaults\velocity.properties
2016-07-18 15:03:58,263 - Trying to use logger class middlegen.DontCloseLog4JLogSystem
2016-07-18 15:03:58,263 - Using logger class middlegen.DontCloseLog4JLogSystem
2016-07-18 15:03:58,271 - Default ResourceManager initializing. (class org.apache.velocity.runtime.resource.ResourceManagerImpl)
2016-07-18 15:03:58,285 - Resource Loader Instantiated: middlegen.KindFileResourceLoader
2016-07-18 15:03:58,285 - FileResourceLoader : initialization starting.
2016-07-18 15:03:58,285 - FileResourceLoader : adding path 'templates/mergedir'
2016-07-18 15:03:58,285 - FileResourceLoader : initialization complete.
2016-07-18 15:03:58,286 - ClasspathResourceLoader : initialization starting.
2016-07-18 15:03:58,286 - ClasspathResourceLoader : initialization complete.
2016-07-18 15:03:58,290 - ResourceCache : initialized. (class org.apache.velocity.runtime.resource.ResourceCacheImpl)
2016-07-18 15:03:58,290 - Default ResourceManager initialization complete.
2016-07-18 15:03:58,292 - Loaded System Directive: org.apache.velocity.runtime.directive.Literal
2016-07-18 15:03:58,295 - Loaded System Directive: org.apache.velocity.runtime.directive.Macro
2016-07-18 15:03:58,298 - Loaded System Directive: org.apache.velocity.runtime.directive.Parse
2016-07-18 15:03:58,300 - Loaded System Directive: org.apache.velocity.runtime.directive.Include
2016-07-18 15:03:58,302 - Loaded System Directive: org.apache.velocity.runtime.directive.Foreach
2016-07-18 15:03:58,331 - Created: 20 parsers.
2016-07-18 15:03:58,335 - Velocimacro : initialization starting.
2016-07-18 15:03:58,335 - Velocimacro : adding VMs from VM library template : VM_global_library.vm
2016-07-18 15:03:58,336 - KindFileResourceLoader : file loader failed to load: VM_global_library.vm
2016-07-18 15:03:58,339 - ResourceManager : found VM_global_library.vm with loader middlegen.KindFileResourceLoader
2016-07-18 15:03:58,339 - Velocimacro :  VM library template macro registration complete.
2016-07-18 15:03:58,339 - Velocimacro : allowInline = true : VMs can be defined inline in templates
2016-07-18 15:03:58,339 - Velocimacro : allowInlineToOverride = false : VMs defined inline may NOT replace previous VM definitions
2016-07-18 15:03:58,340 - Velocimacro : allowInlineLocal = false : VMs defined inline will be  global in scope if allowed.
2016-07-18 15:03:58,340 - Velocimacro : messages on  : VM system will output logging messages
2016-07-18 15:03:58,340 - Velocimacro : autoload off  : VM system will not automatically reload global library macros
2016-07-18 15:03:58,340 - Velocimacro : initialization complete.
2016-07-18 15:03:58,340 - Velocity successfully started.
2016-07-18 15:03:58,625 - ResourceManager : found copyright.vm with loader middlegen.KindFileResourceLoader
2016-07-18 15:03:58,671 - ResourceManager : found description-java.vm with loader middlegen.KindFileResourceLoader
2016-07-18 15:03:58,679 - ResourceManager : found do-fields.vm with loader middlegen.KindFileResourceLoader
2016-07-18 15:03:58,731 - ResourceManager : found copyright.vm with loader middlegen.KindFileResourceLoader
2016-07-18 15:03:58,732 - ResourceManager : found description-java.vm with loader middlegen.KindFileResourceLoader
2016-07-18 15:03:58,759 - ResourceManager : found operation/op-insert.vm with loader middlegen.KindFileResourceLoader
2016-07-18 15:03:58,761 - ResourceManager : found operation/op-javadoc.vm with loader middlegen.KindFileResourceLoader
2016-07-18 15:03:58,765 - ResourceManager : found operation/op-signature.vm with loader middlegen.KindFileResourceLoader
2016-07-18 15:03:58,767 - ResourceManager : found operation/op-update.vm with loader middlegen.KindFileResourceLoader
2016-07-18 15:03:58,768 - ResourceManager : found operation/op-javadoc.vm with loader middlegen.KindFileResourceLoader
2016-07-18 15:03:58,770 - ResourceManager : found operation/op-signature.vm with loader middlegen.KindFileResourceLoader
2016-07-18 15:03:58,772 - ResourceManager : found operation/op-select.vm with loader middlegen.KindFileResourceLoader
2016-07-18 15:03:58,772 - ResourceManager : found operation/op-javadoc.vm with loader middlegen.KindFileResourceLoader
2016-07-18 15:03:58,773 - ResourceManager : found operation/op-signature.vm with loader middlegen.KindFileResourceLoader
2016-07-18 15:03:58,774 - ResourceManager : found operation/op-select.vm with loader middlegen.KindFileResourceLoader
2016-07-18 15:03:58,775 - ResourceManager : found operation/op-javadoc.vm with loader middlegen.KindFileResourceLoader
2016-07-18 15:03:58,776 - ResourceManager : found operation/op-signature.vm with loader middlegen.KindFileResourceLoader
2016-07-18 15:03:58,777 - ResourceManager : found operation/op-select.vm with loader middlegen.KindFileResourceLoader
2016-07-18 15:03:58,778 - ResourceManager : found operation/op-javadoc.vm with loader middlegen.KindFileResourceLoader
2016-07-18 15:03:58,779 - ResourceManager : found operation/op-signature.vm with loader middlegen.KindFileResourceLoader
2016-07-18 15:03:58,940 - ResourceManager : found copyright.vm with loader middlegen.KindFileResourceLoader
2016-07-18 15:03:58,941 - ResourceManager : found description-java.vm with loader middlegen.KindFileResourceLoader
2016-07-18 15:03:58,942 - ResourceManager : found operation/op-insert.vm with loader middlegen.KindFileResourceLoader
2016-07-18 15:03:58,943 - ResourceManager : found operation/op-javadoc.vm with loader middlegen.KindFileResourceLoader
2016-07-18 15:03:58,944 - ResourceManager : found operation/op-signature.vm with loader middlegen.KindFileResourceLoader
2016-07-18 15:03:58,946 - ResourceManager : found operation/opbody-insert.vm with loader middlegen.KindFileResourceLoader
2016-07-18 15:03:58,947 - ResourceManager : found operation/op-update.vm with loader middlegen.KindFileResourceLoader
2016-07-18 15:03:58,948 - ResourceManager : found operation/op-javadoc.vm with loader middlegen.KindFileResourceLoader
2016-07-18 15:03:58,949 - ResourceManager : found operation/op-signature.vm with loader middlegen.KindFileResourceLoader
2016-07-18 15:03:58,995 - ResourceManager : found operation/opbody-update.vm with loader middlegen.KindFileResourceLoader
2016-07-18 15:03:59,000 - ResourceManager : found operation/op-select.vm with loader middlegen.KindFileResourceLoader
2016-07-18 15:03:59,023 - ResourceManager : found operation/op-javadoc.vm with loader middlegen.KindFileResourceLoader
2016-07-18 15:03:59,025 - ResourceManager : found operation/op-signature.vm with loader middlegen.KindFileResourceLoader
2016-07-18 15:03:59,089 - ResourceManager : found operation/opbody-select.vm with loader middlegen.KindFileResourceLoader
2016-07-18 15:03:59,092 - ResourceManager : found operation/op-select.vm with loader middlegen.KindFileResourceLoader
2016-07-18 15:03:59,095 - ResourceManager : found operation/op-javadoc.vm with loader middlegen.KindFileResourceLoader
2016-07-18 15:03:59,100 - ResourceManager : found operation/op-signature.vm with loader middlegen.KindFileResourceLoader
2016-07-18 15:03:59,106 - ResourceManager : found operation/opbody-select.vm with loader middlegen.KindFileResourceLoader
2016-07-18 15:03:59,108 - ResourceManager : found operation/op-select.vm with loader middlegen.KindFileResourceLoader
2016-07-18 15:03:59,109 - ResourceManager : found operation/op-javadoc.vm with loader middlegen.KindFileResourceLoader
2016-07-18 15:03:59,111 - ResourceManager : found operation/op-signature.vm with loader middlegen.KindFileResourceLoader
2016-07-18 15:03:59,118 - ResourceManager : found operation/opbody-select.vm with loader middlegen.KindFileResourceLoader
2016-07-18 15:03:59,211 - ResourceManager : found description-xml.vm with loader middlegen.KindFileResourceLoader
2016-07-18 15:37:27,888 - Log4JLogSystem initialized using logfile velocity.log
2016-07-18 15:37:27,889 - ************************************************************** 
2016-07-18 15:37:27,889 - Starting Jakarta Velocity v1.4
2016-07-18 15:37:27,889 - RuntimeInstance initializing.
2016-07-18 15:37:27,889 - Default Properties File: org\apache\velocity\runtime\defaults\velocity.properties
2016-07-18 15:37:27,889 - Trying to use logger class middlegen.DontCloseLog4JLogSystem
2016-07-18 15:37:27,889 - Using logger class middlegen.DontCloseLog4JLogSystem
2016-07-18 15:37:27,891 - Default ResourceManager initializing. (class org.apache.velocity.runtime.resource.ResourceManagerImpl)
2016-07-18 15:37:27,894 - Resource Loader Instantiated: middlegen.KindFileResourceLoader
2016-07-18 15:37:27,895 - FileResourceLoader : initialization starting.
2016-07-18 15:37:27,895 - FileResourceLoader : adding path 'templates/mergedir'
2016-07-18 15:37:27,895 - FileResourceLoader : initialization complete.
2016-07-18 15:37:27,895 - ClasspathResourceLoader : initialization starting.
2016-07-18 15:37:27,895 - ClasspathResourceLoader : initialization complete.
2016-07-18 15:37:27,896 - ResourceCache : initialized. (class org.apache.velocity.runtime.resource.ResourceCacheImpl)
2016-07-18 15:37:27,896 - Default ResourceManager initialization complete.
2016-07-18 15:37:27,896 - Loaded System Directive: org.apache.velocity.runtime.directive.Literal
2016-07-18 15:37:27,897 - Loaded System Directive: org.apache.velocity.runtime.directive.Macro
2016-07-18 15:37:27,899 - Loaded System Directive: org.apache.velocity.runtime.directive.Parse
2016-07-18 15:37:27,902 - Loaded System Directive: org.apache.velocity.runtime.directive.Include
2016-07-18 15:37:27,903 - Loaded System Directive: org.apache.velocity.runtime.directive.Foreach
2016-07-18 15:37:27,920 - Created: 20 parsers.
2016-07-18 15:37:27,925 - Velocimacro : initialization starting.
2016-07-18 15:37:27,925 - Velocimacro : adding VMs from VM library template : VM_global_library.vm
2016-07-18 15:37:27,927 - KindFileResourceLoader : file loader failed to load: VM_global_library.vm
2016-07-18 15:37:27,931 - ResourceManager : found VM_global_library.vm with loader middlegen.KindFileResourceLoader
2016-07-18 15:37:27,931 - Velocimacro :  VM library template macro registration complete.
2016-07-18 15:37:27,931 - Velocimacro : allowInline = true : VMs can be defined inline in templates
2016-07-18 15:37:27,931 - Velocimacro : allowInlineToOverride = false : VMs defined inline may NOT replace previous VM definitions
2016-07-18 15:37:27,931 - Velocimacro : allowInlineLocal = false : VMs defined inline will be  global in scope if allowed.
2016-07-18 15:37:27,931 - Velocimacro : messages on  : VM system will output logging messages
2016-07-18 15:37:27,931 - Velocimacro : autoload off  : VM system will not automatically reload global library macros
2016-07-18 15:37:27,931 - Velocimacro : initialization complete.
2016-07-18 15:37:27,931 - Velocity successfully started.
2016-07-18 15:37:27,992 - ResourceManager : found copyright.vm with loader middlegen.KindFileResourceLoader
2016-07-18 15:37:27,999 - ResourceManager : found description-java.vm with loader middlegen.KindFileResourceLoader
2016-07-18 15:37:28,003 - ResourceManager : found do-fields.vm with loader middlegen.KindFileResourceLoader
2016-07-18 15:37:28,009 - ResourceManager : found copyright.vm with loader middlegen.KindFileResourceLoader
2016-07-18 15:37:28,009 - ResourceManager : found description-java.vm with loader middlegen.KindFileResourceLoader
2016-07-18 15:37:28,010 - ResourceManager : found operation/op-insert.vm with loader middlegen.KindFileResourceLoader
2016-07-18 15:37:28,011 - ResourceManager : found operation/op-javadoc.vm with loader middlegen.KindFileResourceLoader
2016-07-18 15:37:28,013 - ResourceManager : found operation/op-signature.vm with loader middlegen.KindFileResourceLoader
2016-07-18 15:37:28,015 - ResourceManager : found operation/op-update.vm with loader middlegen.KindFileResourceLoader
2016-07-18 15:37:28,016 - ResourceManager : found operation/op-javadoc.vm with loader middlegen.KindFileResourceLoader
2016-07-18 15:37:28,017 - ResourceManager : found operation/op-signature.vm with loader middlegen.KindFileResourceLoader
2016-07-18 15:37:28,019 - ResourceManager : found operation/op-select.vm with loader middlegen.KindFileResourceLoader
2016-07-18 15:37:28,020 - ResourceManager : found operation/op-javadoc.vm with loader middlegen.KindFileResourceLoader
2016-07-18 15:37:28,021 - ResourceManager : found operation/op-signature.vm with loader middlegen.KindFileResourceLoader
2016-07-18 15:37:28,022 - ResourceManager : found operation/op-unknown.vm with loader middlegen.KindFileResourceLoader
2016-07-18 15:37:28,022 - ResourceManager : found operation/op-select.vm with loader middlegen.KindFileResourceLoader
2016-07-18 15:37:28,023 - ResourceManager : found operation/op-javadoc.vm with loader middlegen.KindFileResourceLoader
2016-07-18 15:37:28,024 - ResourceManager : found operation/op-signature.vm with loader middlegen.KindFileResourceLoader
2016-07-18 15:37:28,025 - ResourceManager : found operation/op-select.vm with loader middlegen.KindFileResourceLoader
2016-07-18 15:37:28,025 - ResourceManager : found operation/op-javadoc.vm with loader middlegen.KindFileResourceLoader
2016-07-18 15:37:28,027 - ResourceManager : found operation/op-signature.vm with loader middlegen.KindFileResourceLoader
2016-07-18 15:37:28,042 - ResourceManager : found copyright.vm with loader middlegen.KindFileResourceLoader
2016-07-18 15:37:28,042 - ResourceManager : found description-java.vm with loader middlegen.KindFileResourceLoader
2016-07-18 15:37:28,043 - ResourceManager : found operation/op-insert.vm with loader middlegen.KindFileResourceLoader
2016-07-18 15:37:28,044 - ResourceManager : found operation/op-javadoc.vm with loader middlegen.KindFileResourceLoader
2016-07-18 15:37:28,044 - ResourceManager : found operation/op-signature.vm with loader middlegen.KindFileResourceLoader
2016-07-18 15:37:28,045 - ResourceManager : found operation/opbody-insert.vm with loader middlegen.KindFileResourceLoader
2016-07-18 15:37:28,046 - ResourceManager : found operation/op-update.vm with loader middlegen.KindFileResourceLoader
2016-07-18 15:37:28,046 - ResourceManager : found operation/op-javadoc.vm with loader middlegen.KindFileResourceLoader
2016-07-18 15:37:28,047 - ResourceManager : found operation/op-signature.vm with loader middlegen.KindFileResourceLoader
2016-07-18 15:37:28,049 - ResourceManager : found operation/opbody-update.vm with loader middlegen.KindFileResourceLoader
2016-07-18 15:37:28,053 - ResourceManager : found operation/op-select.vm with loader middlegen.KindFileResourceLoader
2016-07-18 15:37:28,054 - ResourceManager : found operation/op-javadoc.vm with loader middlegen.KindFileResourceLoader
2016-07-18 15:37:28,055 - ResourceManager : found operation/op-signature.vm with loader middlegen.KindFileResourceLoader
2016-07-18 15:37:28,059 - ResourceManager : found operation/opbody-select.vm with loader middlegen.KindFileResourceLoader
2016-07-18 15:37:28,060 - ResourceManager : found operation/op-unknown.vm with loader middlegen.KindFileResourceLoader
2016-07-18 15:37:28,060 - ResourceManager : found operation/opbody-unknown.vm with loader middlegen.KindFileResourceLoader
2016-07-18 15:37:28,060 - ResourceManager : found operation/op-select.vm with loader middlegen.KindFileResourceLoader
2016-07-18 15:37:28,061 - ResourceManager : found operation/op-javadoc.vm with loader middlegen.KindFileResourceLoader
2016-07-18 15:37:28,062 - ResourceManager : found operation/op-signature.vm with loader middlegen.KindFileResourceLoader
2016-07-18 15:37:28,065 - ResourceManager : found operation/opbody-select.vm with loader middlegen.KindFileResourceLoader
2016-07-18 15:37:28,066 - ResourceManager : found operation/op-select.vm with loader middlegen.KindFileResourceLoader
2016-07-18 15:37:28,067 - ResourceManager : found operation/op-javadoc.vm with loader middlegen.KindFileResourceLoader
2016-07-18 15:37:28,068 - ResourceManager : found operation/op-signature.vm with loader middlegen.KindFileResourceLoader
2016-07-18 15:37:28,072 - ResourceManager : found operation/opbody-select.vm with loader middlegen.KindFileResourceLoader
2016-07-18 15:37:28,080 - ResourceManager : found description-xml.vm with loader middlegen.KindFileResourceLoader
2016-07-18 15:37:28,082 - Method getMappedStatementSql threw exception for reference $operation in template middlegen at  [92,9]
2016-07-18 15:38:06,181 - Log4JLogSystem initialized using logfile velocity.log
2016-07-18 15:38:06,181 - ************************************************************** 
2016-07-18 15:38:06,181 - Starting Jakarta Velocity v1.4
2016-07-18 15:38:06,181 - RuntimeInstance initializing.
2016-07-18 15:38:06,181 - Default Properties File: org\apache\velocity\runtime\defaults\velocity.properties
2016-07-18 15:38:06,181 - Trying to use logger class middlegen.DontCloseLog4JLogSystem
2016-07-18 15:38:06,181 - Using logger class middlegen.DontCloseLog4JLogSystem
2016-07-18 15:38:06,183 - Default ResourceManager initializing. (class org.apache.velocity.runtime.resource.ResourceManagerImpl)
2016-07-18 15:38:06,186 - Resource Loader Instantiated: middlegen.KindFileResourceLoader
2016-07-18 15:38:06,186 - FileResourceLoader : initialization starting.
2016-07-18 15:38:06,186 - FileResourceLoader : adding path 'templates/mergedir'
2016-07-18 15:38:06,186 - FileResourceLoader : initialization complete.
2016-07-18 15:38:06,186 - ClasspathResourceLoader : initialization starting.
2016-07-18 15:38:06,186 - ClasspathResourceLoader : initialization complete.
2016-07-18 15:38:06,187 - ResourceCache : initialized. (class org.apache.velocity.runtime.resource.ResourceCacheImpl)
2016-07-18 15:38:06,188 - Default ResourceManager initialization complete.
2016-07-18 15:38:06,188 - Loaded System Directive: org.apache.velocity.runtime.directive.Literal
2016-07-18 15:38:06,189 - Loaded System Directive: org.apache.velocity.runtime.directive.Macro
2016-07-18 15:38:06,190 - Loaded System Directive: org.apache.velocity.runtime.directive.Parse
2016-07-18 15:38:06,192 - Loaded System Directive: org.apache.velocity.runtime.directive.Include
2016-07-18 15:38:06,192 - Loaded System Directive: org.apache.velocity.runtime.directive.Foreach
2016-07-18 15:38:06,212 - Created: 20 parsers.
2016-07-18 15:38:06,219 - Velocimacro : initialization starting.
2016-07-18 15:38:06,219 - Velocimacro : adding VMs from VM library template : VM_global_library.vm
2016-07-18 15:38:06,221 - KindFileResourceLoader : file loader failed to load: VM_global_library.vm
2016-07-18 15:38:06,226 - ResourceManager : found VM_global_library.vm with loader middlegen.KindFileResourceLoader
2016-07-18 15:38:06,227 - Velocimacro :  VM library template macro registration complete.
2016-07-18 15:38:06,227 - Velocimacro : allowInline = true : VMs can be defined inline in templates
2016-07-18 15:38:06,227 - Velocimacro : allowInlineToOverride = false : VMs defined inline may NOT replace previous VM definitions
2016-07-18 15:38:06,227 - Velocimacro : allowInlineLocal = false : VMs defined inline will be  global in scope if allowed.
2016-07-18 15:38:06,227 - Velocimacro : messages on  : VM system will output logging messages
2016-07-18 15:38:06,227 - Velocimacro : autoload off  : VM system will not automatically reload global library macros
2016-07-18 15:38:06,227 - Velocimacro : initialization complete.
2016-07-18 15:38:06,227 - Velocity successfully started.
2016-07-18 15:38:06,292 - ResourceManager : found copyright.vm with loader middlegen.KindFileResourceLoader
2016-07-18 15:38:06,300 - ResourceManager : found description-java.vm with loader middlegen.KindFileResourceLoader
2016-07-18 15:38:06,304 - ResourceManager : found do-fields.vm with loader middlegen.KindFileResourceLoader
2016-07-18 15:38:06,311 - ResourceManager : found copyright.vm with loader middlegen.KindFileResourceLoader
2016-07-18 15:38:06,311 - ResourceManager : found description-java.vm with loader middlegen.KindFileResourceLoader
2016-07-18 15:38:06,312 - ResourceManager : found operation/op-insert.vm with loader middlegen.KindFileResourceLoader
2016-07-18 15:38:06,313 - ResourceManager : found operation/op-javadoc.vm with loader middlegen.KindFileResourceLoader
2016-07-18 15:38:06,320 - ResourceManager : found operation/op-signature.vm with loader middlegen.KindFileResourceLoader
2016-07-18 15:38:06,321 - ResourceManager : found operation/op-update.vm with loader middlegen.KindFileResourceLoader
2016-07-18 15:38:06,322 - ResourceManager : found operation/op-javadoc.vm with loader middlegen.KindFileResourceLoader
2016-07-18 15:38:06,323 - ResourceManager : found operation/op-signature.vm with loader middlegen.KindFileResourceLoader
2016-07-18 15:38:06,324 - ResourceManager : found operation/op-select.vm with loader middlegen.KindFileResourceLoader
2016-07-18 15:38:06,325 - ResourceManager : found operation/op-javadoc.vm with loader middlegen.KindFileResourceLoader
2016-07-18 15:38:06,332 - ResourceManager : found operation/op-signature.vm with loader middlegen.KindFileResourceLoader
2016-07-18 15:38:06,333 - ResourceManager : found operation/op-delete.vm with loader middlegen.KindFileResourceLoader
2016-07-18 15:38:06,334 - ResourceManager : found operation/op-javadoc.vm with loader middlegen.KindFileResourceLoader
2016-07-18 15:38:06,337 - ResourceManager : found operation/op-signature.vm with loader middlegen.KindFileResourceLoader
2016-07-18 15:38:06,338 - ResourceManager : found operation/op-select.vm with loader middlegen.KindFileResourceLoader
2016-07-18 15:38:06,341 - ResourceManager : found operation/op-javadoc.vm with loader middlegen.KindFileResourceLoader
2016-07-18 15:38:06,343 - ResourceManager : found operation/op-signature.vm with loader middlegen.KindFileResourceLoader
2016-07-18 15:38:06,344 - ResourceManager : found operation/op-select.vm with loader middlegen.KindFileResourceLoader
2016-07-18 15:38:06,345 - ResourceManager : found operation/op-javadoc.vm with loader middlegen.KindFileResourceLoader
2016-07-18 15:38:06,346 - ResourceManager : found operation/op-signature.vm with loader middlegen.KindFileResourceLoader
2016-07-18 15:38:06,367 - ResourceManager : found copyright.vm with loader middlegen.KindFileResourceLoader
2016-07-18 15:38:06,368 - ResourceManager : found description-java.vm with loader middlegen.KindFileResourceLoader
2016-07-18 15:38:06,369 - ResourceManager : found operation/op-insert.vm with loader middlegen.KindFileResourceLoader
2016-07-18 15:38:06,370 - ResourceManager : found operation/op-javadoc.vm with loader middlegen.KindFileResourceLoader
2016-07-18 15:38:06,371 - ResourceManager : found operation/op-signature.vm with loader middlegen.KindFileResourceLoader
2016-07-18 15:38:06,372 - ResourceManager : found operation/opbody-insert.vm with loader middlegen.KindFileResourceLoader
2016-07-18 15:38:06,373 - ResourceManager : found operation/op-update.vm with loader middlegen.KindFileResourceLoader
2016-07-18 15:38:06,374 - ResourceManager : found operation/op-javadoc.vm with loader middlegen.KindFileResourceLoader
2016-07-18 15:38:06,375 - ResourceManager : found operation/op-signature.vm with loader middlegen.KindFileResourceLoader
2016-07-18 15:38:06,379 - ResourceManager : found operation/opbody-update.vm with loader middlegen.KindFileResourceLoader
2016-07-18 15:38:06,383 - ResourceManager : found operation/op-select.vm with loader middlegen.KindFileResourceLoader
2016-07-18 15:38:06,384 - ResourceManager : found operation/op-javadoc.vm with loader middlegen.KindFileResourceLoader
2016-07-18 15:38:06,385 - ResourceManager : found operation/op-signature.vm with loader middlegen.KindFileResourceLoader
2016-07-18 15:38:06,391 - ResourceManager : found operation/opbody-select.vm with loader middlegen.KindFileResourceLoader
2016-07-18 15:38:06,392 - ResourceManager : found operation/op-delete.vm with loader middlegen.KindFileResourceLoader
2016-07-18 15:38:06,393 - ResourceManager : found operation/op-javadoc.vm with loader middlegen.KindFileResourceLoader
2016-07-18 15:38:06,394 - ResourceManager : found operation/op-signature.vm with loader middlegen.KindFileResourceLoader
2016-07-18 15:38:06,415 - ResourceManager : found operation/opbody-delete.vm with loader middlegen.KindFileResourceLoader
2016-07-18 15:38:06,416 - ResourceManager : found operation/op-select.vm with loader middlegen.KindFileResourceLoader
2016-07-18 15:38:06,417 - ResourceManager : found operation/op-javadoc.vm with loader middlegen.KindFileResourceLoader
2016-07-18 15:38:06,419 - ResourceManager : found operation/op-signature.vm with loader middlegen.KindFileResourceLoader
2016-07-18 15:38:06,423 - ResourceManager : found operation/opbody-select.vm with loader middlegen.KindFileResourceLoader
2016-07-18 15:38:06,424 - ResourceManager : found operation/op-select.vm with loader middlegen.KindFileResourceLoader
2016-07-18 15:38:06,424 - ResourceManager : found operation/op-javadoc.vm with loader middlegen.KindFileResourceLoader
2016-07-18 15:38:06,425 - ResourceManager : found operation/op-signature.vm with loader middlegen.KindFileResourceLoader
2016-07-18 15:38:06,429 - ResourceManager : found operation/opbody-select.vm with loader middlegen.KindFileResourceLoader
2016-07-18 15:38:06,439 - ResourceManager : found description-xml.vm with loader middlegen.KindFileResourceLoader
2016-07-18 16:35:54,155 - Log4JLogSystem initialized using logfile velocity.log
2016-07-18 16:35:54,155 - ************************************************************** 
2016-07-18 16:35:54,155 - Starting Jakarta Velocity v1.4
2016-07-18 16:35:54,155 - RuntimeInstance initializing.
2016-07-18 16:35:54,155 - Default Properties File: org\apache\velocity\runtime\defaults\velocity.properties
2016-07-18 16:35:54,155 - Trying to use logger class middlegen.DontCloseLog4JLogSystem
2016-07-18 16:35:54,155 - Using logger class middlegen.DontCloseLog4JLogSystem
2016-07-18 16:35:54,157 - Default ResourceManager initializing. (class org.apache.velocity.runtime.resource.ResourceManagerImpl)
2016-07-18 16:35:54,161 - Resource Loader Instantiated: middlegen.KindFileResourceLoader
2016-07-18 16:35:54,161 - FileResourceLoader : initialization starting.
2016-07-18 16:35:54,162 - FileResourceLoader : adding path 'templates/mergedir'
2016-07-18 16:35:54,162 - FileResourceLoader : initialization complete.
2016-07-18 16:35:54,162 - ClasspathResourceLoader : initialization starting.
2016-07-18 16:35:54,162 - ClasspathResourceLoader : initialization complete.
2016-07-18 16:35:54,163 - ResourceCache : initialized. (class org.apache.velocity.runtime.resource.ResourceCacheImpl)
2016-07-18 16:35:54,163 - Default ResourceManager initialization complete.
2016-07-18 16:35:54,165 - Loaded System Directive: org.apache.velocity.runtime.directive.Literal
2016-07-18 16:35:54,166 - Loaded System Directive: org.apache.velocity.runtime.directive.Macro
2016-07-18 16:35:54,168 - Loaded System Directive: org.apache.velocity.runtime.directive.Parse
2016-07-18 16:35:54,169 - Loaded System Directive: org.apache.velocity.runtime.directive.Include
2016-07-18 16:35:54,170 - Loaded System Directive: org.apache.velocity.runtime.directive.Foreach
2016-07-18 16:35:54,189 - Created: 20 parsers.
2016-07-18 16:35:54,194 - Velocimacro : initialization starting.
2016-07-18 16:35:54,194 - Velocimacro : adding VMs from VM library template : VM_global_library.vm
2016-07-18 16:35:54,196 - KindFileResourceLoader : file loader failed to load: VM_global_library.vm
2016-07-18 16:35:54,199 - ResourceManager : found VM_global_library.vm with loader middlegen.KindFileResourceLoader
2016-07-18 16:35:54,199 - Velocimacro :  VM library template macro registration complete.
2016-07-18 16:35:54,199 - Velocimacro : allowInline = true : VMs can be defined inline in templates
2016-07-18 16:35:54,199 - Velocimacro : allowInlineToOverride = false : VMs defined inline may NOT replace previous VM definitions
2016-07-18 16:35:54,199 - Velocimacro : allowInlineLocal = false : VMs defined inline will be  global in scope if allowed.
2016-07-18 16:35:54,199 - Velocimacro : messages on  : VM system will output logging messages
2016-07-18 16:35:54,199 - Velocimacro : autoload off  : VM system will not automatically reload global library macros
2016-07-18 16:35:54,199 - Velocimacro : initialization complete.
2016-07-18 16:35:54,199 - Velocity successfully started.
2016-07-18 16:35:54,264 - ResourceManager : found copyright.vm with loader middlegen.KindFileResourceLoader
2016-07-18 16:35:54,273 - ResourceManager : found description-java.vm with loader middlegen.KindFileResourceLoader
2016-07-18 16:35:54,276 - ResourceManager : found do-fields.vm with loader middlegen.KindFileResourceLoader
2016-07-18 16:35:54,285 - ResourceManager : found copyright.vm with loader middlegen.KindFileResourceLoader
2016-07-18 16:35:54,286 - ResourceManager : found description-java.vm with loader middlegen.KindFileResourceLoader
2016-07-18 16:35:54,287 - ResourceManager : found operation/op-insert.vm with loader middlegen.KindFileResourceLoader
2016-07-18 16:35:54,287 - ResourceManager : found operation/op-javadoc.vm with loader middlegen.KindFileResourceLoader
2016-07-18 16:35:54,289 - ResourceManager : found operation/op-signature.vm with loader middlegen.KindFileResourceLoader
2016-07-18 16:35:54,290 - ResourceManager : found operation/op-update.vm with loader middlegen.KindFileResourceLoader
2016-07-18 16:35:54,291 - ResourceManager : found operation/op-javadoc.vm with loader middlegen.KindFileResourceLoader
2016-07-18 16:35:54,293 - ResourceManager : found operation/op-signature.vm with loader middlegen.KindFileResourceLoader
2016-07-18 16:35:54,294 - ResourceManager : found operation/op-select.vm with loader middlegen.KindFileResourceLoader
2016-07-18 16:35:54,295 - ResourceManager : found operation/op-javadoc.vm with loader middlegen.KindFileResourceLoader
2016-07-18 16:35:54,296 - ResourceManager : found operation/op-signature.vm with loader middlegen.KindFileResourceLoader
2016-07-18 16:35:54,297 - ResourceManager : found operation/op-delete.vm with loader middlegen.KindFileResourceLoader
2016-07-18 16:35:54,297 - ResourceManager : found operation/op-javadoc.vm with loader middlegen.KindFileResourceLoader
2016-07-18 16:35:54,299 - ResourceManager : found operation/op-signature.vm with loader middlegen.KindFileResourceLoader
2016-07-18 16:35:54,299 - ResourceManager : found operation/op-select.vm with loader middlegen.KindFileResourceLoader
2016-07-18 16:35:54,300 - ResourceManager : found operation/op-javadoc.vm with loader middlegen.KindFileResourceLoader
2016-07-18 16:35:54,301 - ResourceManager : found operation/op-signature.vm with loader middlegen.KindFileResourceLoader
2016-07-18 16:35:54,302 - ResourceManager : found operation/op-select.vm with loader middlegen.KindFileResourceLoader
2016-07-18 16:35:54,302 - ResourceManager : found operation/op-javadoc.vm with loader middlegen.KindFileResourceLoader
2016-07-18 16:35:54,304 - ResourceManager : found operation/op-signature.vm with loader middlegen.KindFileResourceLoader
2016-07-18 16:35:54,324 - ResourceManager : found copyright.vm with loader middlegen.KindFileResourceLoader
2016-07-18 16:35:54,325 - ResourceManager : found description-java.vm with loader middlegen.KindFileResourceLoader
2016-07-18 16:35:54,326 - ResourceManager : found operation/op-insert.vm with loader middlegen.KindFileResourceLoader
2016-07-18 16:35:54,326 - ResourceManager : found operation/op-javadoc.vm with loader middlegen.KindFileResourceLoader
2016-07-18 16:35:54,327 - ResourceManager : found operation/op-signature.vm with loader middlegen.KindFileResourceLoader
2016-07-18 16:35:54,328 - ResourceManager : found operation/opbody-insert.vm with loader middlegen.KindFileResourceLoader
2016-07-18 16:35:54,329 - ResourceManager : found operation/op-update.vm with loader middlegen.KindFileResourceLoader
2016-07-18 16:35:54,330 - ResourceManager : found operation/op-javadoc.vm with loader middlegen.KindFileResourceLoader
2016-07-18 16:35:54,331 - ResourceManager : found operation/op-signature.vm with loader middlegen.KindFileResourceLoader
2016-07-18 16:35:54,333 - ResourceManager : found operation/opbody-update.vm with loader middlegen.KindFileResourceLoader
2016-07-18 16:35:54,335 - ResourceManager : found operation/op-select.vm with loader middlegen.KindFileResourceLoader
2016-07-18 16:35:54,335 - ResourceManager : found operation/op-javadoc.vm with loader middlegen.KindFileResourceLoader
2016-07-18 16:35:54,337 - ResourceManager : found operation/op-signature.vm with loader middlegen.KindFileResourceLoader
2016-07-18 16:35:54,340 - ResourceManager : found operation/opbody-select.vm with loader middlegen.KindFileResourceLoader
2016-07-18 16:35:54,342 - ResourceManager : found operation/op-delete.vm with loader middlegen.KindFileResourceLoader
2016-07-18 16:35:54,343 - ResourceManager : found operation/op-javadoc.vm with loader middlegen.KindFileResourceLoader
2016-07-18 16:35:54,344 - ResourceManager : found operation/op-signature.vm with loader middlegen.KindFileResourceLoader
2016-07-18 16:35:54,346 - ResourceManager : found operation/opbody-delete.vm with loader middlegen.KindFileResourceLoader
2016-07-18 16:35:54,347 - ResourceManager : found operation/op-select.vm with loader middlegen.KindFileResourceLoader
2016-07-18 16:35:54,347 - ResourceManager : found operation/op-javadoc.vm with loader middlegen.KindFileResourceLoader
2016-07-18 16:35:54,348 - ResourceManager : found operation/op-signature.vm with loader middlegen.KindFileResourceLoader
2016-07-18 16:35:54,354 - ResourceManager : found operation/opbody-select.vm with loader middlegen.KindFileResourceLoader
2016-07-18 16:35:54,355 - ResourceManager : found operation/op-select.vm with loader middlegen.KindFileResourceLoader
2016-07-18 16:35:54,356 - ResourceManager : found operation/op-javadoc.vm with loader middlegen.KindFileResourceLoader
2016-07-18 16:35:54,357 - ResourceManager : found operation/op-signature.vm with loader middlegen.KindFileResourceLoader
2016-07-18 16:35:54,360 - ResourceManager : found operation/opbody-select.vm with loader middlegen.KindFileResourceLoader
2016-07-18 16:35:54,368 - ResourceManager : found description-xml.vm with loader middlegen.KindFileResourceLoader
2016-07-18 16:40:08,580 - Log4JLogSystem initialized using logfile velocity.log
2016-07-18 16:40:08,581 - ************************************************************** 
2016-07-18 16:40:08,581 - Starting Jakarta Velocity v1.4
2016-07-18 16:40:08,581 - RuntimeInstance initializing.
2016-07-18 16:40:08,581 - Default Properties File: org\apache\velocity\runtime\defaults\velocity.properties
2016-07-18 16:40:08,581 - Trying to use logger class middlegen.DontCloseLog4JLogSystem
2016-07-18 16:40:08,581 - Using logger class middlegen.DontCloseLog4JLogSystem
2016-07-18 16:40:08,582 - Default ResourceManager initializing. (class org.apache.velocity.runtime.resource.ResourceManagerImpl)
2016-07-18 16:40:08,585 - Resource Loader Instantiated: middlegen.KindFileResourceLoader
2016-07-18 16:40:08,585 - FileResourceLoader : initialization starting.
2016-07-18 16:40:08,585 - FileResourceLoader : adding path 'templates/mergedir'
2016-07-18 16:40:08,585 - FileResourceLoader : initialization complete.
2016-07-18 16:40:08,585 - ClasspathResourceLoader : initialization starting.
2016-07-18 16:40:08,585 - ClasspathResourceLoader : initialization complete.
2016-07-18 16:40:08,589 - ResourceCache : initialized. (class org.apache.velocity.runtime.resource.ResourceCacheImpl)
2016-07-18 16:40:08,589 - Default ResourceManager initialization complete.
2016-07-18 16:40:08,591 - Loaded System Directive: org.apache.velocity.runtime.directive.Literal
2016-07-18 16:40:08,592 - Loaded System Directive: org.apache.velocity.runtime.directive.Macro
2016-07-18 16:40:08,593 - Loaded System Directive: org.apache.velocity.runtime.directive.Parse
2016-07-18 16:40:08,594 - Loaded System Directive: org.apache.velocity.runtime.directive.Include
2016-07-18 16:40:08,595 - Loaded System Directive: org.apache.velocity.runtime.directive.Foreach
2016-07-18 16:40:08,611 - Created: 20 parsers.
2016-07-18 16:40:08,615 - Velocimacro : initialization starting.
2016-07-18 16:40:08,616 - Velocimacro : adding VMs from VM library template : VM_global_library.vm
2016-07-18 16:40:08,617 - KindFileResourceLoader : file loader failed to load: VM_global_library.vm
2016-07-18 16:40:08,621 - ResourceManager : found VM_global_library.vm with loader middlegen.KindFileResourceLoader
2016-07-18 16:40:08,621 - Velocimacro :  VM library template macro registration complete.
2016-07-18 16:40:08,621 - Velocimacro : allowInline = true : VMs can be defined inline in templates
2016-07-18 16:40:08,621 - Velocimacro : allowInlineToOverride = false : VMs defined inline may NOT replace previous VM definitions
2016-07-18 16:40:08,621 - Velocimacro : allowInlineLocal = false : VMs defined inline will be  global in scope if allowed.
2016-07-18 16:40:08,621 - Velocimacro : messages on  : VM system will output logging messages
2016-07-18 16:40:08,621 - Velocimacro : autoload off  : VM system will not automatically reload global library macros
2016-07-18 16:40:08,621 - Velocimacro : initialization complete.
2016-07-18 16:40:08,621 - Velocity successfully started.
2016-07-18 16:40:08,681 - ResourceManager : found copyright.vm with loader middlegen.KindFileResourceLoader
2016-07-18 16:40:08,690 - ResourceManager : found description-java.vm with loader middlegen.KindFileResourceLoader
2016-07-18 16:40:08,694 - ResourceManager : found do-fields.vm with loader middlegen.KindFileResourceLoader
2016-07-18 16:40:08,701 - ResourceManager : found copyright.vm with loader middlegen.KindFileResourceLoader
2016-07-18 16:40:08,702 - ResourceManager : found description-java.vm with loader middlegen.KindFileResourceLoader
2016-07-18 16:40:08,703 - ResourceManager : found operation/op-insert.vm with loader middlegen.KindFileResourceLoader
2016-07-18 16:40:08,703 - ResourceManager : found operation/op-javadoc.vm with loader middlegen.KindFileResourceLoader
2016-07-18 16:40:08,705 - ResourceManager : found operation/op-signature.vm with loader middlegen.KindFileResourceLoader
2016-07-18 16:40:08,706 - ResourceManager : found operation/op-update.vm with loader middlegen.KindFileResourceLoader
2016-07-18 16:40:08,707 - ResourceManager : found operation/op-javadoc.vm with loader middlegen.KindFileResourceLoader
2016-07-18 16:40:08,708 - ResourceManager : found operation/op-signature.vm with loader middlegen.KindFileResourceLoader
2016-07-18 16:40:08,709 - ResourceManager : found operation/op-select.vm with loader middlegen.KindFileResourceLoader
2016-07-18 16:40:08,710 - ResourceManager : found operation/op-javadoc.vm with loader middlegen.KindFileResourceLoader
2016-07-18 16:40:08,711 - ResourceManager : found operation/op-signature.vm with loader middlegen.KindFileResourceLoader
2016-07-18 16:40:08,711 - ResourceManager : found operation/op-delete.vm with loader middlegen.KindFileResourceLoader
2016-07-18 16:40:08,712 - ResourceManager : found operation/op-javadoc.vm with loader middlegen.KindFileResourceLoader
2016-07-18 16:40:08,714 - ResourceManager : found operation/op-signature.vm with loader middlegen.KindFileResourceLoader
2016-07-18 16:40:08,714 - ResourceManager : found operation/op-select.vm with loader middlegen.KindFileResourceLoader
2016-07-18 16:40:08,715 - ResourceManager : found operation/op-javadoc.vm with loader middlegen.KindFileResourceLoader
2016-07-18 16:40:08,716 - ResourceManager : found operation/op-signature.vm with loader middlegen.KindFileResourceLoader
2016-07-18 16:40:08,717 - ResourceManager : found operation/op-select.vm with loader middlegen.KindFileResourceLoader
2016-07-18 16:40:08,717 - ResourceManager : found operation/op-javadoc.vm with loader middlegen.KindFileResourceLoader
2016-07-18 16:40:08,718 - ResourceManager : found operation/op-signature.vm with loader middlegen.KindFileResourceLoader
2016-07-18 16:40:08,743 - ResourceManager : found copyright.vm with loader middlegen.KindFileResourceLoader
2016-07-18 16:40:08,744 - ResourceManager : found description-java.vm with loader middlegen.KindFileResourceLoader
2016-07-18 16:40:08,745 - ResourceManager : found operation/op-insert.vm with loader middlegen.KindFileResourceLoader
2016-07-18 16:40:08,745 - ResourceManager : found operation/op-javadoc.vm with loader middlegen.KindFileResourceLoader
2016-07-18 16:40:08,746 - ResourceManager : found operation/op-signature.vm with loader middlegen.KindFileResourceLoader
2016-07-18 16:40:08,747 - ResourceManager : found operation/opbody-insert.vm with loader middlegen.KindFileResourceLoader
2016-07-18 16:40:08,748 - ResourceManager : found operation/op-update.vm with loader middlegen.KindFileResourceLoader
2016-07-18 16:40:08,749 - ResourceManager : found operation/op-javadoc.vm with loader middlegen.KindFileResourceLoader
2016-07-18 16:40:08,750 - ResourceManager : found operation/op-signature.vm with loader middlegen.KindFileResourceLoader
2016-07-18 16:40:08,753 - ResourceManager : found operation/opbody-update.vm with loader middlegen.KindFileResourceLoader
2016-07-18 16:40:08,755 - ResourceManager : found operation/op-select.vm with loader middlegen.KindFileResourceLoader
2016-07-18 16:40:08,756 - ResourceManager : found operation/op-javadoc.vm with loader middlegen.KindFileResourceLoader
2016-07-18 16:40:08,757 - ResourceManager : found operation/op-signature.vm with loader middlegen.KindFileResourceLoader
2016-07-18 16:40:08,761 - ResourceManager : found operation/opbody-select.vm with loader middlegen.KindFileResourceLoader
2016-07-18 16:40:08,762 - ResourceManager : found operation/op-delete.vm with loader middlegen.KindFileResourceLoader
2016-07-18 16:40:08,763 - ResourceManager : found operation/op-javadoc.vm with loader middlegen.KindFileResourceLoader
2016-07-18 16:40:08,764 - ResourceManager : found operation/op-signature.vm with loader middlegen.KindFileResourceLoader
2016-07-18 16:40:08,766 - ResourceManager : found operation/opbody-delete.vm with loader middlegen.KindFileResourceLoader
2016-07-18 16:40:08,773 - ResourceManager : found operation/op-select.vm with loader middlegen.KindFileResourceLoader
2016-07-18 16:40:08,774 - ResourceManager : found operation/op-javadoc.vm with loader middlegen.KindFileResourceLoader
2016-07-18 16:40:08,776 - ResourceManager : found operation/op-signature.vm with loader middlegen.KindFileResourceLoader
2016-07-18 16:40:08,781 - ResourceManager : found operation/opbody-select.vm with loader middlegen.KindFileResourceLoader
2016-07-18 16:40:08,788 - ResourceManager : found operation/op-select.vm with loader middlegen.KindFileResourceLoader
2016-07-18 16:40:08,789 - ResourceManager : found operation/op-javadoc.vm with loader middlegen.KindFileResourceLoader
2016-07-18 16:40:08,791 - ResourceManager : found operation/op-signature.vm with loader middlegen.KindFileResourceLoader
2016-07-18 16:40:08,796 - ResourceManager : found operation/opbody-select.vm with loader middlegen.KindFileResourceLoader
2016-07-18 16:40:08,805 - ResourceManager : found description-xml.vm with loader middlegen.KindFileResourceLoader
2016-07-18 16:42:13,167 - Log4JLogSystem initialized using logfile velocity.log
2016-07-18 16:42:13,167 - ************************************************************** 
2016-07-18 16:42:13,167 - Starting Jakarta Velocity v1.4
2016-07-18 16:42:13,167 - RuntimeInstance initializing.
2016-07-18 16:42:13,167 - Default Properties File: org\apache\velocity\runtime\defaults\velocity.properties
2016-07-18 16:42:13,167 - Trying to use logger class middlegen.DontCloseLog4JLogSystem
2016-07-18 16:42:13,167 - Using logger class middlegen.DontCloseLog4JLogSystem
2016-07-18 16:42:13,169 - Default ResourceManager initializing. (class org.apache.velocity.runtime.resource.ResourceManagerImpl)
2016-07-18 16:42:13,173 - Resource Loader Instantiated: middlegen.KindFileResourceLoader
2016-07-18 16:42:13,173 - FileResourceLoader : initialization starting.
2016-07-18 16:42:13,173 - FileResourceLoader : adding path 'templates/mergedir'
2016-07-18 16:42:13,173 - FileResourceLoader : initialization complete.
2016-07-18 16:42:13,173 - ClasspathResourceLoader : initialization starting.
2016-07-18 16:42:13,173 - ClasspathResourceLoader : initialization complete.
2016-07-18 16:42:13,174 - ResourceCache : initialized. (class org.apache.velocity.runtime.resource.ResourceCacheImpl)
2016-07-18 16:42:13,175 - Default ResourceManager initialization complete.
2016-07-18 16:42:13,176 - Loaded System Directive: org.apache.velocity.runtime.directive.Literal
2016-07-18 16:42:13,178 - Loaded System Directive: org.apache.velocity.runtime.directive.Macro
2016-07-18 16:42:13,179 - Loaded System Directive: org.apache.velocity.runtime.directive.Parse
2016-07-18 16:42:13,180 - Loaded System Directive: org.apache.velocity.runtime.directive.Include
2016-07-18 16:42:13,181 - Loaded System Directive: org.apache.velocity.runtime.directive.Foreach
2016-07-18 16:42:13,202 - Created: 20 parsers.
2016-07-18 16:42:13,208 - Velocimacro : initialization starting.
2016-07-18 16:42:13,208 - Velocimacro : adding VMs from VM library template : VM_global_library.vm
2016-07-18 16:42:13,210 - KindFileResourceLoader : file loader failed to load: VM_global_library.vm
2016-07-18 16:42:13,214 - ResourceManager : found VM_global_library.vm with loader middlegen.KindFileResourceLoader
2016-07-18 16:42:13,214 - Velocimacro :  VM library template macro registration complete.
2016-07-18 16:42:13,214 - Velocimacro : allowInline = true : VMs can be defined inline in templates
2016-07-18 16:42:13,214 - Velocimacro : allowInlineToOverride = false : VMs defined inline may NOT replace previous VM definitions
2016-07-18 16:42:13,214 - Velocimacro : allowInlineLocal = false : VMs defined inline will be  global in scope if allowed.
2016-07-18 16:42:13,214 - Velocimacro : messages on  : VM system will output logging messages
2016-07-18 16:42:13,214 - Velocimacro : autoload off  : VM system will not automatically reload global library macros
2016-07-18 16:42:13,214 - Velocimacro : initialization complete.
2016-07-18 16:42:13,214 - Velocity successfully started.
2016-07-18 16:42:13,299 - ResourceManager : found copyright.vm with loader middlegen.KindFileResourceLoader
2016-07-18 16:42:13,310 - ResourceManager : found description-java.vm with loader middlegen.KindFileResourceLoader
2016-07-18 16:42:13,315 - ResourceManager : found do-fields.vm with loader middlegen.KindFileResourceLoader
2016-07-18 16:42:13,323 - ResourceManager : found copyright.vm with loader middlegen.KindFileResourceLoader
2016-07-18 16:42:13,324 - ResourceManager : found description-java.vm with loader middlegen.KindFileResourceLoader
2016-07-18 16:42:13,325 - ResourceManager : found operation/op-insert.vm with loader middlegen.KindFileResourceLoader
2016-07-18 16:42:13,326 - ResourceManager : found operation/op-javadoc.vm with loader middlegen.KindFileResourceLoader
2016-07-18 16:42:13,329 - ResourceManager : found operation/op-signature.vm with loader middlegen.KindFileResourceLoader
2016-07-18 16:42:13,331 - ResourceManager : found operation/op-update.vm with loader middlegen.KindFileResourceLoader
2016-07-18 16:42:13,332 - ResourceManager : found operation/op-javadoc.vm with loader middlegen.KindFileResourceLoader
2016-07-18 16:42:13,333 - ResourceManager : found operation/op-signature.vm with loader middlegen.KindFileResourceLoader
2016-07-18 16:42:13,335 - ResourceManager : found operation/op-select.vm with loader middlegen.KindFileResourceLoader
2016-07-18 16:42:13,335 - ResourceManager : found operation/op-javadoc.vm with loader middlegen.KindFileResourceLoader
2016-07-18 16:42:13,337 - ResourceManager : found operation/op-signature.vm with loader middlegen.KindFileResourceLoader
2016-07-18 16:42:13,338 - ResourceManager : found operation/op-delete.vm with loader middlegen.KindFileResourceLoader
2016-07-18 16:42:13,339 - ResourceManager : found operation/op-javadoc.vm with loader middlegen.KindFileResourceLoader
2016-07-18 16:42:13,341 - ResourceManager : found operation/op-signature.vm with loader middlegen.KindFileResourceLoader
2016-07-18 16:42:13,342 - ResourceManager : found operation/op-select.vm with loader middlegen.KindFileResourceLoader
2016-07-18 16:42:13,343 - ResourceManager : found operation/op-javadoc.vm with loader middlegen.KindFileResourceLoader
2016-07-18 16:42:13,345 - ResourceManager : found operation/op-signature.vm with loader middlegen.KindFileResourceLoader
2016-07-18 16:42:13,345 - ResourceManager : found operation/op-select.vm with loader middlegen.KindFileResourceLoader
2016-07-18 16:42:13,346 - ResourceManager : found operation/op-javadoc.vm with loader middlegen.KindFileResourceLoader
2016-07-18 16:42:13,348 - ResourceManager : found operation/op-signature.vm with loader middlegen.KindFileResourceLoader
2016-07-18 16:42:13,368 - ResourceManager : found copyright.vm with loader middlegen.KindFileResourceLoader
2016-07-18 16:42:13,369 - ResourceManager : found description-java.vm with loader middlegen.KindFileResourceLoader
2016-07-18 16:42:13,369 - ResourceManager : found operation/op-insert.vm with loader middlegen.KindFileResourceLoader
2016-07-18 16:42:13,370 - ResourceManager : found operation/op-javadoc.vm with loader middlegen.KindFileResourceLoader
2016-07-18 16:42:13,371 - ResourceManager : found operation/op-signature.vm with loader middlegen.KindFileResourceLoader
2016-07-18 16:42:13,372 - ResourceManager : found operation/opbody-insert.vm with loader middlegen.KindFileResourceLoader
2016-07-18 16:42:13,372 - ResourceManager : found operation/op-update.vm with loader middlegen.KindFileResourceLoader
2016-07-18 16:42:13,373 - ResourceManager : found operation/op-javadoc.vm with loader middlegen.KindFileResourceLoader
2016-07-18 16:42:13,374 - ResourceManager : found operation/op-signature.vm with loader middlegen.KindFileResourceLoader
2016-07-18 16:42:13,378 - ResourceManager : found operation/opbody-update.vm with loader middlegen.KindFileResourceLoader
2016-07-18 16:42:13,383 - ResourceManager : found operation/op-select.vm with loader middlegen.KindFileResourceLoader
2016-07-18 16:42:13,385 - ResourceManager : found operation/op-javadoc.vm with loader middlegen.KindFileResourceLoader
2016-07-18 16:42:13,387 - ResourceManager : found operation/op-signature.vm with loader middlegen.KindFileResourceLoader
2016-07-18 16:42:13,391 - ResourceManager : found operation/opbody-select.vm with loader middlegen.KindFileResourceLoader
2016-07-18 16:42:13,392 - ResourceManager : found operation/op-delete.vm with loader middlegen.KindFileResourceLoader
2016-07-18 16:42:13,393 - ResourceManager : found operation/op-javadoc.vm with loader middlegen.KindFileResourceLoader
2016-07-18 16:42:13,394 - ResourceManager : found operation/op-signature.vm with loader middlegen.KindFileResourceLoader
2016-07-18 16:42:13,397 - ResourceManager : found operation/opbody-delete.vm with loader middlegen.KindFileResourceLoader
2016-07-18 16:42:13,399 - ResourceManager : found operation/op-select.vm with loader middlegen.KindFileResourceLoader
2016-07-18 16:42:13,399 - ResourceManager : found operation/op-javadoc.vm with loader middlegen.KindFileResourceLoader
2016-07-18 16:42:13,401 - ResourceManager : found operation/op-signature.vm with loader middlegen.KindFileResourceLoader
2016-07-18 16:42:13,405 - ResourceManager : found operation/opbody-select.vm with loader middlegen.KindFileResourceLoader
2016-07-18 16:42:13,406 - ResourceManager : found operation/op-select.vm with loader middlegen.KindFileResourceLoader
2016-07-18 16:42:13,407 - ResourceManager : found operation/op-javadoc.vm with loader middlegen.KindFileResourceLoader
2016-07-18 16:42:13,408 - ResourceManager : found operation/op-signature.vm with loader middlegen.KindFileResourceLoader
2016-07-18 16:42:13,412 - ResourceManager : found operation/opbody-select.vm with loader middlegen.KindFileResourceLoader
2016-07-18 16:42:13,421 - ResourceManager : found description-xml.vm with loader middlegen.KindFileResourceLoader
2016-07-18 16:43:14,746 - Log4JLogSystem initialized using logfile velocity.log
2016-07-18 16:43:14,746 - ************************************************************** 
2016-07-18 16:43:14,746 - Starting Jakarta Velocity v1.4
2016-07-18 16:43:14,746 - RuntimeInstance initializing.
2016-07-18 16:43:14,746 - Default Properties File: org\apache\velocity\runtime\defaults\velocity.properties
2016-07-18 16:43:14,746 - Trying to use logger class middlegen.DontCloseLog4JLogSystem
2016-07-18 16:43:14,746 - Using logger class middlegen.DontCloseLog4JLogSystem
2016-07-18 16:43:14,748 - Default ResourceManager initializing. (class org.apache.velocity.runtime.resource.ResourceManagerImpl)
2016-07-18 16:43:14,751 - Resource Loader Instantiated: middlegen.KindFileResourceLoader
2016-07-18 16:43:14,751 - FileResourceLoader : initialization starting.
2016-07-18 16:43:14,751 - FileResourceLoader : adding path 'templates/mergedir'
2016-07-18 16:43:14,751 - FileResourceLoader : initialization complete.
2016-07-18 16:43:14,751 - ClasspathResourceLoader : initialization starting.
2016-07-18 16:43:14,751 - ClasspathResourceLoader : initialization complete.
2016-07-18 16:43:14,753 - ResourceCache : initialized. (class org.apache.velocity.runtime.resource.ResourceCacheImpl)
2016-07-18 16:43:14,753 - Default ResourceManager initialization complete.
2016-07-18 16:43:14,754 - Loaded System Directive: org.apache.velocity.runtime.directive.Literal
2016-07-18 16:43:14,756 - Loaded System Directive: org.apache.velocity.runtime.directive.Macro
2016-07-18 16:43:14,758 - Loaded System Directive: org.apache.velocity.runtime.directive.Parse
2016-07-18 16:43:14,759 - Loaded System Directive: org.apache.velocity.runtime.directive.Include
2016-07-18 16:43:14,760 - Loaded System Directive: org.apache.velocity.runtime.directive.Foreach
2016-07-18 16:43:14,778 - Created: 20 parsers.
2016-07-18 16:43:14,782 - Velocimacro : initialization starting.
2016-07-18 16:43:14,782 - Velocimacro : adding VMs from VM library template : VM_global_library.vm
2016-07-18 16:43:14,783 - KindFileResourceLoader : file loader failed to load: VM_global_library.vm
2016-07-18 16:43:14,786 - ResourceManager : found VM_global_library.vm with loader middlegen.KindFileResourceLoader
2016-07-18 16:43:14,786 - Velocimacro :  VM library template macro registration complete.
2016-07-18 16:43:14,786 - Velocimacro : allowInline = true : VMs can be defined inline in templates
2016-07-18 16:43:14,786 - Velocimacro : allowInlineToOverride = false : VMs defined inline may NOT replace previous VM definitions
2016-07-18 16:43:14,786 - Velocimacro : allowInlineLocal = false : VMs defined inline will be  global in scope if allowed.
2016-07-18 16:43:14,787 - Velocimacro : messages on  : VM system will output logging messages
2016-07-18 16:43:14,787 - Velocimacro : autoload off  : VM system will not automatically reload global library macros
2016-07-18 16:43:14,787 - Velocimacro : initialization complete.
2016-07-18 16:43:14,787 - Velocity successfully started.
2016-07-18 16:43:14,848 - ResourceManager : found copyright.vm with loader middlegen.KindFileResourceLoader
2016-07-18 16:43:14,855 - ResourceManager : found description-java.vm with loader middlegen.KindFileResourceLoader
2016-07-18 16:43:14,859 - ResourceManager : found do-fields.vm with loader middlegen.KindFileResourceLoader
2016-07-18 16:43:14,866 - ResourceManager : found copyright.vm with loader middlegen.KindFileResourceLoader
2016-07-18 16:43:14,867 - ResourceManager : found description-java.vm with loader middlegen.KindFileResourceLoader
2016-07-18 16:43:14,868 - ResourceManager : found operation/op-insert.vm with loader middlegen.KindFileResourceLoader
2016-07-18 16:43:14,868 - ResourceManager : found operation/op-javadoc.vm with loader middlegen.KindFileResourceLoader
2016-07-18 16:43:14,871 - ResourceManager : found operation/op-signature.vm with loader middlegen.KindFileResourceLoader
2016-07-18 16:43:14,873 - ResourceManager : found operation/op-update.vm with loader middlegen.KindFileResourceLoader
2016-07-18 16:43:14,873 - ResourceManager : found operation/op-javadoc.vm with loader middlegen.KindFileResourceLoader
2016-07-18 16:43:14,875 - ResourceManager : found operation/op-signature.vm with loader middlegen.KindFileResourceLoader
2016-07-18 16:43:14,877 - ResourceManager : found operation/op-select.vm with loader middlegen.KindFileResourceLoader
2016-07-18 16:43:14,877 - ResourceManager : found operation/op-javadoc.vm with loader middlegen.KindFileResourceLoader
2016-07-18 16:43:14,878 - ResourceManager : found operation/op-signature.vm with loader middlegen.KindFileResourceLoader
2016-07-18 16:43:14,879 - ResourceManager : found operation/op-delete.vm with loader middlegen.KindFileResourceLoader
2016-07-18 16:43:14,880 - ResourceManager : found operation/op-javadoc.vm with loader middlegen.KindFileResourceLoader
2016-07-18 16:43:14,881 - ResourceManager : found operation/op-signature.vm with loader middlegen.KindFileResourceLoader
2016-07-18 16:43:14,882 - ResourceManager : found operation/op-select.vm with loader middlegen.KindFileResourceLoader
2016-07-18 16:43:14,882 - ResourceManager : found operation/op-javadoc.vm with loader middlegen.KindFileResourceLoader
2016-07-18 16:43:14,883 - ResourceManager : found operation/op-signature.vm with loader middlegen.KindFileResourceLoader
2016-07-18 16:43:14,884 - ResourceManager : found operation/op-select.vm with loader middlegen.KindFileResourceLoader
2016-07-18 16:43:14,885 - ResourceManager : found operation/op-javadoc.vm with loader middlegen.KindFileResourceLoader
2016-07-18 16:43:14,886 - ResourceManager : found operation/op-signature.vm with loader middlegen.KindFileResourceLoader
2016-07-18 16:43:14,904 - ResourceManager : found copyright.vm with loader middlegen.KindFileResourceLoader
2016-07-18 16:43:14,905 - ResourceManager : found description-java.vm with loader middlegen.KindFileResourceLoader
2016-07-18 16:43:14,906 - ResourceManager : found operation/op-insert.vm with loader middlegen.KindFileResourceLoader
2016-07-18 16:43:14,906 - ResourceManager : found operation/op-javadoc.vm with loader middlegen.KindFileResourceLoader
2016-07-18 16:43:14,907 - ResourceManager : found operation/op-signature.vm with loader middlegen.KindFileResourceLoader
2016-07-18 16:43:14,908 - ResourceManager : found operation/opbody-insert.vm with loader middlegen.KindFileResourceLoader
2016-07-18 16:43:14,909 - ResourceManager : found operation/op-update.vm with loader middlegen.KindFileResourceLoader
2016-07-18 16:43:14,909 - ResourceManager : found operation/op-javadoc.vm with loader middlegen.KindFileResourceLoader
2016-07-18 16:43:14,910 - ResourceManager : found operation/op-signature.vm with loader middlegen.KindFileResourceLoader
2016-07-18 16:43:14,915 - ResourceManager : found operation/opbody-update.vm with loader middlegen.KindFileResourceLoader
2016-07-18 16:43:14,920 - ResourceManager : found operation/op-select.vm with loader middlegen.KindFileResourceLoader
2016-07-18 16:43:14,921 - ResourceManager : found operation/op-javadoc.vm with loader middlegen.KindFileResourceLoader
2016-07-18 16:43:14,922 - ResourceManager : found operation/op-signature.vm with loader middlegen.KindFileResourceLoader
2016-07-18 16:43:14,927 - ResourceManager : found operation/opbody-select.vm with loader middlegen.KindFileResourceLoader
2016-07-18 16:43:14,929 - ResourceManager : found operation/op-delete.vm with loader middlegen.KindFileResourceLoader
2016-07-18 16:43:14,930 - ResourceManager : found operation/op-javadoc.vm with loader middlegen.KindFileResourceLoader
2016-07-18 16:43:14,931 - ResourceManager : found operation/op-signature.vm with loader middlegen.KindFileResourceLoader
2016-07-18 16:43:14,933 - ResourceManager : found operation/opbody-delete.vm with loader middlegen.KindFileResourceLoader
2016-07-18 16:43:14,935 - ResourceManager : found operation/op-select.vm with loader middlegen.KindFileResourceLoader
2016-07-18 16:43:14,936 - ResourceManager : found operation/op-javadoc.vm with loader middlegen.KindFileResourceLoader
2016-07-18 16:43:14,937 - ResourceManager : found operation/op-signature.vm with loader middlegen.KindFileResourceLoader
2016-07-18 16:43:14,941 - ResourceManager : found operation/opbody-select.vm with loader middlegen.KindFileResourceLoader
2016-07-18 16:43:14,942 - ResourceManager : found operation/op-select.vm with loader middlegen.KindFileResourceLoader
2016-07-18 16:43:14,942 - ResourceManager : found operation/op-javadoc.vm with loader middlegen.KindFileResourceLoader
2016-07-18 16:43:14,943 - ResourceManager : found operation/op-signature.vm with loader middlegen.KindFileResourceLoader
2016-07-18 16:43:14,946 - ResourceManager : found operation/opbody-select.vm with loader middlegen.KindFileResourceLoader
2016-07-18 16:43:14,953 - ResourceManager : found description-xml.vm with loader middlegen.KindFileResourceLoader
2016-07-18 16:44:32,595 - Log4JLogSystem initialized using logfile velocity.log
2016-07-18 16:44:32,595 - ************************************************************** 
2016-07-18 16:44:32,595 - Starting Jakarta Velocity v1.4
2016-07-18 16:44:32,595 - RuntimeInstance initializing.
2016-07-18 16:44:32,595 - Default Properties File: org\apache\velocity\runtime\defaults\velocity.properties
2016-07-18 16:44:32,595 - Trying to use logger class middlegen.DontCloseLog4JLogSystem
2016-07-18 16:44:32,595 - Using logger class middlegen.DontCloseLog4JLogSystem
2016-07-18 16:44:32,597 - Default ResourceManager initializing. (class org.apache.velocity.runtime.resource.ResourceManagerImpl)
2016-07-18 16:44:32,599 - Resource Loader Instantiated: middlegen.KindFileResourceLoader
2016-07-18 16:44:32,599 - FileResourceLoader : initialization starting.
2016-07-18 16:44:32,599 - FileResourceLoader : adding path 'templates/mergedir'
2016-07-18 16:44:32,599 - FileResourceLoader : initialization complete.
2016-07-18 16:44:32,599 - ClasspathResourceLoader : initialization starting.
2016-07-18 16:44:32,599 - ClasspathResourceLoader : initialization complete.
2016-07-18 16:44:32,600 - ResourceCache : initialized. (class org.apache.velocity.runtime.resource.ResourceCacheImpl)
2016-07-18 16:44:32,600 - Default ResourceManager initialization complete.
2016-07-18 16:44:32,601 - Loaded System Directive: org.apache.velocity.runtime.directive.Literal
2016-07-18 16:44:32,603 - Loaded System Directive: org.apache.velocity.runtime.directive.Macro
2016-07-18 16:44:32,604 - Loaded System Directive: org.apache.velocity.runtime.directive.Parse
2016-07-18 16:44:32,606 - Loaded System Directive: org.apache.velocity.runtime.directive.Include
2016-07-18 16:44:32,607 - Loaded System Directive: org.apache.velocity.runtime.directive.Foreach
2016-07-18 16:44:32,624 - Created: 20 parsers.
2016-07-18 16:44:32,630 - Velocimacro : initialization starting.
2016-07-18 16:44:32,630 - Velocimacro : adding VMs from VM library template : VM_global_library.vm
2016-07-18 16:44:32,632 - KindFileResourceLoader : file loader failed to load: VM_global_library.vm
2016-07-18 16:44:32,636 - ResourceManager : found VM_global_library.vm with loader middlegen.KindFileResourceLoader
2016-07-18 16:44:32,636 - Velocimacro :  VM library template macro registration complete.
2016-07-18 16:44:32,636 - Velocimacro : allowInline = true : VMs can be defined inline in templates
2016-07-18 16:44:32,636 - Velocimacro : allowInlineToOverride = false : VMs defined inline may NOT replace previous VM definitions
2016-07-18 16:44:32,636 - Velocimacro : allowInlineLocal = false : VMs defined inline will be  global in scope if allowed.
2016-07-18 16:44:32,636 - Velocimacro : messages on  : VM system will output logging messages
2016-07-18 16:44:32,636 - Velocimacro : autoload off  : VM system will not automatically reload global library macros
2016-07-18 16:44:32,636 - Velocimacro : initialization complete.
2016-07-18 16:44:32,636 - Velocity successfully started.
2016-07-18 16:44:32,717 - ResourceManager : found copyright.vm with loader middlegen.KindFileResourceLoader
2016-07-18 16:44:32,728 - ResourceManager : found description-java.vm with loader middlegen.KindFileResourceLoader
2016-07-18 16:44:32,735 - ResourceManager : found do-fields.vm with loader middlegen.KindFileResourceLoader
2016-07-18 16:44:32,745 - ResourceManager : found copyright.vm with loader middlegen.KindFileResourceLoader
2016-07-18 16:44:32,747 - ResourceManager : found description-java.vm with loader middlegen.KindFileResourceLoader
2016-07-18 16:44:32,748 - ResourceManager : found operation/op-insert.vm with loader middlegen.KindFileResourceLoader
2016-07-18 16:44:32,749 - ResourceManager : found operation/op-javadoc.vm with loader middlegen.KindFileResourceLoader
2016-07-18 16:44:32,753 - ResourceManager : found operation/op-signature.vm with loader middlegen.KindFileResourceLoader
2016-07-18 16:44:32,755 - ResourceManager : found operation/op-update.vm with loader middlegen.KindFileResourceLoader
2016-07-18 16:44:32,756 - ResourceManager : found operation/op-javadoc.vm with loader middlegen.KindFileResourceLoader
2016-07-18 16:44:32,758 - ResourceManager : found operation/op-signature.vm with loader middlegen.KindFileResourceLoader
2016-07-18 16:44:32,759 - ResourceManager : found operation/op-select.vm with loader middlegen.KindFileResourceLoader
2016-07-18 16:44:32,760 - ResourceManager : found operation/op-javadoc.vm with loader middlegen.KindFileResourceLoader
2016-07-18 16:44:32,764 - ResourceManager : found operation/op-signature.vm with loader middlegen.KindFileResourceLoader
2016-07-18 16:44:32,766 - ResourceManager : found operation/op-delete.vm with loader middlegen.KindFileResourceLoader
2016-07-18 16:44:32,768 - ResourceManager : found operation/op-javadoc.vm with loader middlegen.KindFileResourceLoader
2016-07-18 16:44:32,769 - ResourceManager : found operation/op-signature.vm with loader middlegen.KindFileResourceLoader
2016-07-18 16:44:32,771 - ResourceManager : found operation/op-select.vm with loader middlegen.KindFileResourceLoader
2016-07-18 16:44:32,772 - ResourceManager : found operation/op-javadoc.vm with loader middlegen.KindFileResourceLoader
2016-07-18 16:44:32,773 - ResourceManager : found operation/op-signature.vm with loader middlegen.KindFileResourceLoader
2016-07-18 16:44:32,773 - ResourceManager : found operation/op-select.vm with loader middlegen.KindFileResourceLoader
2016-07-18 16:44:32,774 - ResourceManager : found operation/op-javadoc.vm with loader middlegen.KindFileResourceLoader
2016-07-18 16:44:32,776 - ResourceManager : found operation/op-signature.vm with loader middlegen.KindFileResourceLoader
2016-07-18 16:44:32,799 - ResourceManager : found copyright.vm with loader middlegen.KindFileResourceLoader
2016-07-18 16:44:32,800 - ResourceManager : found description-java.vm with loader middlegen.KindFileResourceLoader
2016-07-18 16:44:32,801 - ResourceManager : found operation/op-insert.vm with loader middlegen.KindFileResourceLoader
2016-07-18 16:44:32,802 - ResourceManager : found operation/op-javadoc.vm with loader middlegen.KindFileResourceLoader
2016-07-18 16:44:32,803 - ResourceManager : found operation/op-signature.vm with loader middlegen.KindFileResourceLoader
2016-07-18 16:44:32,804 - ResourceManager : found operation/opbody-insert.vm with loader middlegen.KindFileResourceLoader
2016-07-18 16:44:32,805 - ResourceManager : found operation/op-update.vm with loader middlegen.KindFileResourceLoader
2016-07-18 16:44:32,806 - ResourceManager : found operation/op-javadoc.vm with loader middlegen.KindFileResourceLoader
2016-07-18 16:44:32,807 - ResourceManager : found operation/op-signature.vm with loader middlegen.KindFileResourceLoader
2016-07-18 16:44:32,811 - ResourceManager : found operation/opbody-update.vm with loader middlegen.KindFileResourceLoader
2016-07-18 16:44:32,816 - ResourceManager : found operation/op-select.vm with loader middlegen.KindFileResourceLoader
2016-07-18 16:44:32,817 - ResourceManager : found operation/op-javadoc.vm with loader middlegen.KindFileResourceLoader
2016-07-18 16:44:32,819 - ResourceManager : found operation/op-signature.vm with loader middlegen.KindFileResourceLoader
2016-07-18 16:44:32,824 - ResourceManager : found operation/opbody-select.vm with loader middlegen.KindFileResourceLoader
2016-07-18 16:44:32,825 - ResourceManager : found operation/op-delete.vm with loader middlegen.KindFileResourceLoader
2016-07-18 16:44:32,826 - ResourceManager : found operation/op-javadoc.vm with loader middlegen.KindFileResourceLoader
2016-07-18 16:44:32,827 - ResourceManager : found operation/op-signature.vm with loader middlegen.KindFileResourceLoader
2016-07-18 16:44:32,831 - ResourceManager : found operation/opbody-delete.vm with loader middlegen.KindFileResourceLoader
2016-07-18 16:44:32,832 - ResourceManager : found operation/op-select.vm with loader middlegen.KindFileResourceLoader
2016-07-18 16:44:32,833 - ResourceManager : found operation/op-javadoc.vm with loader middlegen.KindFileResourceLoader
2016-07-18 16:44:32,835 - ResourceManager : found operation/op-signature.vm with loader middlegen.KindFileResourceLoader
2016-07-18 16:44:32,840 - ResourceManager : found operation/opbody-select.vm with loader middlegen.KindFileResourceLoader
2016-07-18 16:44:32,841 - ResourceManager : found operation/op-select.vm with loader middlegen.KindFileResourceLoader
2016-07-18 16:44:32,842 - ResourceManager : found operation/op-javadoc.vm with loader middlegen.KindFileResourceLoader
2016-07-18 16:44:32,845 - ResourceManager : found operation/op-signature.vm with loader middlegen.KindFileResourceLoader
2016-07-18 16:44:32,848 - ResourceManager : found operation/opbody-select.vm with loader middlegen.KindFileResourceLoader
2016-07-18 16:44:32,857 - ResourceManager : found description-xml.vm with loader middlegen.KindFileResourceLoader
2016-07-18 16:46:09,943 - Log4JLogSystem initialized using logfile velocity.log
2016-07-18 16:46:09,944 - ************************************************************** 
2016-07-18 16:46:09,944 - Starting Jakarta Velocity v1.4
2016-07-18 16:46:09,944 - RuntimeInstance initializing.
2016-07-18 16:46:09,944 - Default Properties File: org\apache\velocity\runtime\defaults\velocity.properties
2016-07-18 16:46:09,944 - Trying to use logger class middlegen.DontCloseLog4JLogSystem
2016-07-18 16:46:09,944 - Using logger class middlegen.DontCloseLog4JLogSystem
2016-07-18 16:46:09,947 - Default ResourceManager initializing. (class org.apache.velocity.runtime.resource.ResourceManagerImpl)
2016-07-18 16:46:09,952 - Resource Loader Instantiated: middlegen.KindFileResourceLoader
2016-07-18 16:46:09,952 - FileResourceLoader : initialization starting.
2016-07-18 16:46:09,952 - FileResourceLoader : adding path 'templates/mergedir'
2016-07-18 16:46:09,952 - FileResourceLoader : initialization complete.
2016-07-18 16:46:09,952 - ClasspathResourceLoader : initialization starting.
2016-07-18 16:46:09,952 - ClasspathResourceLoader : initialization complete.
2016-07-18 16:46:09,954 - ResourceCache : initialized. (class org.apache.velocity.runtime.resource.ResourceCacheImpl)
2016-07-18 16:46:09,954 - Default ResourceManager initialization complete.
2016-07-18 16:46:09,955 - Loaded System Directive: org.apache.velocity.runtime.directive.Literal
2016-07-18 16:46:09,957 - Loaded System Directive: org.apache.velocity.runtime.directive.Macro
2016-07-18 16:46:09,959 - Loaded System Directive: org.apache.velocity.runtime.directive.Parse
2016-07-18 16:46:09,961 - Loaded System Directive: org.apache.velocity.runtime.directive.Include
2016-07-18 16:46:09,961 - Loaded System Directive: org.apache.velocity.runtime.directive.Foreach
2016-07-18 16:46:09,984 - Created: 20 parsers.
2016-07-18 16:46:09,990 - Velocimacro : initialization starting.
2016-07-18 16:46:09,990 - Velocimacro : adding VMs from VM library template : VM_global_library.vm
2016-07-18 16:46:09,992 - KindFileResourceLoader : file loader failed to load: VM_global_library.vm
2016-07-18 16:46:09,995 - ResourceManager : found VM_global_library.vm with loader middlegen.KindFileResourceLoader
2016-07-18 16:46:09,996 - Velocimacro :  VM library template macro registration complete.
2016-07-18 16:46:09,996 - Velocimacro : allowInline = true : VMs can be defined inline in templates
2016-07-18 16:46:09,996 - Velocimacro : allowInlineToOverride = false : VMs defined inline may NOT replace previous VM definitions
2016-07-18 16:46:09,996 - Velocimacro : allowInlineLocal = false : VMs defined inline will be  global in scope if allowed.
2016-07-18 16:46:09,996 - Velocimacro : messages on  : VM system will output logging messages
2016-07-18 16:46:09,996 - Velocimacro : autoload off  : VM system will not automatically reload global library macros
2016-07-18 16:46:09,996 - Velocimacro : initialization complete.
2016-07-18 16:46:09,996 - Velocity successfully started.
2016-07-18 16:46:10,078 - ResourceManager : found copyright.vm with loader middlegen.KindFileResourceLoader
2016-07-18 16:46:10,089 - ResourceManager : found description-java.vm with loader middlegen.KindFileResourceLoader
2016-07-18 16:46:10,094 - ResourceManager : found do-fields.vm with loader middlegen.KindFileResourceLoader
2016-07-18 16:46:10,103 - ResourceManager : found copyright.vm with loader middlegen.KindFileResourceLoader
2016-07-18 16:46:10,105 - ResourceManager : found description-java.vm with loader middlegen.KindFileResourceLoader
2016-07-18 16:46:10,107 - ResourceManager : found operation/op-insert.vm with loader middlegen.KindFileResourceLoader
2016-07-18 16:46:10,108 - ResourceManager : found operation/op-javadoc.vm with loader middlegen.KindFileResourceLoader
2016-07-18 16:46:10,111 - ResourceManager : found operation/op-signature.vm with loader middlegen.KindFileResourceLoader
2016-07-18 16:46:10,113 - ResourceManager : found operation/op-update.vm with loader middlegen.KindFileResourceLoader
2016-07-18 16:46:10,114 - ResourceManager : found operation/op-javadoc.vm with loader middlegen.KindFileResourceLoader
2016-07-18 16:46:10,116 - ResourceManager : found operation/op-signature.vm with loader middlegen.KindFileResourceLoader
2016-07-18 16:46:10,117 - ResourceManager : found operation/op-select.vm with loader middlegen.KindFileResourceLoader
2016-07-18 16:46:10,121 - ResourceManager : found operation/op-javadoc.vm with loader middlegen.KindFileResourceLoader
2016-07-18 16:46:10,125 - ResourceManager : found operation/op-signature.vm with loader middlegen.KindFileResourceLoader
2016-07-18 16:46:10,126 - ResourceManager : found operation/op-delete.vm with loader middlegen.KindFileResourceLoader
2016-07-18 16:46:10,128 - ResourceManager : found operation/op-javadoc.vm with loader middlegen.KindFileResourceLoader
2016-07-18 16:46:10,130 - ResourceManager : found operation/op-signature.vm with loader middlegen.KindFileResourceLoader
2016-07-18 16:46:10,132 - ResourceManager : found operation/op-select.vm with loader middlegen.KindFileResourceLoader
2016-07-18 16:46:10,134 - ResourceManager : found operation/op-javadoc.vm with loader middlegen.KindFileResourceLoader
2016-07-18 16:46:10,138 - ResourceManager : found operation/op-signature.vm with loader middlegen.KindFileResourceLoader
2016-07-18 16:46:10,141 - ResourceManager : found operation/op-select.vm with loader middlegen.KindFileResourceLoader
2016-07-18 16:46:10,142 - ResourceManager : found operation/op-javadoc.vm with loader middlegen.KindFileResourceLoader
2016-07-18 16:46:10,143 - ResourceManager : found operation/op-signature.vm with loader middlegen.KindFileResourceLoader
2016-07-18 16:46:10,165 - ResourceManager : found copyright.vm with loader middlegen.KindFileResourceLoader
2016-07-18 16:46:10,166 - ResourceManager : found description-java.vm with loader middlegen.KindFileResourceLoader
2016-07-18 16:46:10,167 - ResourceManager : found operation/op-insert.vm with loader middlegen.KindFileResourceLoader
2016-07-18 16:46:10,168 - ResourceManager : found operation/op-javadoc.vm with loader middlegen.KindFileResourceLoader
2016-07-18 16:46:10,169 - ResourceManager : found operation/op-signature.vm with loader middlegen.KindFileResourceLoader
2016-07-18 16:46:10,170 - ResourceManager : found operation/opbody-insert.vm with loader middlegen.KindFileResourceLoader
2016-07-18 16:46:10,171 - ResourceManager : found operation/op-update.vm with loader middlegen.KindFileResourceLoader
2016-07-18 16:46:10,172 - ResourceManager : found operation/op-javadoc.vm with loader middlegen.KindFileResourceLoader
2016-07-18 16:46:10,173 - ResourceManager : found operation/op-signature.vm with loader middlegen.KindFileResourceLoader
2016-07-18 16:46:10,177 - ResourceManager : found operation/opbody-update.vm with loader middlegen.KindFileResourceLoader
2016-07-18 16:46:10,182 - ResourceManager : found operation/op-select.vm with loader middlegen.KindFileResourceLoader
2016-07-18 16:46:10,183 - ResourceManager : found operation/op-javadoc.vm with loader middlegen.KindFileResourceLoader
2016-07-18 16:46:10,184 - ResourceManager : found operation/op-signature.vm with loader middlegen.KindFileResourceLoader
2016-07-18 16:46:10,190 - ResourceManager : found operation/opbody-select.vm with loader middlegen.KindFileResourceLoader
2016-07-18 16:46:10,192 - ResourceManager : found operation/op-delete.vm with loader middlegen.KindFileResourceLoader
2016-07-18 16:46:10,193 - ResourceManager : found operation/op-javadoc.vm with loader middlegen.KindFileResourceLoader
2016-07-18 16:46:10,194 - ResourceManager : found operation/op-signature.vm with loader middlegen.KindFileResourceLoader
2016-07-18 16:46:10,197 - ResourceManager : found operation/opbody-delete.vm with loader middlegen.KindFileResourceLoader
2016-07-18 16:46:10,198 - ResourceManager : found operation/op-select.vm with loader middlegen.KindFileResourceLoader
2016-07-18 16:46:10,199 - ResourceManager : found operation/op-javadoc.vm with loader middlegen.KindFileResourceLoader
2016-07-18 16:46:10,201 - ResourceManager : found operation/op-signature.vm with loader middlegen.KindFileResourceLoader
2016-07-18 16:46:10,206 - ResourceManager : found operation/opbody-select.vm with loader middlegen.KindFileResourceLoader
2016-07-18 16:46:10,207 - ResourceManager : found operation/op-select.vm with loader middlegen.KindFileResourceLoader
2016-07-18 16:46:10,208 - ResourceManager : found operation/op-javadoc.vm with loader middlegen.KindFileResourceLoader
2016-07-18 16:46:10,210 - ResourceManager : found operation/op-signature.vm with loader middlegen.KindFileResourceLoader
2016-07-18 16:46:10,213 - ResourceManager : found operation/opbody-select.vm with loader middlegen.KindFileResourceLoader
2016-07-18 16:46:10,222 - ResourceManager : found description-xml.vm with loader middlegen.KindFileResourceLoader
