******************************************
2016-06-14 11:45:45
******************************************
익郞:
[compile]C:\Users\hong\.m2\repository\commons-collections\commons-collections\3.2.1\commons-collections-3.2.1.jar
[compile]C:\Users\hong\.m2\repository\commons-beanutils\commons-beanutils\1.8.2\commons-beanutils-1.8.2.jar
郞嫁org/apache/commons/collections/ArrayStack.class
익郞:
[compile]C:\Users\hong\.m2\repository\fakepath\apache-batik\1.0\apache-batik-1.0.jar
[compile]C:\Users\hong\.m2\repository\xml-apis\xml-apis\1.0.b2\xml-apis-1.0.b2.jar
郞嫁org/w3c/dom/traversal/DocumentTraversal.class
******************************************
2016-06-14 16:54:55
******************************************
익郞:
[compile]C:\Users\hong\.m2\repository\commons-collections\commons-collections\3.2.1\commons-collections-3.2.1.jar
[compile]C:\Users\hong\.m2\repository\commons-beanutils\commons-beanutils\1.8.2\commons-beanutils-1.8.2.jar
郞嫁org/apache/commons/collections/ArrayStack.class
익郞:
[compile]C:\Users\hong\.m2\repository\fakepath\apache-batik\1.0\apache-batik-1.0.jar
[compile]C:\Users\hong\.m2\repository\xml-apis\xml-apis\1.0.b2\xml-apis-1.0.b2.jar
郞嫁org/w3c/dom/traversal/DocumentTraversal.class
******************************************
2016-06-25 13:51:54
******************************************
익郞:
[compile]C:\Users\hong\.m2\repository\commons-collections\commons-collections\3.2.1\commons-collections-3.2.1.jar
[compile]C:\Users\hong\.m2\repository\commons-beanutils\commons-beanutils\1.8.2\commons-beanutils-1.8.2.jar
郞嫁org/apache/commons/collections/ArrayStack.class
익郞:
[compile]C:\Users\hong\.m2\repository\fakepath\apache-batik\1.0\apache-batik-1.0.jar
[compile]C:\Users\hong\.m2\repository\xml-apis\xml-apis\1.0.b2\xml-apis-1.0.b2.jar
郞嫁org/w3c/dom/traversal/DocumentTraversal.class
******************************************
2016-06-29 10:00:31
******************************************
익郞:
[compile]C:\Users\hong\.m2\repository\commons-collections\commons-collections\3.2.1\commons-collections-3.2.1.jar
[compile]C:\Users\hong\.m2\repository\commons-beanutils\commons-beanutils\1.8.2\commons-beanutils-1.8.2.jar
郞嫁org/apache/commons/collections/ArrayStack.class
익郞:
[compile]C:\Users\hong\.m2\repository\fakepath\apache-batik\1.0\apache-batik-1.0.jar
[compile]C:\Users\hong\.m2\repository\xml-apis\xml-apis\1.0.b2\xml-apis-1.0.b2.jar
郞嫁org/w3c/dom/traversal/DocumentTraversal.class
******************************************
2016-07-01 10:21:45
******************************************
익郞:
[compile]C:\Users\hong\.m2\repository\commons-collections\commons-collections\3.2.1\commons-collections-3.2.1.jar
[compile]C:\Users\hong\.m2\repository\commons-beanutils\commons-beanutils\1.8.2\commons-beanutils-1.8.2.jar
郞嫁org/apache/commons/collections/ArrayStack.class
익郞:
[compile]C:\Users\hong\.m2\repository\fakepath\apache-batik\1.0\apache-batik-1.0.jar
[compile]C:\Users\hong\.m2\repository\xml-apis\xml-apis\1.0.b2\xml-apis-1.0.b2.jar
郞嫁org/w3c/dom/traversal/DocumentTraversal.class
******************************************
2016-07-01 10:23:33
******************************************
익郞:
[compile]C:\Users\hong\.m2\repository\commons-collections\commons-collections\3.2.1\commons-collections-3.2.1.jar
[compile]C:\Users\hong\.m2\repository\commons-beanutils\commons-beanutils\1.8.2\commons-beanutils-1.8.2.jar
郞嫁org/apache/commons/collections/ArrayStack.class
익郞:
[compile]C:\Users\hong\.m2\repository\fakepath\apache-batik\1.0\apache-batik-1.0.jar
[compile]C:\Users\hong\.m2\repository\xml-apis\xml-apis\1.0.b2\xml-apis-1.0.b2.jar
郞嫁org/w3c/dom/traversal/DocumentTraversal.class
******************************************
2016-07-11 14:06:42
******************************************
익郞:
[compile]C:\Users\hong\.m2\repository\commons-collections\commons-collections\3.2.1\commons-collections-3.2.1.jar
[compile]C:\Users\hong\.m2\repository\commons-beanutils\commons-beanutils\1.8.2\commons-beanutils-1.8.2.jar
郞嫁org/apache/commons/collections/ArrayStack.class
익郞:
[compile]C:\Users\hong\.m2\repository\fakepath\apache-batik\1.0\apache-batik-1.0.jar
[compile]C:\Users\hong\.m2\repository\xml-apis\xml-apis\1.0.b2\xml-apis-1.0.b2.jar
郞嫁org/w3c/dom/traversal/DocumentTraversal.class
******************************************
2016-07-11 14:08:56
******************************************
익郞:
[compile]C:\Users\hong\.m2\repository\commons-collections\commons-collections\3.2.1\commons-collections-3.2.1.jar
[compile]C:\Users\hong\.m2\repository\commons-beanutils\commons-beanutils\1.8.2\commons-beanutils-1.8.2.jar
郞嫁org/apache/commons/collections/ArrayStack.class
익郞:
[compile]C:\Users\hong\.m2\repository\fakepath\apache-batik\1.0\apache-batik-1.0.jar
[compile]C:\Users\hong\.m2\repository\xml-apis\xml-apis\1.0.b2\xml-apis-1.0.b2.jar
郞嫁org/w3c/dom/traversal/DocumentTraversal.class
******************************************
2016-07-11 16:15:54
******************************************
익郞:
[compile]C:\Users\hong\.m2\repository\commons-collections\commons-collections\3.2.1\commons-collections-3.2.1.jar
[compile]C:\Users\hong\.m2\repository\commons-beanutils\commons-beanutils\1.8.2\commons-beanutils-1.8.2.jar
郞嫁org/apache/commons/collections/ArrayStack.class
익郞:
[compile]C:\Users\hong\.m2\repository\fakepath\apache-batik\1.0\apache-batik-1.0.jar
[compile]C:\Users\hong\.m2\repository\xml-apis\xml-apis\1.0.b2\xml-apis-1.0.b2.jar
郞嫁org/w3c/dom/traversal/DocumentTraversal.class
