******************************************
2016-02-18 15:17:39
******************************************
익郞:
[compile]F:\jar\repository\commons-collections\commons-collections\3.2.1\commons-collections-3.2.1.jar
[compile]F:\jar\repository\commons-beanutils\commons-beanutils\1.8.2\commons-beanutils-1.8.2.jar
郞嫁org/apache/commons/collections/ArrayStack.class
익郞:
[compile]F:\jar\repository\fakepath\apache-batik\1.0\apache-batik-1.0.jar
[compile]F:\jar\repository\xml-apis\xml-apis\1.0.b2\xml-apis-1.0.b2.jar
郞嫁org/w3c/dom/traversal/DocumentTraversal.class
익郞:
[compile]F:\jar\repository\commons-logging\commons-logging\1.1.3\commons-logging-1.1.3.jar
[compile]F:\jar\repository\commons-logging\commons-logging\1.1.1\commons-logging-1.1.1.jar
郞嫁org/apache/commons/logging/impl/AvalonLogger.class
익郞:
[compile]F:\jar\repository\com\github\rop\rop-client\2.0\rop-client-2.0.jar
[compile]F:\jar\repository\org\mapu\rop\rop-client\1.0.1\rop-client-1.0.1.jar
郞嫁rop/client/ClientRequest.class
익郞:
[compile]F:\jar\repository\com\github\rop\rop-common\2.0\rop-common-2.0.jar
[compile]F:\jar\repository\org\mapu\rop\rop-common\1.0.1\rop-common-1.0.1.jar
郞嫁rop/annotation/IgnoreSign.class
익郞:
[compile]F:\jar\repository\commons-configuration\commons-configuration\1.5\commons-configuration-1.5.jar
[compile]F:\jar\repository\commons-configuration\commons-configuration\1.9\commons-configuration-1.9.jar
郞嫁org/apache/commons/configuration/AbstractConfiguration$1.class
익郞:
[compile]F:\jar\repository\commons-collections\commons-collections\3.2\commons-collections-3.2.jar
[compile]F:\jar\repository\commons-collections\commons-collections\3.2.1\commons-collections-3.2.1.jar
郞嫁org/apache/commons/collections/ArrayStack.class
익郞:
[compile]F:\jar\repository\com\yjf\yrd\yrd-facade-wsp\1.0.1.ne8-SNAPSHOT\yrd-facade-wsp-1.0.1.ne8-SNAPSHOT.jar
[compile]E:\CODE\e8_trunk\yrd-facade-wsp\target\yrd-facade-wsp-1.0.1.ne8test-SNAPSHOT.jar
郞嫁com/yjf/yrd/ws/base/info/BankBasicInfo.class
익郞:
[compile]F:\jar\repository\asm\asm\3.3.1\asm-3.3.1.jar
[compile]F:\jar\repository\org\ow2\asm\asm\4.0\asm-4.0.jar
郞嫁org/objectweb/asm/AnnotationVisitor.class
익郞:
[compile]F:\jar\repository\javax\mail\mail\1.4.6-rc1\mail-1.4.6-rc1.jar
[compile]F:\jar\repository\org\apache\geronimo\specs\geronimo-javamail_1.4_spec\1.7.1\geronimo-javamail_1.4_spec-1.7.1.jar
郞嫁javax/mail/IllegalWriteException.class
익郞:
[compile]F:\jar\repository\commons-beanutils\commons-beanutils-core\1.7.0\commons-beanutils-core-1.7.0.jar
[compile]F:\jar\repository\commons-beanutils\commons-beanutils\1.8.2\commons-beanutils-1.8.2.jar
郞嫁org/apache/commons/beanutils/converters/AbstractArrayConverter.class
익郞:
[compile]F:\jar\repository\xom\xom\1.2.5\xom-1.2.5.jar
[compile]F:\jar\repository\org\apache\xmlbeans\xmlbeans\2.5.0\xmlbeans-2.5.0.jar
郞嫁org/w3c/dom/UserDataHandler.class
익郞:
[compile]F:\jar\repository\org\apache\xmlgraphics\batik-css\1.7\batik-css-1.7.jar
[compile]F:\jar\repository\fakepath\apache-batik\1.0\apache-batik-1.0.jar
郞嫁org/apache/batik/css/dom/CSSOMComputedStyle$ComputedCSSValue.class
익郞:
[compile]F:\jar\repository\org\apache\xmlgraphics\batik-ext\1.7\batik-ext-1.7.jar
[compile]F:\jar\repository\xml-apis\xml-apis\1.0.b2\xml-apis-1.0.b2.jar
郞嫁org/w3c/dom/events/DocumentEvent.class
익郞:
[compile]F:\jar\repository\org\apache\xmlgraphics\batik-util\1.7\batik-util-1.7.jar
[compile]F:\jar\repository\fakepath\apache-batik\1.0\apache-batik-1.0.jar
郞嫁org/apache/batik/i18n/ExtendedLocalizable.class
익郞:
[compile]F:\jar\repository\xml-apis\xml-apis-ext\1.3.04\xml-apis-ext-1.3.04.jar
[compile]F:\jar\repository\fakepath\apache-batik\1.0\apache-batik-1.0.jar
郞嫁org/w3c/css/sac/AttributeCondition.class
익郞:
[compile]F:\jar\repository\com\yjf\yrd\yrd-dal\1.0.1.ne8-SNAPSHOT\yrd-dal-1.0.1.ne8-SNAPSHOT.jar
[compile]E:\CODE\e8_trunk\yrd-dal\target\yrd-dal-1.0.1.ne8test-SNAPSHOT.jar
郞嫁com/yjf/yrd/dal/common/DalConstants.class
익郞:
[compile]F:\jar\repository\com\yjf\yrd\yrd-integration\1.0.1.ne8-SNAPSHOT\yrd-integration-1.0.1.ne8-SNAPSHOT.jar
[compile]E:\CODE\e8_trunk\yrd-integration\target\yrd-integration-1.0.1.ne8test-SNAPSHOT.jar
郞嫁com/yjf/yrd/integration/bornapi/BornApiConfigTransfer.class
익郞:
[compile]F:\jar\repository\com\yjf\yrd\yrd-domain\1.0.1.ne8-SNAPSHOT\yrd-domain-1.0.1.ne8-SNAPSHOT.jar
[compile]E:\CODE\e8_trunk\yrd-domain\target\yrd-domain-1.0.1.ne8test-SNAPSHOT.jar
郞嫁com/yjf/yrd/domain/AmountFlowDomain.class
익郞:
[compile]F:\jar\repository\commons-logging\commons-logging\1.1.0.jboss\commons-logging-1.1.0.jboss.jar
[compile]F:\jar\repository\commons-logging\commons-logging\1.1.3\commons-logging-1.1.3.jar
郞嫁org/apache/commons/logging/Log.class
익郞:
[compile]F:\jar\repository\commons-lang\commons-lang\2.2\commons-lang-2.2.jar
[compile]F:\jar\repository\commons-lang\commons-lang\2.6\commons-lang-2.6.jar
郞嫁org/apache/commons/lang/ArrayUtils.class
익郞:
[compile]F:\jar\repository\commons-collections\commons-collections\3.1\commons-collections-3.1.jar
[compile]F:\jar\repository\commons-beanutils\commons-beanutils-core\1.7.0\commons-beanutils-core-1.7.0.jar
郞嫁org/apache/commons/collections/ArrayStack.class
익郞:
[compile]F:\jar\repository\commons-beanutils\commons-beanutils\1.7.0\commons-beanutils-1.7.0.jar
[compile]F:\jar\repository\commons-beanutils\commons-beanutils\1.8.2\commons-beanutils-1.8.2.jar
郞嫁org/apache/commons/beanutils/BeanComparator.class
익郞:
[compile]F:\jar\repository\commons-digester\commons-digester\1.7\commons-digester-1.7.jar
[compile]F:\jar\repository\commons-digester\commons-digester\2.0\commons-digester-2.0.jar
郞嫁org/apache/commons/digester/plugins/strategies/FinderFromDfltMethod.class
익郞:
[compile]F:\jar\repository\com\google\kaptcha\kaptcha\2.3.2\kaptcha-2.3.2.jar
[compile]F:\jar\repository\nl\captcha\simplecaptcha\1.2.1\simplecaptcha-1.2.1.jar
郞嫁com/jhlabs/image/ArrayColormap.class
익郞:
[compile]F:\jar\repository\commons-fileupload\commons-fileupload\1.3.1\commons-fileupload-1.3.1.jar
[compile]F:\jar\repository\commons-fileupload\commons-fileupload\1.2\commons-fileupload-1.2.jar
郞嫁org/apache/commons/fileupload/DefaultFileItem.class
익郞:
[compile]F:\jar\repository\commons-io\commons-io\2.2\commons-io-2.2.jar
[compile]F:\jar\repository\commons-io\commons-io\2.4\commons-io-2.4.jar
郞嫁org/apache/commons/io/ByteOrderMark.class
익郞:
[compile]F:\jar\repository\com\yjf\yrd\yrd-common-util\1.0.1.ne8-SNAPSHOT\yrd-common-util-1.0.1.ne8-SNAPSHOT.jar
[compile]E:\CODE\e8_trunk\yrd-common-util\target\yrd-common-util-1.0.1.ne8test-SNAPSHOT.jar
郞嫁com/yjf/yrd/page/Page.class
익郞:
[compile]F:\jar\repository\commons-codec\commons-codec\1.9\commons-codec-1.9.jar
[compile]F:\jar\repository\commons-codec\commons-codec\1.8\commons-codec-1.8.jar
郞嫁org/apache/commons/codec/binary/Base32.class
익郞:
[compile]F:\jar\repository\org\apache\poi\poi\3.9\poi-3.9.jar
[compile]F:\jar\repository\org\apache\poi\poi\3.7\poi-3.7.jar
郞嫁org/apache/poi/EncryptedDocumentException.class
익郞:
[compile]F:\jar\repository\dom4j\dom4j\1.1\dom4j-1.1.jar
[compile]F:\jar\repository\dom4j\dom4j\1.6.1\dom4j-1.6.1.jar
郞嫁org/dom4j/dom/DOMText.class
익郞:
[compile]F:\jar\repository\com\yjf\yrd\yrd-biz\1.0.1.ne8-SNAPSHOT\yrd-biz-1.0.1.ne8-SNAPSHOT.jar
[compile]E:\CODE\e8_trunk\yrd-biz\target\yrd-biz-1.0.1.ne8test-SNAPSHOT.jar
郞嫁com/yjf/yrd/activity/ActivityEnum.class
익郞:
[compile]F:\jar\repository\com\yjf\yrd\yrd-facade\1.0.1.ne8-SNAPSHOT\yrd-facade-1.0.1.ne8-SNAPSHOT.jar
[compile]E:\CODE\e8_trunk\yrd-facade\target\yrd-facade-1.0.1.ne8test-SNAPSHOT.jar
郞嫁com/yjf/yrd/rs/base/enums/YrdServiceEnum.class
익郞:
[test]F:\jar\repository\org\apache\tomcat\embed\tomcat-embed-core\7.0.39\tomcat-embed-core-7.0.39.jar
[provided]F:\jar\repository\javax\servlet\javax.servlet-api\3.0.1\javax.servlet-api-3.0.1.jar
郞嫁javax/servlet/AsyncContext.class
******************************************
2016-02-19 16:30:54
******************************************
익郞:
[compile]F:\jar\repository\commons-collections\commons-collections\3.2.1\commons-collections-3.2.1.jar
[compile]F:\jar\repository\commons-beanutils\commons-beanutils\1.8.2\commons-beanutils-1.8.2.jar
郞嫁org/apache/commons/collections/ArrayStack.class
익郞:
[compile]F:\jar\repository\fakepath\apache-batik\1.0\apache-batik-1.0.jar
[compile]F:\jar\repository\xml-apis\xml-apis\1.0.b2\xml-apis-1.0.b2.jar
郞嫁org/w3c/dom/traversal/DocumentTraversal.class
익郞:
[compile]F:\jar\repository\commons-logging\commons-logging\1.1.3\commons-logging-1.1.3.jar
[compile]F:\jar\repository\commons-logging\commons-logging\1.1.1\commons-logging-1.1.1.jar
郞嫁org/apache/commons/logging/impl/AvalonLogger.class
익郞:
[compile]F:\jar\repository\com\github\rop\rop-client\2.0\rop-client-2.0.jar
[compile]F:\jar\repository\org\mapu\rop\rop-client\1.0.1\rop-client-1.0.1.jar
郞嫁rop/client/ClientRequest.class
익郞:
[compile]F:\jar\repository\com\github\rop\rop-common\2.0\rop-common-2.0.jar
[compile]F:\jar\repository\org\mapu\rop\rop-common\1.0.1\rop-common-1.0.1.jar
郞嫁rop/annotation/IgnoreSign.class
익郞:
[compile]F:\jar\repository\commons-configuration\commons-configuration\1.5\commons-configuration-1.5.jar
[compile]F:\jar\repository\commons-configuration\commons-configuration\1.9\commons-configuration-1.9.jar
郞嫁org/apache/commons/configuration/AbstractConfiguration$1.class
익郞:
[compile]F:\jar\repository\commons-collections\commons-collections\3.2\commons-collections-3.2.jar
[compile]F:\jar\repository\commons-collections\commons-collections\3.2.1\commons-collections-3.2.1.jar
郞嫁org/apache/commons/collections/ArrayStack.class
익郞:
[compile]F:\jar\repository\com\yjf\yrd\yrd-facade-wsp\1.0.1.ne8-SNAPSHOT\yrd-facade-wsp-1.0.1.ne8-SNAPSHOT.jar
[compile]E:\CODE\e8_trunk\yrd-facade-wsp\target\yrd-facade-wsp-1.0.1.ne8test-SNAPSHOT.jar
郞嫁com/yjf/yrd/ws/base/info/BankBasicInfo.class
익郞:
[compile]F:\jar\repository\asm\asm\3.3.1\asm-3.3.1.jar
[compile]F:\jar\repository\org\ow2\asm\asm\4.0\asm-4.0.jar
郞嫁org/objectweb/asm/AnnotationVisitor.class
익郞:
[compile]F:\jar\repository\javax\mail\mail\1.4.6-rc1\mail-1.4.6-rc1.jar
[compile]F:\jar\repository\org\apache\geronimo\specs\geronimo-javamail_1.4_spec\1.7.1\geronimo-javamail_1.4_spec-1.7.1.jar
郞嫁javax/mail/IllegalWriteException.class
익郞:
[compile]F:\jar\repository\commons-beanutils\commons-beanutils-core\1.7.0\commons-beanutils-core-1.7.0.jar
[compile]F:\jar\repository\commons-beanutils\commons-beanutils\1.8.2\commons-beanutils-1.8.2.jar
郞嫁org/apache/commons/beanutils/converters/AbstractArrayConverter.class
익郞:
[compile]F:\jar\repository\xom\xom\1.2.5\xom-1.2.5.jar
[compile]F:\jar\repository\org\apache\xmlbeans\xmlbeans\2.5.0\xmlbeans-2.5.0.jar
郞嫁org/w3c/dom/UserDataHandler.class
익郞:
[compile]F:\jar\repository\org\apache\xmlgraphics\batik-css\1.7\batik-css-1.7.jar
[compile]F:\jar\repository\fakepath\apache-batik\1.0\apache-batik-1.0.jar
郞嫁org/apache/batik/css/dom/CSSOMComputedStyle$ComputedCSSValue.class
익郞:
[compile]F:\jar\repository\org\apache\xmlgraphics\batik-ext\1.7\batik-ext-1.7.jar
[compile]F:\jar\repository\xml-apis\xml-apis\1.0.b2\xml-apis-1.0.b2.jar
郞嫁org/w3c/dom/events/DocumentEvent.class
익郞:
[compile]F:\jar\repository\org\apache\xmlgraphics\batik-util\1.7\batik-util-1.7.jar
[compile]F:\jar\repository\fakepath\apache-batik\1.0\apache-batik-1.0.jar
郞嫁org/apache/batik/i18n/ExtendedLocalizable.class
익郞:
[compile]F:\jar\repository\xml-apis\xml-apis-ext\1.3.04\xml-apis-ext-1.3.04.jar
[compile]F:\jar\repository\fakepath\apache-batik\1.0\apache-batik-1.0.jar
郞嫁org/w3c/css/sac/AttributeCondition.class
익郞:
[compile]F:\jar\repository\com\yjf\yrd\yrd-dal\1.0.1.ne8-SNAPSHOT\yrd-dal-1.0.1.ne8-SNAPSHOT.jar
[compile]E:\CODE\e8_trunk\yrd-dal\target\yrd-dal-1.0.1.ne8test-SNAPSHOT.jar
郞嫁com/yjf/yrd/dal/common/DalConstants.class
익郞:
[compile]F:\jar\repository\com\yjf\yrd\yrd-integration\1.0.1.ne8-SNAPSHOT\yrd-integration-1.0.1.ne8-SNAPSHOT.jar
[compile]E:\CODE\e8_trunk\yrd-integration\target\yrd-integration-1.0.1.ne8test-SNAPSHOT.jar
郞嫁com/yjf/yrd/integration/bornapi/BornApiConfigTransfer.class
익郞:
[compile]F:\jar\repository\com\yjf\yrd\yrd-domain\1.0.1.ne8-SNAPSHOT\yrd-domain-1.0.1.ne8-SNAPSHOT.jar
[compile]E:\CODE\e8_trunk\yrd-domain\target\yrd-domain-1.0.1.ne8test-SNAPSHOT.jar
郞嫁com/yjf/yrd/domain/AmountFlowDomain.class
익郞:
[compile]F:\jar\repository\commons-logging\commons-logging\1.1.0.jboss\commons-logging-1.1.0.jboss.jar
[compile]F:\jar\repository\commons-logging\commons-logging\1.1.3\commons-logging-1.1.3.jar
郞嫁org/apache/commons/logging/Log.class
익郞:
[compile]F:\jar\repository\commons-lang\commons-lang\2.2\commons-lang-2.2.jar
[compile]F:\jar\repository\commons-lang\commons-lang\2.6\commons-lang-2.6.jar
郞嫁org/apache/commons/lang/ArrayUtils.class
익郞:
[compile]F:\jar\repository\commons-collections\commons-collections\3.1\commons-collections-3.1.jar
[compile]F:\jar\repository\commons-beanutils\commons-beanutils-core\1.7.0\commons-beanutils-core-1.7.0.jar
郞嫁org/apache/commons/collections/ArrayStack.class
익郞:
[compile]F:\jar\repository\commons-beanutils\commons-beanutils\1.7.0\commons-beanutils-1.7.0.jar
[compile]F:\jar\repository\commons-beanutils\commons-beanutils\1.8.2\commons-beanutils-1.8.2.jar
郞嫁org/apache/commons/beanutils/BeanComparator.class
익郞:
[compile]F:\jar\repository\commons-digester\commons-digester\1.7\commons-digester-1.7.jar
[compile]F:\jar\repository\commons-digester\commons-digester\2.0\commons-digester-2.0.jar
郞嫁org/apache/commons/digester/plugins/strategies/FinderFromDfltMethod.class
익郞:
[compile]F:\jar\repository\com\google\kaptcha\kaptcha\2.3.2\kaptcha-2.3.2.jar
[compile]F:\jar\repository\nl\captcha\simplecaptcha\1.2.1\simplecaptcha-1.2.1.jar
郞嫁com/jhlabs/image/ArrayColormap.class
익郞:
[compile]F:\jar\repository\commons-fileupload\commons-fileupload\1.3.1\commons-fileupload-1.3.1.jar
[compile]F:\jar\repository\commons-fileupload\commons-fileupload\1.2\commons-fileupload-1.2.jar
郞嫁org/apache/commons/fileupload/DefaultFileItem.class
익郞:
[compile]F:\jar\repository\commons-io\commons-io\2.2\commons-io-2.2.jar
[compile]F:\jar\repository\commons-io\commons-io\2.4\commons-io-2.4.jar
郞嫁org/apache/commons/io/ByteOrderMark.class
익郞:
[compile]F:\jar\repository\com\yjf\yrd\yrd-common-util\1.0.1.ne8-SNAPSHOT\yrd-common-util-1.0.1.ne8-SNAPSHOT.jar
[compile]E:\CODE\e8_trunk\yrd-common-util\target\yrd-common-util-1.0.1.ne8test-SNAPSHOT.jar
郞嫁com/yjf/yrd/page/Page.class
익郞:
[compile]F:\jar\repository\commons-codec\commons-codec\1.9\commons-codec-1.9.jar
[compile]F:\jar\repository\commons-codec\commons-codec\1.8\commons-codec-1.8.jar
郞嫁org/apache/commons/codec/binary/Base32.class
익郞:
[compile]F:\jar\repository\org\apache\poi\poi\3.9\poi-3.9.jar
[compile]F:\jar\repository\org\apache\poi\poi\3.7\poi-3.7.jar
郞嫁org/apache/poi/EncryptedDocumentException.class
익郞:
[compile]F:\jar\repository\dom4j\dom4j\1.1\dom4j-1.1.jar
[compile]F:\jar\repository\dom4j\dom4j\1.6.1\dom4j-1.6.1.jar
郞嫁org/dom4j/dom/DOMText.class
익郞:
[compile]F:\jar\repository\com\yjf\yrd\yrd-biz\1.0.1.ne8-SNAPSHOT\yrd-biz-1.0.1.ne8-SNAPSHOT.jar
[compile]E:\CODE\e8_trunk\yrd-biz\target\yrd-biz-1.0.1.ne8test-SNAPSHOT.jar
郞嫁com/yjf/yrd/activity/ActivityEnum.class
익郞:
[compile]F:\jar\repository\com\yjf\yrd\yrd-facade\1.0.1.ne8-SNAPSHOT\yrd-facade-1.0.1.ne8-SNAPSHOT.jar
[compile]E:\CODE\e8_trunk\yrd-facade\target\yrd-facade-1.0.1.ne8test-SNAPSHOT.jar
郞嫁com/yjf/yrd/rs/base/enums/YrdServiceEnum.class
익郞:
[test]F:\jar\repository\org\apache\tomcat\embed\tomcat-embed-core\7.0.39\tomcat-embed-core-7.0.39.jar
[provided]F:\jar\repository\javax\servlet\javax.servlet-api\3.0.1\javax.servlet-api-3.0.1.jar
郞嫁javax/servlet/AsyncContext.class
******************************************
2016-02-19 17:47:25
******************************************
익郞:
[compile]F:\jar\repository\commons-collections\commons-collections\3.2.1\commons-collections-3.2.1.jar
[compile]F:\jar\repository\commons-beanutils\commons-beanutils\1.8.2\commons-beanutils-1.8.2.jar
郞嫁org/apache/commons/collections/ArrayStack.class
익郞:
[compile]F:\jar\repository\fakepath\apache-batik\1.0\apache-batik-1.0.jar
[compile]F:\jar\repository\xml-apis\xml-apis\1.0.b2\xml-apis-1.0.b2.jar
郞嫁org/w3c/dom/traversal/DocumentTraversal.class
익郞:
[compile]F:\jar\repository\commons-logging\commons-logging\1.1.3\commons-logging-1.1.3.jar
[compile]F:\jar\repository\commons-logging\commons-logging\1.1.1\commons-logging-1.1.1.jar
郞嫁org/apache/commons/logging/impl/AvalonLogger.class
익郞:
[compile]F:\jar\repository\com\github\rop\rop-client\2.0\rop-client-2.0.jar
[compile]F:\jar\repository\org\mapu\rop\rop-client\1.0.1\rop-client-1.0.1.jar
郞嫁rop/client/ClientRequest.class
익郞:
[compile]F:\jar\repository\com\github\rop\rop-common\2.0\rop-common-2.0.jar
[compile]F:\jar\repository\org\mapu\rop\rop-common\1.0.1\rop-common-1.0.1.jar
郞嫁rop/annotation/IgnoreSign.class
익郞:
[compile]F:\jar\repository\commons-configuration\commons-configuration\1.5\commons-configuration-1.5.jar
[compile]F:\jar\repository\commons-configuration\commons-configuration\1.9\commons-configuration-1.9.jar
郞嫁org/apache/commons/configuration/AbstractConfiguration$1.class
익郞:
[compile]F:\jar\repository\commons-collections\commons-collections\3.2\commons-collections-3.2.jar
[compile]F:\jar\repository\commons-collections\commons-collections\3.2.1\commons-collections-3.2.1.jar
郞嫁org/apache/commons/collections/ArrayStack.class
익郞:
[compile]F:\jar\repository\com\yjf\yrd\yrd-facade-wsp\1.0.1.ne8-SNAPSHOT\yrd-facade-wsp-1.0.1.ne8-SNAPSHOT.jar
[compile]E:\CODE\e8_trunk\yrd-facade-wsp\target\yrd-facade-wsp-1.0.1.ne8test-SNAPSHOT.jar
郞嫁com/yjf/yrd/ws/base/info/BankBasicInfo.class
익郞:
[compile]F:\jar\repository\asm\asm\3.3.1\asm-3.3.1.jar
[compile]F:\jar\repository\org\ow2\asm\asm\4.0\asm-4.0.jar
郞嫁org/objectweb/asm/AnnotationVisitor.class
익郞:
[compile]F:\jar\repository\javax\mail\mail\1.4.6-rc1\mail-1.4.6-rc1.jar
[compile]F:\jar\repository\org\apache\geronimo\specs\geronimo-javamail_1.4_spec\1.7.1\geronimo-javamail_1.4_spec-1.7.1.jar
郞嫁javax/mail/IllegalWriteException.class
익郞:
[compile]F:\jar\repository\commons-beanutils\commons-beanutils-core\1.7.0\commons-beanutils-core-1.7.0.jar
[compile]F:\jar\repository\commons-beanutils\commons-beanutils\1.8.2\commons-beanutils-1.8.2.jar
郞嫁org/apache/commons/beanutils/converters/AbstractArrayConverter.class
익郞:
[compile]F:\jar\repository\xom\xom\1.2.5\xom-1.2.5.jar
[compile]F:\jar\repository\org\apache\xmlbeans\xmlbeans\2.5.0\xmlbeans-2.5.0.jar
郞嫁org/w3c/dom/UserDataHandler.class
익郞:
[compile]F:\jar\repository\org\apache\xmlgraphics\batik-css\1.7\batik-css-1.7.jar
[compile]F:\jar\repository\fakepath\apache-batik\1.0\apache-batik-1.0.jar
郞嫁org/apache/batik/css/dom/CSSOMComputedStyle$ComputedCSSValue.class
익郞:
[compile]F:\jar\repository\org\apache\xmlgraphics\batik-ext\1.7\batik-ext-1.7.jar
[compile]F:\jar\repository\xml-apis\xml-apis\1.0.b2\xml-apis-1.0.b2.jar
郞嫁org/w3c/dom/events/DocumentEvent.class
익郞:
[compile]F:\jar\repository\org\apache\xmlgraphics\batik-util\1.7\batik-util-1.7.jar
[compile]F:\jar\repository\fakepath\apache-batik\1.0\apache-batik-1.0.jar
郞嫁org/apache/batik/i18n/ExtendedLocalizable.class
익郞:
[compile]F:\jar\repository\xml-apis\xml-apis-ext\1.3.04\xml-apis-ext-1.3.04.jar
[compile]F:\jar\repository\fakepath\apache-batik\1.0\apache-batik-1.0.jar
郞嫁org/w3c/css/sac/AttributeCondition.class
익郞:
[compile]F:\jar\repository\com\yjf\yrd\yrd-dal\1.0.1.ne8-SNAPSHOT\yrd-dal-1.0.1.ne8-SNAPSHOT.jar
[compile]E:\CODE\e8_trunk\yrd-dal\target\yrd-dal-1.0.1.ne8test-SNAPSHOT.jar
郞嫁com/yjf/yrd/dal/common/DalConstants.class
익郞:
[compile]F:\jar\repository\com\yjf\yrd\yrd-integration\1.0.1.ne8-SNAPSHOT\yrd-integration-1.0.1.ne8-SNAPSHOT.jar
[compile]E:\CODE\e8_trunk\yrd-integration\target\yrd-integration-1.0.1.ne8test-SNAPSHOT.jar
郞嫁com/yjf/yrd/integration/bornapi/BornApiConfigTransfer.class
익郞:
[compile]F:\jar\repository\com\yjf\yrd\yrd-domain\1.0.1.ne8-SNAPSHOT\yrd-domain-1.0.1.ne8-SNAPSHOT.jar
[compile]E:\CODE\e8_trunk\yrd-domain\target\yrd-domain-1.0.1.ne8test-SNAPSHOT.jar
郞嫁com/yjf/yrd/domain/AmountFlowDomain.class
익郞:
[compile]F:\jar\repository\commons-logging\commons-logging\1.1.0.jboss\commons-logging-1.1.0.jboss.jar
[compile]F:\jar\repository\commons-logging\commons-logging\1.1.3\commons-logging-1.1.3.jar
郞嫁org/apache/commons/logging/Log.class
익郞:
[compile]F:\jar\repository\commons-lang\commons-lang\2.2\commons-lang-2.2.jar
[compile]F:\jar\repository\commons-lang\commons-lang\2.6\commons-lang-2.6.jar
郞嫁org/apache/commons/lang/ArrayUtils.class
익郞:
[compile]F:\jar\repository\commons-collections\commons-collections\3.1\commons-collections-3.1.jar
[compile]F:\jar\repository\commons-beanutils\commons-beanutils-core\1.7.0\commons-beanutils-core-1.7.0.jar
郞嫁org/apache/commons/collections/ArrayStack.class
익郞:
[compile]F:\jar\repository\commons-beanutils\commons-beanutils\1.7.0\commons-beanutils-1.7.0.jar
[compile]F:\jar\repository\commons-beanutils\commons-beanutils\1.8.2\commons-beanutils-1.8.2.jar
郞嫁org/apache/commons/beanutils/BeanComparator.class
익郞:
[compile]F:\jar\repository\commons-digester\commons-digester\1.7\commons-digester-1.7.jar
[compile]F:\jar\repository\commons-digester\commons-digester\2.0\commons-digester-2.0.jar
郞嫁org/apache/commons/digester/plugins/strategies/FinderFromDfltMethod.class
익郞:
[compile]F:\jar\repository\com\google\kaptcha\kaptcha\2.3.2\kaptcha-2.3.2.jar
[compile]F:\jar\repository\nl\captcha\simplecaptcha\1.2.1\simplecaptcha-1.2.1.jar
郞嫁com/jhlabs/image/ArrayColormap.class
익郞:
[compile]F:\jar\repository\commons-fileupload\commons-fileupload\1.3.1\commons-fileupload-1.3.1.jar
[compile]F:\jar\repository\commons-fileupload\commons-fileupload\1.2\commons-fileupload-1.2.jar
郞嫁org/apache/commons/fileupload/DefaultFileItem.class
익郞:
[compile]F:\jar\repository\commons-io\commons-io\2.2\commons-io-2.2.jar
[compile]F:\jar\repository\commons-io\commons-io\2.4\commons-io-2.4.jar
郞嫁org/apache/commons/io/ByteOrderMark.class
익郞:
[compile]F:\jar\repository\com\yjf\yrd\yrd-common-util\1.0.1.ne8-SNAPSHOT\yrd-common-util-1.0.1.ne8-SNAPSHOT.jar
[compile]E:\CODE\e8_trunk\yrd-common-util\target\yrd-common-util-1.0.1.ne8test-SNAPSHOT.jar
郞嫁com/yjf/yrd/page/Page.class
익郞:
[compile]F:\jar\repository\commons-codec\commons-codec\1.9\commons-codec-1.9.jar
[compile]F:\jar\repository\commons-codec\commons-codec\1.8\commons-codec-1.8.jar
郞嫁org/apache/commons/codec/binary/Base32.class
익郞:
[compile]F:\jar\repository\org\apache\poi\poi\3.9\poi-3.9.jar
[compile]F:\jar\repository\org\apache\poi\poi\3.7\poi-3.7.jar
郞嫁org/apache/poi/EncryptedDocumentException.class
익郞:
[compile]F:\jar\repository\dom4j\dom4j\1.1\dom4j-1.1.jar
[compile]F:\jar\repository\dom4j\dom4j\1.6.1\dom4j-1.6.1.jar
郞嫁org/dom4j/dom/DOMText.class
익郞:
[compile]F:\jar\repository\com\yjf\yrd\yrd-biz\1.0.1.ne8-SNAPSHOT\yrd-biz-1.0.1.ne8-SNAPSHOT.jar
[compile]E:\CODE\e8_trunk\yrd-biz\target\yrd-biz-1.0.1.ne8test-SNAPSHOT.jar
郞嫁com/yjf/yrd/activity/ActivityEnum.class
익郞:
[compile]F:\jar\repository\com\yjf\yrd\yrd-facade\1.0.1.ne8-SNAPSHOT\yrd-facade-1.0.1.ne8-SNAPSHOT.jar
[compile]E:\CODE\e8_trunk\yrd-facade\target\yrd-facade-1.0.1.ne8test-SNAPSHOT.jar
郞嫁com/yjf/yrd/rs/base/enums/YrdServiceEnum.class
익郞:
[test]F:\jar\repository\org\apache\tomcat\embed\tomcat-embed-core\7.0.39\tomcat-embed-core-7.0.39.jar
[provided]F:\jar\repository\javax\servlet\javax.servlet-api\3.0.1\javax.servlet-api-3.0.1.jar
郞嫁javax/servlet/AsyncContext.class
******************************************
2016-02-22 13:56:15
******************************************
익郞:
[compile]F:\jar\repository\commons-collections\commons-collections\3.2.1\commons-collections-3.2.1.jar
[compile]F:\jar\repository\commons-beanutils\commons-beanutils\1.8.2\commons-beanutils-1.8.2.jar
郞嫁org/apache/commons/collections/ArrayStack.class
익郞:
[compile]F:\jar\repository\fakepath\apache-batik\1.0\apache-batik-1.0.jar
[compile]F:\jar\repository\xml-apis\xml-apis\1.0.b2\xml-apis-1.0.b2.jar
郞嫁org/w3c/dom/traversal/DocumentTraversal.class
익郞:
[compile]F:\jar\repository\commons-logging\commons-logging\1.1.3\commons-logging-1.1.3.jar
[compile]F:\jar\repository\commons-logging\commons-logging\1.1.1\commons-logging-1.1.1.jar
郞嫁org/apache/commons/logging/impl/AvalonLogger.class
익郞:
[compile]F:\jar\repository\com\github\rop\rop-client\2.0\rop-client-2.0.jar
[compile]F:\jar\repository\org\mapu\rop\rop-client\1.0.1\rop-client-1.0.1.jar
郞嫁rop/client/ClientRequest.class
익郞:
[compile]F:\jar\repository\com\github\rop\rop-common\2.0\rop-common-2.0.jar
[compile]F:\jar\repository\org\mapu\rop\rop-common\1.0.1\rop-common-1.0.1.jar
郞嫁rop/annotation/IgnoreSign.class
익郞:
[compile]F:\jar\repository\commons-configuration\commons-configuration\1.5\commons-configuration-1.5.jar
[compile]F:\jar\repository\commons-configuration\commons-configuration\1.9\commons-configuration-1.9.jar
郞嫁org/apache/commons/configuration/AbstractConfiguration$1.class
익郞:
[compile]F:\jar\repository\commons-collections\commons-collections\3.2\commons-collections-3.2.jar
[compile]F:\jar\repository\commons-collections\commons-collections\3.2.1\commons-collections-3.2.1.jar
郞嫁org/apache/commons/collections/ArrayStack.class
익郞:
[compile]F:\jar\repository\com\yjf\yrd\yrd-facade-wsp\1.0.1.ne8-SNAPSHOT\yrd-facade-wsp-1.0.1.ne8-SNAPSHOT.jar
[compile]E:\CODE\e8_trunk\yrd-facade-wsp\target\yrd-facade-wsp-1.0.1.ne8test-SNAPSHOT.jar
郞嫁com/yjf/yrd/ws/base/info/BankBasicInfo.class
익郞:
[compile]F:\jar\repository\asm\asm\3.3.1\asm-3.3.1.jar
[compile]F:\jar\repository\org\ow2\asm\asm\4.0\asm-4.0.jar
郞嫁org/objectweb/asm/AnnotationVisitor.class
익郞:
[compile]F:\jar\repository\javax\mail\mail\1.4.6-rc1\mail-1.4.6-rc1.jar
[compile]F:\jar\repository\org\apache\geronimo\specs\geronimo-javamail_1.4_spec\1.7.1\geronimo-javamail_1.4_spec-1.7.1.jar
郞嫁javax/mail/IllegalWriteException.class
익郞:
[compile]F:\jar\repository\commons-beanutils\commons-beanutils-core\1.7.0\commons-beanutils-core-1.7.0.jar
[compile]F:\jar\repository\commons-beanutils\commons-beanutils\1.8.2\commons-beanutils-1.8.2.jar
郞嫁org/apache/commons/beanutils/converters/AbstractArrayConverter.class
익郞:
[compile]F:\jar\repository\xom\xom\1.2.5\xom-1.2.5.jar
[compile]F:\jar\repository\org\apache\xmlbeans\xmlbeans\2.5.0\xmlbeans-2.5.0.jar
郞嫁org/w3c/dom/UserDataHandler.class
익郞:
[compile]F:\jar\repository\org\apache\xmlgraphics\batik-css\1.7\batik-css-1.7.jar
[compile]F:\jar\repository\fakepath\apache-batik\1.0\apache-batik-1.0.jar
郞嫁org/apache/batik/css/dom/CSSOMComputedStyle$ComputedCSSValue.class
익郞:
[compile]F:\jar\repository\org\apache\xmlgraphics\batik-ext\1.7\batik-ext-1.7.jar
[compile]F:\jar\repository\xml-apis\xml-apis\1.0.b2\xml-apis-1.0.b2.jar
郞嫁org/w3c/dom/events/DocumentEvent.class
익郞:
[compile]F:\jar\repository\org\apache\xmlgraphics\batik-util\1.7\batik-util-1.7.jar
[compile]F:\jar\repository\fakepath\apache-batik\1.0\apache-batik-1.0.jar
郞嫁org/apache/batik/i18n/ExtendedLocalizable.class
익郞:
[compile]F:\jar\repository\xml-apis\xml-apis-ext\1.3.04\xml-apis-ext-1.3.04.jar
[compile]F:\jar\repository\fakepath\apache-batik\1.0\apache-batik-1.0.jar
郞嫁org/w3c/css/sac/AttributeCondition.class
익郞:
[compile]F:\jar\repository\com\yjf\yrd\yrd-dal\1.0.1.ne8-SNAPSHOT\yrd-dal-1.0.1.ne8-SNAPSHOT.jar
[compile]E:\CODE\e8_trunk\yrd-dal\target\yrd-dal-1.0.1.ne8test-SNAPSHOT.jar
郞嫁com/yjf/yrd/dal/common/DalConstants.class
익郞:
[compile]F:\jar\repository\com\yjf\yrd\yrd-integration\1.0.1.ne8-SNAPSHOT\yrd-integration-1.0.1.ne8-SNAPSHOT.jar
[compile]E:\CODE\e8_trunk\yrd-integration\target\yrd-integration-1.0.1.ne8test-SNAPSHOT.jar
郞嫁com/yjf/yrd/integration/bornapi/BornApiConfigTransfer.class
익郞:
[compile]F:\jar\repository\com\yjf\yrd\yrd-domain\1.0.1.ne8-SNAPSHOT\yrd-domain-1.0.1.ne8-SNAPSHOT.jar
[compile]E:\CODE\e8_trunk\yrd-domain\target\yrd-domain-1.0.1.ne8test-SNAPSHOT.jar
郞嫁com/yjf/yrd/domain/AmountFlowDomain.class
익郞:
[compile]F:\jar\repository\commons-logging\commons-logging\1.1.0.jboss\commons-logging-1.1.0.jboss.jar
[compile]F:\jar\repository\commons-logging\commons-logging\1.1.3\commons-logging-1.1.3.jar
郞嫁org/apache/commons/logging/Log.class
익郞:
[compile]F:\jar\repository\commons-lang\commons-lang\2.2\commons-lang-2.2.jar
[compile]F:\jar\repository\commons-lang\commons-lang\2.6\commons-lang-2.6.jar
郞嫁org/apache/commons/lang/ArrayUtils.class
익郞:
[compile]F:\jar\repository\commons-collections\commons-collections\3.1\commons-collections-3.1.jar
[compile]F:\jar\repository\commons-beanutils\commons-beanutils-core\1.7.0\commons-beanutils-core-1.7.0.jar
郞嫁org/apache/commons/collections/ArrayStack.class
익郞:
[compile]F:\jar\repository\commons-beanutils\commons-beanutils\1.7.0\commons-beanutils-1.7.0.jar
[compile]F:\jar\repository\commons-beanutils\commons-beanutils\1.8.2\commons-beanutils-1.8.2.jar
郞嫁org/apache/commons/beanutils/BeanComparator.class
익郞:
[compile]F:\jar\repository\commons-digester\commons-digester\1.7\commons-digester-1.7.jar
[compile]F:\jar\repository\commons-digester\commons-digester\2.0\commons-digester-2.0.jar
郞嫁org/apache/commons/digester/plugins/strategies/FinderFromDfltMethod.class
익郞:
[compile]F:\jar\repository\com\google\kaptcha\kaptcha\2.3.2\kaptcha-2.3.2.jar
[compile]F:\jar\repository\nl\captcha\simplecaptcha\1.2.1\simplecaptcha-1.2.1.jar
郞嫁com/jhlabs/image/ArrayColormap.class
익郞:
[compile]F:\jar\repository\commons-fileupload\commons-fileupload\1.3.1\commons-fileupload-1.3.1.jar
[compile]F:\jar\repository\commons-fileupload\commons-fileupload\1.2\commons-fileupload-1.2.jar
郞嫁org/apache/commons/fileupload/DefaultFileItem.class
익郞:
[compile]F:\jar\repository\commons-io\commons-io\2.2\commons-io-2.2.jar
[compile]F:\jar\repository\commons-io\commons-io\2.4\commons-io-2.4.jar
郞嫁org/apache/commons/io/ByteOrderMark.class
익郞:
[compile]F:\jar\repository\com\yjf\yrd\yrd-common-util\1.0.1.ne8-SNAPSHOT\yrd-common-util-1.0.1.ne8-SNAPSHOT.jar
[compile]E:\CODE\e8_trunk\yrd-common-util\target\yrd-common-util-1.0.1.ne8test-SNAPSHOT.jar
郞嫁com/yjf/yrd/page/Page.class
익郞:
[compile]F:\jar\repository\commons-codec\commons-codec\1.9\commons-codec-1.9.jar
[compile]F:\jar\repository\commons-codec\commons-codec\1.8\commons-codec-1.8.jar
郞嫁org/apache/commons/codec/binary/Base32.class
익郞:
[compile]F:\jar\repository\org\apache\poi\poi\3.9\poi-3.9.jar
[compile]F:\jar\repository\org\apache\poi\poi\3.7\poi-3.7.jar
郞嫁org/apache/poi/EncryptedDocumentException.class
익郞:
[compile]F:\jar\repository\dom4j\dom4j\1.1\dom4j-1.1.jar
[compile]F:\jar\repository\dom4j\dom4j\1.6.1\dom4j-1.6.1.jar
郞嫁org/dom4j/dom/DOMText.class
익郞:
[compile]F:\jar\repository\com\yjf\yrd\yrd-biz\1.0.1.ne8-SNAPSHOT\yrd-biz-1.0.1.ne8-SNAPSHOT.jar
[compile]E:\CODE\e8_trunk\yrd-biz\target\yrd-biz-1.0.1.ne8test-SNAPSHOT.jar
郞嫁com/yjf/yrd/activity/ActivityEnum.class
익郞:
[compile]F:\jar\repository\com\yjf\yrd\yrd-facade\1.0.1.ne8-SNAPSHOT\yrd-facade-1.0.1.ne8-SNAPSHOT.jar
[compile]E:\CODE\e8_trunk\yrd-facade\target\yrd-facade-1.0.1.ne8test-SNAPSHOT.jar
郞嫁com/yjf/yrd/rs/base/enums/YrdServiceEnum.class
익郞:
[test]F:\jar\repository\org\apache\tomcat\embed\tomcat-embed-core\7.0.39\tomcat-embed-core-7.0.39.jar
[provided]F:\jar\repository\javax\servlet\javax.servlet-api\3.0.1\javax.servlet-api-3.0.1.jar
郞嫁javax/servlet/AsyncContext.class
******************************************
2016-03-01 17:38:58
******************************************
익郞:
[compile]D:\apache-maven-3.3.3\repository\commons-collections\commons-collections\3.2.1\commons-collections-3.2.1.jar
[compile]D:\apache-maven-3.3.3\repository\commons-beanutils\commons-beanutils\1.8.2\commons-beanutils-1.8.2.jar
郞嫁org/apache/commons/collections/ArrayStack.class
익郞:
[compile]D:\apache-maven-3.3.3\repository\fakepath\apache-batik\1.0\apache-batik-1.0.jar
[compile]D:\apache-maven-3.3.3\repository\xml-apis\xml-apis\1.0.b2\xml-apis-1.0.b2.jar
郞嫁org/w3c/dom/traversal/DocumentTraversal.class
익郞:
[compile]D:\apache-maven-3.3.3\repository\commons-logging\commons-logging\1.1.3\commons-logging-1.1.3.jar
[compile]D:\apache-maven-3.3.3\repository\commons-logging\commons-logging\1.1.1\commons-logging-1.1.1.jar
郞嫁org/apache/commons/logging/impl/AvalonLogger.class
익郞:
[compile]D:\apache-maven-3.3.3\repository\com\github\rop\rop-client\2.0\rop-client-2.0.jar
[compile]D:\apache-maven-3.3.3\repository\org\mapu\rop\rop-client\1.0.1\rop-client-1.0.1.jar
郞嫁rop/client/ClientRequest.class
익郞:
[compile]D:\apache-maven-3.3.3\repository\com\github\rop\rop-common\2.0\rop-common-2.0.jar
[compile]D:\apache-maven-3.3.3\repository\org\mapu\rop\rop-common\1.0.1\rop-common-1.0.1.jar
郞嫁rop/annotation/IgnoreSign.class
******************************************
2016-03-02 09:17:56
******************************************
익郞:
[compile]D:\apache-maven-3.3.3\repository\commons-collections\commons-collections\3.2.1\commons-collections-3.2.1.jar
[compile]D:\apache-maven-3.3.3\repository\commons-beanutils\commons-beanutils\1.8.2\commons-beanutils-1.8.2.jar
郞嫁org/apache/commons/collections/ArrayStack.class
익郞:
[compile]D:\apache-maven-3.3.3\repository\fakepath\apache-batik\1.0\apache-batik-1.0.jar
[compile]D:\apache-maven-3.3.3\repository\xml-apis\xml-apis\1.0.b2\xml-apis-1.0.b2.jar
郞嫁org/w3c/dom/traversal/DocumentTraversal.class
익郞:
[compile]D:\apache-maven-3.3.3\repository\commons-logging\commons-logging\1.1.3\commons-logging-1.1.3.jar
[compile]D:\apache-maven-3.3.3\repository\commons-logging\commons-logging\1.1.1\commons-logging-1.1.1.jar
郞嫁org/apache/commons/logging/impl/AvalonLogger.class
익郞:
[compile]D:\apache-maven-3.3.3\repository\com\github\rop\rop-client\2.0\rop-client-2.0.jar
[compile]D:\apache-maven-3.3.3\repository\org\mapu\rop\rop-client\1.0.1\rop-client-1.0.1.jar
郞嫁rop/client/ClientRequest.class
익郞:
[compile]D:\apache-maven-3.3.3\repository\com\github\rop\rop-common\2.0\rop-common-2.0.jar
[compile]D:\apache-maven-3.3.3\repository\org\mapu\rop\rop-common\1.0.1\rop-common-1.0.1.jar
郞嫁rop/annotation/IgnoreSign.class
******************************************
2016-03-09 12:29:54
******************************************
익郞:
[compile]F:\jar\repository\commons-collections\commons-collections\3.2.1\commons-collections-3.2.1.jar
[compile]F:\jar\repository\commons-beanutils\commons-beanutils\1.8.2\commons-beanutils-1.8.2.jar
郞嫁org/apache/commons/collections/ArrayStack.class
익郞:
[compile]F:\jar\repository\fakepath\apache-batik\1.0\apache-batik-1.0.jar
[compile]F:\jar\repository\xml-apis\xml-apis\1.0.b2\xml-apis-1.0.b2.jar
郞嫁org/w3c/dom/traversal/DocumentTraversal.class
익郞:
[compile]F:\jar\repository\commons-logging\commons-logging\1.1.3\commons-logging-1.1.3.jar
[compile]F:\jar\repository\commons-logging\commons-logging\1.1.1\commons-logging-1.1.1.jar
郞嫁org/apache/commons/logging/impl/AvalonLogger.class
익郞:
[compile]F:\jar\repository\com\github\rop\rop-client\2.0\rop-client-2.0.jar
[compile]F:\jar\repository\org\mapu\rop\rop-client\1.0.1\rop-client-1.0.1.jar
郞嫁rop/client/ClientRequest.class
익郞:
[compile]F:\jar\repository\com\github\rop\rop-common\2.0\rop-common-2.0.jar
[compile]F:\jar\repository\org\mapu\rop\rop-common\1.0.1\rop-common-1.0.1.jar
郞嫁rop/annotation/IgnoreSign.class
익郞:
[compile]F:\jar\repository\javax\mail\mail\1.4.6-rc1\mail-1.4.6-rc1.jar
[compile]F:\jar\repository\org\apache\geronimo\specs\geronimo-javamail_1.4_spec\1.7.1\geronimo-javamail_1.4_spec-1.7.1.jar
郞嫁javax/mail/IllegalWriteException.class
익郞:
[compile]F:\jar\repository\commons-beanutils\commons-beanutils-core\1.7.0\commons-beanutils-core-1.7.0.jar
[compile]F:\jar\repository\commons-beanutils\commons-beanutils\1.8.2\commons-beanutils-1.8.2.jar
郞嫁org/apache/commons/beanutils/converters/AbstractArrayConverter.class
익郞:
[compile]F:\jar\repository\xom\xom\1.2.5\xom-1.2.5.jar
[compile]F:\jar\repository\org\apache\xmlbeans\xmlbeans\2.5.0\xmlbeans-2.5.0.jar
郞嫁org/w3c/dom/UserDataHandler.class
익郞:
[compile]F:\jar\repository\org\apache\xmlgraphics\batik-css\1.7\batik-css-1.7.jar
[compile]F:\jar\repository\fakepath\apache-batik\1.0\apache-batik-1.0.jar
郞嫁org/apache/batik/css/dom/CSSOMComputedStyle$ComputedCSSValue.class
익郞:
[compile]F:\jar\repository\org\apache\xmlgraphics\batik-ext\1.7\batik-ext-1.7.jar
[compile]F:\jar\repository\xml-apis\xml-apis\1.0.b2\xml-apis-1.0.b2.jar
郞嫁org/w3c/dom/events/DocumentEvent.class
익郞:
[compile]F:\jar\repository\org\apache\xmlgraphics\batik-util\1.7\batik-util-1.7.jar
[compile]F:\jar\repository\fakepath\apache-batik\1.0\apache-batik-1.0.jar
郞嫁org/apache/batik/i18n/ExtendedLocalizable.class
익郞:
[compile]F:\jar\repository\xml-apis\xml-apis-ext\1.3.04\xml-apis-ext-1.3.04.jar
[compile]F:\jar\repository\fakepath\apache-batik\1.0\apache-batik-1.0.jar
郞嫁org/w3c/css/sac/AttributeCondition.class
익郞:
[test]F:\jar\repository\org\apache\tomcat\embed\tomcat-embed-core\7.0.39\tomcat-embed-core-7.0.39.jar
[provided]F:\jar\repository\javax\servlet\javax.servlet-api\3.0.1\javax.servlet-api-3.0.1.jar
郞嫁javax/servlet/AsyncContext.class
******************************************
2016-04-20 10:13:38
******************************************
익郞:
[compile]F:\jar\repository\commons-collections\commons-collections\3.2.1\commons-collections-3.2.1.jar
[compile]F:\jar\repository\commons-beanutils\commons-beanutils\1.8.2\commons-beanutils-1.8.2.jar
郞嫁org/apache/commons/collections/ArrayStack.class
익郞:
[compile]F:\jar\repository\fakepath\apache-batik\1.0\apache-batik-1.0.jar
[compile]F:\jar\repository\xml-apis\xml-apis\1.0.b2\xml-apis-1.0.b2.jar
郞嫁org/w3c/dom/traversal/DocumentTraversal.class
익郞:
[compile]F:\jar\repository\commons-logging\commons-logging\1.1.3\commons-logging-1.1.3.jar
[compile]F:\jar\repository\commons-logging\commons-logging\1.1.1\commons-logging-1.1.1.jar
郞嫁org/apache/commons/logging/impl/AvalonLogger.class
익郞:
[compile]F:\jar\repository\com\github\rop\rop-client\2.0\rop-client-2.0.jar
[compile]F:\jar\repository\org\mapu\rop\rop-client\1.0.1\rop-client-1.0.1.jar
郞嫁rop/client/ClientRequest.class
익郞:
[compile]F:\jar\repository\com\github\rop\rop-common\2.0\rop-common-2.0.jar
[compile]F:\jar\repository\org\mapu\rop\rop-common\1.0.1\rop-common-1.0.1.jar
郞嫁rop/annotation/IgnoreSign.class
익郞:
[compile]F:\jar\repository\javax\mail\mail\1.4.6-rc1\mail-1.4.6-rc1.jar
[compile]F:\jar\repository\org\apache\geronimo\specs\geronimo-javamail_1.4_spec\1.7.1\geronimo-javamail_1.4_spec-1.7.1.jar
郞嫁javax/mail/IllegalWriteException.class
익郞:
[compile]F:\jar\repository\commons-beanutils\commons-beanutils-core\1.7.0\commons-beanutils-core-1.7.0.jar
[compile]F:\jar\repository\commons-beanutils\commons-beanutils\1.8.2\commons-beanutils-1.8.2.jar
郞嫁org/apache/commons/beanutils/converters/AbstractArrayConverter.class
익郞:
[compile]F:\jar\repository\xom\xom\1.2.5\xom-1.2.5.jar
[compile]F:\jar\repository\org\apache\xmlbeans\xmlbeans\2.5.0\xmlbeans-2.5.0.jar
郞嫁org/w3c/dom/UserDataHandler.class
익郞:
[compile]F:\jar\repository\org\apache\xmlgraphics\batik-css\1.7\batik-css-1.7.jar
[compile]F:\jar\repository\fakepath\apache-batik\1.0\apache-batik-1.0.jar
郞嫁org/apache/batik/css/dom/CSSOMComputedStyle$ComputedCSSValue.class
익郞:
[compile]F:\jar\repository\org\apache\xmlgraphics\batik-ext\1.7\batik-ext-1.7.jar
[compile]F:\jar\repository\xml-apis\xml-apis\1.0.b2\xml-apis-1.0.b2.jar
郞嫁org/w3c/dom/events/DocumentEvent.class
익郞:
[compile]F:\jar\repository\org\apache\xmlgraphics\batik-util\1.7\batik-util-1.7.jar
[compile]F:\jar\repository\fakepath\apache-batik\1.0\apache-batik-1.0.jar
郞嫁org/apache/batik/i18n/ExtendedLocalizable.class
익郞:
[compile]F:\jar\repository\xml-apis\xml-apis-ext\1.3.04\xml-apis-ext-1.3.04.jar
[compile]F:\jar\repository\fakepath\apache-batik\1.0\apache-batik-1.0.jar
郞嫁org/w3c/css/sac/AttributeCondition.class
익郞:
[test]F:\jar\repository\org\apache\tomcat\embed\tomcat-embed-core\7.0.39\tomcat-embed-core-7.0.39.jar
[provided]F:\jar\repository\javax\servlet\javax.servlet-api\3.0.1\javax.servlet-api-3.0.1.jar
郞嫁javax/servlet/AsyncContext.class
******************************************
2016-04-20 10:59:28
******************************************
익郞:
[compile]F:\jar\repository\commons-collections\commons-collections\3.2.1\commons-collections-3.2.1.jar
[compile]F:\jar\repository\commons-beanutils\commons-beanutils\1.8.2\commons-beanutils-1.8.2.jar
郞嫁org/apache/commons/collections/ArrayStack.class
익郞:
[compile]F:\jar\repository\fakepath\apache-batik\1.0\apache-batik-1.0.jar
[compile]F:\jar\repository\xml-apis\xml-apis\1.0.b2\xml-apis-1.0.b2.jar
郞嫁org/w3c/dom/traversal/DocumentTraversal.class
익郞:
[compile]F:\jar\repository\commons-logging\commons-logging\1.1.3\commons-logging-1.1.3.jar
[compile]F:\jar\repository\commons-logging\commons-logging\1.1.1\commons-logging-1.1.1.jar
郞嫁org/apache/commons/logging/impl/AvalonLogger.class
익郞:
[compile]F:\jar\repository\com\github\rop\rop-client\2.0\rop-client-2.0.jar
[compile]F:\jar\repository\org\mapu\rop\rop-client\1.0.1\rop-client-1.0.1.jar
郞嫁rop/client/ClientRequest.class
익郞:
[compile]F:\jar\repository\com\github\rop\rop-common\2.0\rop-common-2.0.jar
[compile]F:\jar\repository\org\mapu\rop\rop-common\1.0.1\rop-common-1.0.1.jar
郞嫁rop/annotation/IgnoreSign.class
익郞:
[compile]F:\jar\repository\javax\mail\mail\1.4.6-rc1\mail-1.4.6-rc1.jar
[compile]F:\jar\repository\org\apache\geronimo\specs\geronimo-javamail_1.4_spec\1.7.1\geronimo-javamail_1.4_spec-1.7.1.jar
郞嫁javax/mail/IllegalWriteException.class
익郞:
[compile]F:\jar\repository\commons-beanutils\commons-beanutils-core\1.7.0\commons-beanutils-core-1.7.0.jar
[compile]F:\jar\repository\commons-beanutils\commons-beanutils\1.8.2\commons-beanutils-1.8.2.jar
郞嫁org/apache/commons/beanutils/converters/AbstractArrayConverter.class
익郞:
[compile]F:\jar\repository\xom\xom\1.2.5\xom-1.2.5.jar
[compile]F:\jar\repository\org\apache\xmlbeans\xmlbeans\2.5.0\xmlbeans-2.5.0.jar
郞嫁org/w3c/dom/UserDataHandler.class
익郞:
[compile]F:\jar\repository\org\apache\xmlgraphics\batik-css\1.7\batik-css-1.7.jar
[compile]F:\jar\repository\fakepath\apache-batik\1.0\apache-batik-1.0.jar
郞嫁org/apache/batik/css/dom/CSSOMComputedStyle$ComputedCSSValue.class
익郞:
[compile]F:\jar\repository\org\apache\xmlgraphics\batik-ext\1.7\batik-ext-1.7.jar
[compile]F:\jar\repository\xml-apis\xml-apis\1.0.b2\xml-apis-1.0.b2.jar
郞嫁org/w3c/dom/events/DocumentEvent.class
익郞:
[compile]F:\jar\repository\org\apache\xmlgraphics\batik-util\1.7\batik-util-1.7.jar
[compile]F:\jar\repository\fakepath\apache-batik\1.0\apache-batik-1.0.jar
郞嫁org/apache/batik/i18n/ExtendedLocalizable.class
익郞:
[compile]F:\jar\repository\xml-apis\xml-apis-ext\1.3.04\xml-apis-ext-1.3.04.jar
[compile]F:\jar\repository\fakepath\apache-batik\1.0\apache-batik-1.0.jar
郞嫁org/w3c/css/sac/AttributeCondition.class
익郞:
[test]F:\jar\repository\org\apache\tomcat\embed\tomcat-embed-core\7.0.39\tomcat-embed-core-7.0.39.jar
[provided]F:\jar\repository\javax\servlet\javax.servlet-api\3.0.1\javax.servlet-api-3.0.1.jar
郞嫁javax/servlet/AsyncContext.class
******************************************
2016-04-20 12:21:26
******************************************
익郞:
[compile]F:\jar\repository\commons-collections\commons-collections\3.2.1\commons-collections-3.2.1.jar
[compile]F:\jar\repository\commons-beanutils\commons-beanutils\1.8.2\commons-beanutils-1.8.2.jar
郞嫁org/apache/commons/collections/ArrayStack.class
익郞:
[compile]F:\jar\repository\fakepath\apache-batik\1.0\apache-batik-1.0.jar
[compile]F:\jar\repository\xml-apis\xml-apis\1.0.b2\xml-apis-1.0.b2.jar
郞嫁org/w3c/dom/traversal/DocumentTraversal.class
익郞:
[compile]F:\jar\repository\commons-logging\commons-logging\1.1.3\commons-logging-1.1.3.jar
[compile]F:\jar\repository\commons-logging\commons-logging\1.1.1\commons-logging-1.1.1.jar
郞嫁org/apache/commons/logging/impl/AvalonLogger.class
익郞:
[compile]F:\jar\repository\com\github\rop\rop-client\2.0\rop-client-2.0.jar
[compile]F:\jar\repository\org\mapu\rop\rop-client\1.0.1\rop-client-1.0.1.jar
郞嫁rop/client/ClientRequest.class
익郞:
[compile]F:\jar\repository\com\github\rop\rop-common\2.0\rop-common-2.0.jar
[compile]F:\jar\repository\org\mapu\rop\rop-common\1.0.1\rop-common-1.0.1.jar
郞嫁rop/annotation/IgnoreSign.class
익郞:
[compile]F:\jar\repository\javax\mail\mail\1.4.6-rc1\mail-1.4.6-rc1.jar
[compile]F:\jar\repository\org\apache\geronimo\specs\geronimo-javamail_1.4_spec\1.7.1\geronimo-javamail_1.4_spec-1.7.1.jar
郞嫁javax/mail/IllegalWriteException.class
익郞:
[compile]F:\jar\repository\commons-beanutils\commons-beanutils-core\1.7.0\commons-beanutils-core-1.7.0.jar
[compile]F:\jar\repository\commons-beanutils\commons-beanutils\1.8.2\commons-beanutils-1.8.2.jar
郞嫁org/apache/commons/beanutils/converters/AbstractArrayConverter.class
익郞:
[compile]F:\jar\repository\xom\xom\1.2.5\xom-1.2.5.jar
[compile]F:\jar\repository\org\apache\xmlbeans\xmlbeans\2.5.0\xmlbeans-2.5.0.jar
郞嫁org/w3c/dom/UserDataHandler.class
익郞:
[compile]F:\jar\repository\org\apache\xmlgraphics\batik-css\1.7\batik-css-1.7.jar
[compile]F:\jar\repository\fakepath\apache-batik\1.0\apache-batik-1.0.jar
郞嫁org/apache/batik/css/dom/CSSOMComputedStyle$ComputedCSSValue.class
익郞:
[compile]F:\jar\repository\org\apache\xmlgraphics\batik-ext\1.7\batik-ext-1.7.jar
[compile]F:\jar\repository\xml-apis\xml-apis\1.0.b2\xml-apis-1.0.b2.jar
郞嫁org/w3c/dom/events/DocumentEvent.class
익郞:
[compile]F:\jar\repository\org\apache\xmlgraphics\batik-util\1.7\batik-util-1.7.jar
[compile]F:\jar\repository\fakepath\apache-batik\1.0\apache-batik-1.0.jar
郞嫁org/apache/batik/i18n/ExtendedLocalizable.class
익郞:
[compile]F:\jar\repository\xml-apis\xml-apis-ext\1.3.04\xml-apis-ext-1.3.04.jar
[compile]F:\jar\repository\fakepath\apache-batik\1.0\apache-batik-1.0.jar
郞嫁org/w3c/css/sac/AttributeCondition.class
익郞:
[test]F:\jar\repository\org\apache\tomcat\embed\tomcat-embed-core\7.0.39\tomcat-embed-core-7.0.39.jar
[provided]F:\jar\repository\javax\servlet\javax.servlet-api\3.0.1\javax.servlet-api-3.0.1.jar
郞嫁javax/servlet/AsyncContext.class
******************************************
2016-04-22 14:42:29
******************************************
익郞:
[compile]F:\jar\repository\commons-collections\commons-collections\3.2.1\commons-collections-3.2.1.jar
[compile]F:\jar\repository\commons-beanutils\commons-beanutils\1.8.2\commons-beanutils-1.8.2.jar
郞嫁org/apache/commons/collections/ArrayStack.class
익郞:
[compile]F:\jar\repository\fakepath\apache-batik\1.0\apache-batik-1.0.jar
[compile]F:\jar\repository\xml-apis\xml-apis\1.0.b2\xml-apis-1.0.b2.jar
郞嫁org/w3c/dom/traversal/DocumentTraversal.class
익郞:
[compile]F:\jar\repository\commons-logging\commons-logging\1.1.3\commons-logging-1.1.3.jar
[compile]F:\jar\repository\commons-logging\commons-logging\1.1.1\commons-logging-1.1.1.jar
郞嫁org/apache/commons/logging/impl/AvalonLogger.class
익郞:
[compile]F:\jar\repository\com\github\rop\rop-client\2.0\rop-client-2.0.jar
[compile]F:\jar\repository\org\mapu\rop\rop-client\1.0.1\rop-client-1.0.1.jar
郞嫁rop/client/ClientRequest.class
익郞:
[compile]F:\jar\repository\com\github\rop\rop-common\2.0\rop-common-2.0.jar
[compile]F:\jar\repository\org\mapu\rop\rop-common\1.0.1\rop-common-1.0.1.jar
郞嫁rop/annotation/IgnoreSign.class
익郞:
[compile]F:\jar\repository\javax\mail\mail\1.4.6-rc1\mail-1.4.6-rc1.jar
[compile]F:\jar\repository\org\apache\geronimo\specs\geronimo-javamail_1.4_spec\1.7.1\geronimo-javamail_1.4_spec-1.7.1.jar
郞嫁javax/mail/IllegalWriteException.class
익郞:
[compile]F:\jar\repository\commons-beanutils\commons-beanutils-core\1.7.0\commons-beanutils-core-1.7.0.jar
[compile]F:\jar\repository\commons-beanutils\commons-beanutils\1.8.2\commons-beanutils-1.8.2.jar
郞嫁org/apache/commons/beanutils/converters/AbstractArrayConverter.class
익郞:
[compile]F:\jar\repository\xom\xom\1.2.5\xom-1.2.5.jar
[compile]F:\jar\repository\org\apache\xmlbeans\xmlbeans\2.5.0\xmlbeans-2.5.0.jar
郞嫁org/w3c/dom/UserDataHandler.class
익郞:
[compile]F:\jar\repository\org\apache\xmlgraphics\batik-css\1.7\batik-css-1.7.jar
[compile]F:\jar\repository\fakepath\apache-batik\1.0\apache-batik-1.0.jar
郞嫁org/apache/batik/css/dom/CSSOMComputedStyle$ComputedCSSValue.class
익郞:
[compile]F:\jar\repository\org\apache\xmlgraphics\batik-ext\1.7\batik-ext-1.7.jar
[compile]F:\jar\repository\xml-apis\xml-apis\1.0.b2\xml-apis-1.0.b2.jar
郞嫁org/w3c/dom/events/DocumentEvent.class
익郞:
[compile]F:\jar\repository\org\apache\xmlgraphics\batik-util\1.7\batik-util-1.7.jar
[compile]F:\jar\repository\fakepath\apache-batik\1.0\apache-batik-1.0.jar
郞嫁org/apache/batik/i18n/ExtendedLocalizable.class
익郞:
[compile]F:\jar\repository\xml-apis\xml-apis-ext\1.3.04\xml-apis-ext-1.3.04.jar
[compile]F:\jar\repository\fakepath\apache-batik\1.0\apache-batik-1.0.jar
郞嫁org/w3c/css/sac/AttributeCondition.class
익郞:
[test]F:\jar\repository\org\apache\tomcat\embed\tomcat-embed-core\7.0.39\tomcat-embed-core-7.0.39.jar
[provided]F:\jar\repository\javax\servlet\javax.servlet-api\3.0.1\javax.servlet-api-3.0.1.jar
郞嫁javax/servlet/AsyncContext.class
******************************************
2016-04-22 14:54:58
******************************************
익郞:
[compile]F:\jar\repository\commons-collections\commons-collections\3.2.1\commons-collections-3.2.1.jar
[compile]F:\jar\repository\commons-beanutils\commons-beanutils\1.8.2\commons-beanutils-1.8.2.jar
郞嫁org/apache/commons/collections/ArrayStack.class
익郞:
[compile]F:\jar\repository\fakepath\apache-batik\1.0\apache-batik-1.0.jar
[compile]F:\jar\repository\xml-apis\xml-apis\1.0.b2\xml-apis-1.0.b2.jar
郞嫁org/w3c/dom/traversal/DocumentTraversal.class
익郞:
[compile]F:\jar\repository\commons-logging\commons-logging\1.1.3\commons-logging-1.1.3.jar
[compile]F:\jar\repository\commons-logging\commons-logging\1.1.1\commons-logging-1.1.1.jar
郞嫁org/apache/commons/logging/impl/AvalonLogger.class
익郞:
[compile]F:\jar\repository\com\github\rop\rop-client\2.0\rop-client-2.0.jar
[compile]F:\jar\repository\org\mapu\rop\rop-client\1.0.1\rop-client-1.0.1.jar
郞嫁rop/client/ClientRequest.class
익郞:
[compile]F:\jar\repository\com\github\rop\rop-common\2.0\rop-common-2.0.jar
[compile]F:\jar\repository\org\mapu\rop\rop-common\1.0.1\rop-common-1.0.1.jar
郞嫁rop/annotation/IgnoreSign.class
익郞:
[compile]F:\jar\repository\javax\mail\mail\1.4.6-rc1\mail-1.4.6-rc1.jar
[compile]F:\jar\repository\org\apache\geronimo\specs\geronimo-javamail_1.4_spec\1.7.1\geronimo-javamail_1.4_spec-1.7.1.jar
郞嫁javax/mail/IllegalWriteException.class
익郞:
[compile]F:\jar\repository\commons-beanutils\commons-beanutils-core\1.7.0\commons-beanutils-core-1.7.0.jar
[compile]F:\jar\repository\commons-beanutils\commons-beanutils\1.8.2\commons-beanutils-1.8.2.jar
郞嫁org/apache/commons/beanutils/converters/AbstractArrayConverter.class
익郞:
[compile]F:\jar\repository\xom\xom\1.2.5\xom-1.2.5.jar
[compile]F:\jar\repository\org\apache\xmlbeans\xmlbeans\2.5.0\xmlbeans-2.5.0.jar
郞嫁org/w3c/dom/UserDataHandler.class
익郞:
[compile]F:\jar\repository\org\apache\xmlgraphics\batik-css\1.7\batik-css-1.7.jar
[compile]F:\jar\repository\fakepath\apache-batik\1.0\apache-batik-1.0.jar
郞嫁org/apache/batik/css/dom/CSSOMComputedStyle$ComputedCSSValue.class
익郞:
[compile]F:\jar\repository\org\apache\xmlgraphics\batik-ext\1.7\batik-ext-1.7.jar
[compile]F:\jar\repository\xml-apis\xml-apis\1.0.b2\xml-apis-1.0.b2.jar
郞嫁org/w3c/dom/events/DocumentEvent.class
익郞:
[compile]F:\jar\repository\org\apache\xmlgraphics\batik-util\1.7\batik-util-1.7.jar
[compile]F:\jar\repository\fakepath\apache-batik\1.0\apache-batik-1.0.jar
郞嫁org/apache/batik/i18n/ExtendedLocalizable.class
익郞:
[compile]F:\jar\repository\xml-apis\xml-apis-ext\1.3.04\xml-apis-ext-1.3.04.jar
[compile]F:\jar\repository\fakepath\apache-batik\1.0\apache-batik-1.0.jar
郞嫁org/w3c/css/sac/AttributeCondition.class
익郞:
[test]F:\jar\repository\org\apache\tomcat\embed\tomcat-embed-core\7.0.39\tomcat-embed-core-7.0.39.jar
[provided]F:\jar\repository\javax\servlet\javax.servlet-api\3.0.1\javax.servlet-api-3.0.1.jar
郞嫁javax/servlet/AsyncContext.class
******************************************
2016-04-26 14:01:57
******************************************
익郞:
[compile]F:\jar\repository\commons-collections\commons-collections\3.2.1\commons-collections-3.2.1.jar
[compile]F:\jar\repository\commons-beanutils\commons-beanutils\1.8.2\commons-beanutils-1.8.2.jar
郞嫁org/apache/commons/collections/ArrayStack.class
익郞:
[compile]F:\jar\repository\fakepath\apache-batik\1.0\apache-batik-1.0.jar
[compile]F:\jar\repository\xml-apis\xml-apis\1.0.b2\xml-apis-1.0.b2.jar
郞嫁org/w3c/dom/traversal/DocumentTraversal.class
익郞:
[compile]F:\jar\repository\commons-logging\commons-logging\1.1.3\commons-logging-1.1.3.jar
[compile]F:\jar\repository\commons-logging\commons-logging\1.1.1\commons-logging-1.1.1.jar
郞嫁org/apache/commons/logging/impl/AvalonLogger.class
익郞:
[compile]F:\jar\repository\com\github\rop\rop-client\2.0\rop-client-2.0.jar
[compile]F:\jar\repository\org\mapu\rop\rop-client\1.0.1\rop-client-1.0.1.jar
郞嫁rop/client/ClientRequest.class
익郞:
[compile]F:\jar\repository\com\github\rop\rop-common\2.0\rop-common-2.0.jar
[compile]F:\jar\repository\org\mapu\rop\rop-common\1.0.1\rop-common-1.0.1.jar
郞嫁rop/annotation/IgnoreSign.class
******************************************
2016-04-26 14:47:25
******************************************
익郞:
[compile]F:\jar\repository\commons-collections\commons-collections\3.2.1\commons-collections-3.2.1.jar
[compile]F:\jar\repository\commons-beanutils\commons-beanutils\1.8.2\commons-beanutils-1.8.2.jar
郞嫁org/apache/commons/collections/ArrayStack.class
익郞:
[compile]F:\jar\repository\fakepath\apache-batik\1.0\apache-batik-1.0.jar
[compile]F:\jar\repository\xml-apis\xml-apis\1.0.b2\xml-apis-1.0.b2.jar
郞嫁org/w3c/dom/traversal/DocumentTraversal.class
익郞:
[compile]F:\jar\repository\commons-logging\commons-logging\1.1.3\commons-logging-1.1.3.jar
[compile]F:\jar\repository\commons-logging\commons-logging\1.1.1\commons-logging-1.1.1.jar
郞嫁org/apache/commons/logging/impl/AvalonLogger.class
익郞:
[compile]F:\jar\repository\com\github\rop\rop-client\2.0\rop-client-2.0.jar
[compile]F:\jar\repository\org\mapu\rop\rop-client\1.0.1\rop-client-1.0.1.jar
郞嫁rop/client/ClientRequest.class
익郞:
[compile]F:\jar\repository\com\github\rop\rop-common\2.0\rop-common-2.0.jar
[compile]F:\jar\repository\org\mapu\rop\rop-common\1.0.1\rop-common-1.0.1.jar
郞嫁rop/annotation/IgnoreSign.class
익郞:
[compile]F:\jar\repository\javax\mail\mail\1.4.6-rc1\mail-1.4.6-rc1.jar
[compile]F:\jar\repository\org\apache\geronimo\specs\geronimo-javamail_1.4_spec\1.7.1\geronimo-javamail_1.4_spec-1.7.1.jar
郞嫁javax/mail/IllegalWriteException.class
익郞:
[compile]F:\jar\repository\commons-beanutils\commons-beanutils-core\1.7.0\commons-beanutils-core-1.7.0.jar
[compile]F:\jar\repository\commons-beanutils\commons-beanutils\1.8.2\commons-beanutils-1.8.2.jar
郞嫁org/apache/commons/beanutils/converters/AbstractArrayConverter.class
익郞:
[compile]F:\jar\repository\xom\xom\1.2.5\xom-1.2.5.jar
[compile]F:\jar\repository\org\apache\xmlbeans\xmlbeans\2.5.0\xmlbeans-2.5.0.jar
郞嫁org/w3c/dom/UserDataHandler.class
익郞:
[compile]F:\jar\repository\org\apache\xmlgraphics\batik-css\1.7\batik-css-1.7.jar
[compile]F:\jar\repository\fakepath\apache-batik\1.0\apache-batik-1.0.jar
郞嫁org/apache/batik/css/dom/CSSOMComputedStyle$ComputedCSSValue.class
익郞:
[compile]F:\jar\repository\org\apache\xmlgraphics\batik-ext\1.7\batik-ext-1.7.jar
[compile]F:\jar\repository\xml-apis\xml-apis\1.0.b2\xml-apis-1.0.b2.jar
郞嫁org/w3c/dom/events/DocumentEvent.class
익郞:
[compile]F:\jar\repository\org\apache\xmlgraphics\batik-util\1.7\batik-util-1.7.jar
[compile]F:\jar\repository\fakepath\apache-batik\1.0\apache-batik-1.0.jar
郞嫁org/apache/batik/i18n/ExtendedLocalizable.class
익郞:
[compile]F:\jar\repository\xml-apis\xml-apis-ext\1.3.04\xml-apis-ext-1.3.04.jar
[compile]F:\jar\repository\fakepath\apache-batik\1.0\apache-batik-1.0.jar
郞嫁org/w3c/css/sac/AttributeCondition.class
익郞:
[test]F:\jar\repository\org\apache\tomcat\embed\tomcat-embed-core\7.0.39\tomcat-embed-core-7.0.39.jar
[provided]F:\jar\repository\javax\servlet\javax.servlet-api\3.0.1\javax.servlet-api-3.0.1.jar
郞嫁javax/servlet/AsyncContext.class
******************************************
2016-04-28 19:39:37
******************************************
익郞:
[compile]F:\jar\repository\commons-collections\commons-collections\3.2.1\commons-collections-3.2.1.jar
[compile]F:\jar\repository\commons-beanutils\commons-beanutils\1.8.2\commons-beanutils-1.8.2.jar
郞嫁org/apache/commons/collections/ArrayStack.class
익郞:
[compile]F:\jar\repository\fakepath\apache-batik\1.0\apache-batik-1.0.jar
[compile]F:\jar\repository\xml-apis\xml-apis\1.0.b2\xml-apis-1.0.b2.jar
郞嫁org/w3c/dom/traversal/DocumentTraversal.class
익郞:
[compile]F:\jar\repository\commons-logging\commons-logging\1.1.3\commons-logging-1.1.3.jar
[compile]F:\jar\repository\commons-logging\commons-logging\1.1.1\commons-logging-1.1.1.jar
郞嫁org/apache/commons/logging/impl/AvalonLogger.class
익郞:
[compile]F:\jar\repository\com\github\rop\rop-client\2.0\rop-client-2.0.jar
[compile]F:\jar\repository\org\mapu\rop\rop-client\1.0.1\rop-client-1.0.1.jar
郞嫁rop/client/ClientRequest.class
익郞:
[compile]F:\jar\repository\com\github\rop\rop-common\2.0\rop-common-2.0.jar
[compile]F:\jar\repository\org\mapu\rop\rop-common\1.0.1\rop-common-1.0.1.jar
郞嫁rop/annotation/IgnoreSign.class
******************************************
2016-04-28 19:40:50
******************************************
익郞:
[compile]F:\jar\repository\commons-collections\commons-collections\3.2.1\commons-collections-3.2.1.jar
[compile]F:\jar\repository\commons-beanutils\commons-beanutils\1.8.2\commons-beanutils-1.8.2.jar
郞嫁org/apache/commons/collections/ArrayStack.class
익郞:
[compile]F:\jar\repository\fakepath\apache-batik\1.0\apache-batik-1.0.jar
[compile]F:\jar\repository\xml-apis\xml-apis\1.0.b2\xml-apis-1.0.b2.jar
郞嫁org/w3c/dom/traversal/DocumentTraversal.class
익郞:
[compile]F:\jar\repository\commons-logging\commons-logging\1.1.3\commons-logging-1.1.3.jar
[compile]F:\jar\repository\commons-logging\commons-logging\1.1.1\commons-logging-1.1.1.jar
郞嫁org/apache/commons/logging/impl/AvalonLogger.class
익郞:
[compile]F:\jar\repository\com\github\rop\rop-client\2.0\rop-client-2.0.jar
[compile]F:\jar\repository\org\mapu\rop\rop-client\1.0.1\rop-client-1.0.1.jar
郞嫁rop/client/ClientRequest.class
익郞:
[compile]F:\jar\repository\com\github\rop\rop-common\2.0\rop-common-2.0.jar
[compile]F:\jar\repository\org\mapu\rop\rop-common\1.0.1\rop-common-1.0.1.jar
郞嫁rop/annotation/IgnoreSign.class
익郞:
[compile]F:\jar\repository\javax\mail\mail\1.4.6-rc1\mail-1.4.6-rc1.jar
[compile]F:\jar\repository\org\apache\geronimo\specs\geronimo-javamail_1.4_spec\1.7.1\geronimo-javamail_1.4_spec-1.7.1.jar
郞嫁javax/mail/IllegalWriteException.class
익郞:
[compile]F:\jar\repository\commons-beanutils\commons-beanutils-core\1.7.0\commons-beanutils-core-1.7.0.jar
[compile]F:\jar\repository\commons-beanutils\commons-beanutils\1.8.2\commons-beanutils-1.8.2.jar
郞嫁org/apache/commons/beanutils/converters/AbstractArrayConverter.class
익郞:
[compile]F:\jar\repository\xom\xom\1.2.5\xom-1.2.5.jar
[compile]F:\jar\repository\org\apache\xmlbeans\xmlbeans\2.5.0\xmlbeans-2.5.0.jar
郞嫁org/w3c/dom/UserDataHandler.class
익郞:
[compile]F:\jar\repository\org\apache\xmlgraphics\batik-css\1.7\batik-css-1.7.jar
[compile]F:\jar\repository\fakepath\apache-batik\1.0\apache-batik-1.0.jar
郞嫁org/apache/batik/css/dom/CSSOMComputedStyle$ComputedCSSValue.class
익郞:
[compile]F:\jar\repository\org\apache\xmlgraphics\batik-ext\1.7\batik-ext-1.7.jar
[compile]F:\jar\repository\xml-apis\xml-apis\1.0.b2\xml-apis-1.0.b2.jar
郞嫁org/w3c/dom/events/DocumentEvent.class
익郞:
[compile]F:\jar\repository\org\apache\xmlgraphics\batik-util\1.7\batik-util-1.7.jar
[compile]F:\jar\repository\fakepath\apache-batik\1.0\apache-batik-1.0.jar
郞嫁org/apache/batik/i18n/ExtendedLocalizable.class
익郞:
[compile]F:\jar\repository\xml-apis\xml-apis-ext\1.3.04\xml-apis-ext-1.3.04.jar
[compile]F:\jar\repository\fakepath\apache-batik\1.0\apache-batik-1.0.jar
郞嫁org/w3c/css/sac/AttributeCondition.class
익郞:
[test]F:\jar\repository\org\apache\tomcat\embed\tomcat-embed-core\7.0.39\tomcat-embed-core-7.0.39.jar
[provided]F:\jar\repository\javax\servlet\javax.servlet-api\3.0.1\javax.servlet-api-3.0.1.jar
郞嫁javax/servlet/AsyncContext.class
******************************************
2016-04-29 15:09:15
******************************************
익郞:
[compile]F:\jar\repository\commons-collections\commons-collections\3.2.1\commons-collections-3.2.1.jar
[compile]F:\jar\repository\commons-beanutils\commons-beanutils\1.8.2\commons-beanutils-1.8.2.jar
郞嫁org/apache/commons/collections/ArrayStack.class
익郞:
[compile]F:\jar\repository\fakepath\apache-batik\1.0\apache-batik-1.0.jar
[compile]F:\jar\repository\xml-apis\xml-apis\1.0.b2\xml-apis-1.0.b2.jar
郞嫁org/w3c/dom/traversal/DocumentTraversal.class
익郞:
[compile]F:\jar\repository\commons-logging\commons-logging\1.1.3\commons-logging-1.1.3.jar
[compile]F:\jar\repository\commons-logging\commons-logging\1.1.1\commons-logging-1.1.1.jar
郞嫁org/apache/commons/logging/impl/AvalonLogger.class
익郞:
[compile]F:\jar\repository\com\github\rop\rop-client\2.0\rop-client-2.0.jar
[compile]F:\jar\repository\org\mapu\rop\rop-client\1.0.1\rop-client-1.0.1.jar
郞嫁rop/client/ClientRequest.class
익郞:
[compile]F:\jar\repository\com\github\rop\rop-common\2.0\rop-common-2.0.jar
[compile]F:\jar\repository\org\mapu\rop\rop-common\1.0.1\rop-common-1.0.1.jar
郞嫁rop/annotation/IgnoreSign.class
익郞:
[compile]F:\jar\repository\javax\mail\mail\1.4.6-rc1\mail-1.4.6-rc1.jar
[compile]F:\jar\repository\org\apache\geronimo\specs\geronimo-javamail_1.4_spec\1.7.1\geronimo-javamail_1.4_spec-1.7.1.jar
郞嫁javax/mail/IllegalWriteException.class
익郞:
[compile]F:\jar\repository\commons-beanutils\commons-beanutils-core\1.7.0\commons-beanutils-core-1.7.0.jar
[compile]F:\jar\repository\commons-beanutils\commons-beanutils\1.8.2\commons-beanutils-1.8.2.jar
郞嫁org/apache/commons/beanutils/converters/AbstractArrayConverter.class
익郞:
[compile]F:\jar\repository\xom\xom\1.2.5\xom-1.2.5.jar
[compile]F:\jar\repository\org\apache\xmlbeans\xmlbeans\2.5.0\xmlbeans-2.5.0.jar
郞嫁org/w3c/dom/UserDataHandler.class
익郞:
[compile]F:\jar\repository\org\apache\xmlgraphics\batik-css\1.7\batik-css-1.7.jar
[compile]F:\jar\repository\fakepath\apache-batik\1.0\apache-batik-1.0.jar
郞嫁org/apache/batik/css/dom/CSSOMComputedStyle$ComputedCSSValue.class
익郞:
[compile]F:\jar\repository\org\apache\xmlgraphics\batik-ext\1.7\batik-ext-1.7.jar
[compile]F:\jar\repository\xml-apis\xml-apis\1.0.b2\xml-apis-1.0.b2.jar
郞嫁org/w3c/dom/events/DocumentEvent.class
익郞:
[compile]F:\jar\repository\org\apache\xmlgraphics\batik-util\1.7\batik-util-1.7.jar
[compile]F:\jar\repository\fakepath\apache-batik\1.0\apache-batik-1.0.jar
郞嫁org/apache/batik/i18n/ExtendedLocalizable.class
익郞:
[compile]F:\jar\repository\xml-apis\xml-apis-ext\1.3.04\xml-apis-ext-1.3.04.jar
[compile]F:\jar\repository\fakepath\apache-batik\1.0\apache-batik-1.0.jar
郞嫁org/w3c/css/sac/AttributeCondition.class
익郞:
[test]F:\jar\repository\org\apache\tomcat\embed\tomcat-embed-core\7.0.39\tomcat-embed-core-7.0.39.jar
[provided]F:\jar\repository\javax\servlet\javax.servlet-api\3.0.1\javax.servlet-api-3.0.1.jar
郞嫁javax/servlet/AsyncContext.class
******************************************
2016-06-29 15:23:40
******************************************
익郞:
[compile]F:\jar\repository\commons-collections\commons-collections\3.2.1\commons-collections-3.2.1.jar
[compile]F:\jar\repository\commons-beanutils\commons-beanutils\1.8.2\commons-beanutils-1.8.2.jar
郞嫁org/apache/commons/collections/ArrayStack.class
익郞:
[compile]F:\jar\repository\fakepath\apache-batik\1.0\apache-batik-1.0.jar
[compile]F:\jar\repository\xml-apis\xml-apis\1.0.b2\xml-apis-1.0.b2.jar
郞嫁org/w3c/dom/traversal/DocumentTraversal.class
익郞:
[compile]F:\jar\repository\commons-logging\commons-logging\1.1.3\commons-logging-1.1.3.jar
[compile]F:\jar\repository\commons-logging\commons-logging\1.1.1\commons-logging-1.1.1.jar
郞嫁org/apache/commons/logging/impl/AvalonLogger.class
익郞:
[compile]F:\jar\repository\com\github\rop\rop-client\2.0\rop-client-2.0.jar
[compile]F:\jar\repository\org\mapu\rop\rop-client\1.0.1\rop-client-1.0.1.jar
郞嫁rop/client/ClientRequest.class
익郞:
[compile]F:\jar\repository\com\github\rop\rop-common\2.0\rop-common-2.0.jar
[compile]F:\jar\repository\org\mapu\rop\rop-common\1.0.1\rop-common-1.0.1.jar
郞嫁rop/annotation/IgnoreSign.class
******************************************
2016-06-29 15:38:34
******************************************
익郞:
[compile]F:\jar\repository\commons-collections\commons-collections\3.2.1\commons-collections-3.2.1.jar
[compile]F:\jar\repository\commons-beanutils\commons-beanutils\1.8.2\commons-beanutils-1.8.2.jar
郞嫁org/apache/commons/collections/ArrayStack.class
익郞:
[compile]F:\jar\repository\fakepath\apache-batik\1.0\apache-batik-1.0.jar
[compile]F:\jar\repository\xml-apis\xml-apis\1.0.b2\xml-apis-1.0.b2.jar
郞嫁org/w3c/dom/traversal/DocumentTraversal.class
익郞:
[compile]F:\jar\repository\commons-logging\commons-logging\1.1.3\commons-logging-1.1.3.jar
[compile]F:\jar\repository\commons-logging\commons-logging\1.1.1\commons-logging-1.1.1.jar
郞嫁org/apache/commons/logging/impl/AvalonLogger.class
익郞:
[compile]F:\jar\repository\com\github\rop\rop-client\2.0\rop-client-2.0.jar
[compile]F:\jar\repository\org\mapu\rop\rop-client\1.0.1\rop-client-1.0.1.jar
郞嫁rop/client/ClientRequest.class
익郞:
[compile]F:\jar\repository\com\github\rop\rop-common\2.0\rop-common-2.0.jar
[compile]F:\jar\repository\org\mapu\rop\rop-common\1.0.1\rop-common-1.0.1.jar
郞嫁rop/annotation/IgnoreSign.class
******************************************
2016-08-10 10:05:11
******************************************
