2017-07-01 17:23:16,689 - ResourceManager : found operation/op-signature.vm with loader middlegen.KindFileResourceLoader
2017-07-01 17:23:16,689 - ResourceManager : found operation/opbody-delete.vm with loader middlegen.KindFileResourceLoader
2017-07-01 17:23:16,689 - ResourceManager : found copyright.vm with loader middlegen.KindFileResourceLoader
2017-07-01 17:23:16,699 - ResourceManager : found description-java.vm with loader middlegen.KindFileResourceLoader
2017-07-01 17:23:16,699 - ResourceManager : found operation/op-insert.vm with loader middlegen.KindFileResourceLoader
2017-07-01 17:23:16,699 - ResourceManager : found operation/op-javadoc.vm with loader middlegen.KindFileResourceLoader
2017-07-01 17:23:16,699 - ResourceManager : found operation/op-signature.vm with loader middlegen.KindFileResourceLoader
2017-07-01 17:23:16,699 - ResourceManager : found operation/opbody-insert.vm with loader middlegen.KindFileResourceLoader
2017-07-01 17:23:16,699 - ResourceManager : found operation/op-update.vm with loader middlegen.KindFileResourceLoader
2017-07-01 17:23:16,699 - ResourceManager : found operation/op-javadoc.vm with loader middlegen.KindFileResourceLoader
2017-07-01 17:23:16,699 - ResourceManager : found operation/op-signature.vm with loader middlegen.KindFileResourceLoader
2017-07-01 17:23:16,699 - ResourceManager : found operation/opbody-update.vm with loader middlegen.KindFileResourceLoader
2017-07-01 17:23:16,699 - ResourceManager : found operation/op-delete.vm with loader middlegen.KindFileResourceLoader
2017-07-01 17:23:16,699 - ResourceManager : found operation/op-javadoc.vm with loader middlegen.KindFileResourceLoader
2017-07-01 17:23:16,699 - ResourceManager : found operation/op-signature.vm with loader middlegen.KindFileResourceLoader
2017-07-01 17:23:16,709 - ResourceManager : found operation/opbody-delete.vm with loader middlegen.KindFileResourceLoader
2017-07-01 17:23:16,709 - ResourceManager : found copyright.vm with loader middlegen.KindFileResourceLoader
2017-07-01 17:23:16,709 - ResourceManager : found description-java.vm with loader middlegen.KindFileResourceLoader
2017-07-01 17:23:16,709 - ResourceManager : found operation/op-insert.vm with loader middlegen.KindFileResourceLoader
2017-07-01 17:23:16,709 - ResourceManager : found operation/op-javadoc.vm with loader middlegen.KindFileResourceLoader
2017-07-01 17:23:16,709 - ResourceManager : found operation/op-signature.vm with loader middlegen.KindFileResourceLoader
2017-07-01 17:23:16,709 - ResourceManager : found operation/op-update.vm with loader middlegen.KindFileResourceLoader
2017-07-01 17:23:16,719 - ResourceManager : found operation/op-javadoc.vm with loader middlegen.KindFileResourceLoader
2017-07-01 17:23:16,719 - ResourceManager : found operation/op-signature.vm with loader middlegen.KindFileResourceLoader
2017-07-01 17:23:16,719 - ResourceManager : found operation/op-delete.vm with loader middlegen.KindFileResourceLoader
2017-07-01 17:23:16,719 - ResourceManager : found operation/op-javadoc.vm with loader middlegen.KindFileResourceLoader
2017-07-01 17:23:16,719 - ResourceManager : found operation/op-signature.vm with loader middlegen.KindFileResourceLoader
2017-07-01 17:23:16,719 - ResourceManager : found copyright.vm with loader middlegen.KindFileResourceLoader
2017-07-01 17:23:16,719 - ResourceManager : found description-java.vm with loader middlegen.KindFileResourceLoader
2017-07-01 17:23:16,729 - ResourceManager : found operation/op-insert.vm with loader middlegen.KindFileResourceLoader
2017-07-01 17:23:16,729 - ResourceManager : found operation/op-javadoc.vm with loader middlegen.KindFileResourceLoader
2017-07-01 17:23:16,729 - ResourceManager : found operation/op-signature.vm with loader middlegen.KindFileResourceLoader
2017-07-01 17:23:16,729 - ResourceManager : found operation/op-update.vm with loader middlegen.KindFileResourceLoader
2017-07-01 17:23:16,729 - ResourceManager : found operation/op-javadoc.vm with loader middlegen.KindFileResourceLoader
2017-07-01 17:23:16,739 - ResourceManager : found operation/op-signature.vm with loader middlegen.KindFileResourceLoader
2017-07-01 17:23:16,739 - ResourceManager : found operation/op-delete.vm with loader middlegen.KindFileResourceLoader
2017-07-01 17:23:16,739 - ResourceManager : found operation/op-javadoc.vm with loader middlegen.KindFileResourceLoader
2017-07-01 17:23:16,739 - ResourceManager : found operation/op-signature.vm with loader middlegen.KindFileResourceLoader
2017-07-01 17:23:16,739 - ResourceManager : found copyright.vm with loader middlegen.KindFileResourceLoader
2017-07-01 17:23:16,739 - ResourceManager : found description-java.vm with loader middlegen.KindFileResourceLoader
2017-07-01 17:23:16,739 - ResourceManager : found do-fields.vm with loader middlegen.KindFileResourceLoader
2017-07-01 17:23:16,749 - ResourceManager : found copyright.vm with loader middlegen.KindFileResourceLoader
2017-07-01 17:23:16,749 - ResourceManager : found description-java.vm with loader middlegen.KindFileResourceLoader
2017-07-01 17:23:16,749 - ResourceManager : found do-fields.vm with loader middlegen.KindFileResourceLoader
2017-07-01 17:43:46,002 - Log4JLogSystem initialized using logfile velocity.log
2017-07-01 17:43:46,002 - ************************************************************** 
2017-07-01 17:43:46,002 - Starting Jakarta Velocity v1.4
2017-07-01 17:43:46,002 - RuntimeInstance initializing.
2017-07-01 17:43:46,002 - Default Properties File: org\apache\velocity\runtime\defaults\velocity.properties
2017-07-01 17:43:46,002 - Trying to use logger class middlegen.DontCloseLog4JLogSystem
2017-07-01 17:43:46,002 - Using logger class middlegen.DontCloseLog4JLogSystem
2017-07-01 17:43:46,012 - Default ResourceManager initializing. (class org.apache.velocity.runtime.resource.ResourceManagerImpl)
2017-07-01 17:43:46,012 - Resource Loader Instantiated: middlegen.KindFileResourceLoader
2017-07-01 17:43:46,012 - FileResourceLoader : initialization starting.
2017-07-01 17:43:46,012 - FileResourceLoader : adding path 'templates/mergedir'
2017-07-01 17:43:46,012 - FileResourceLoader : initialization complete.
2017-07-01 17:43:46,012 - ClasspathResourceLoader : initialization starting.
2017-07-01 17:43:46,012 - ClasspathResourceLoader : initialization complete.
2017-07-01 17:43:46,012 - ResourceCache : initialized. (class org.apache.velocity.runtime.resource.ResourceCacheImpl)
2017-07-01 17:43:46,012 - Default ResourceManager initialization complete.
2017-07-01 17:43:46,012 - Loaded System Directive: org.apache.velocity.runtime.directive.Literal
2017-07-01 17:43:46,012 - Loaded System Directive: org.apache.velocity.runtime.directive.Macro
2017-07-01 17:43:46,012 - Loaded System Directive: org.apache.velocity.runtime.directive.Parse
2017-07-01 17:43:46,012 - Loaded System Directive: org.apache.velocity.runtime.directive.Include
2017-07-01 17:43:46,022 - Loaded System Directive: org.apache.velocity.runtime.directive.Foreach
2017-07-01 17:43:46,042 - Created: 20 parsers.
2017-07-01 17:43:46,042 - Velocimacro : initialization starting.
2017-07-01 17:43:46,042 - Velocimacro : adding VMs from VM library template : VM_global_library.vm
2017-07-01 17:43:46,052 - KindFileResourceLoader : file loader failed to load: VM_global_library.vm
2017-07-01 17:43:46,052 - ResourceManager : found VM_global_library.vm with loader middlegen.KindFileResourceLoader
2017-07-01 17:43:46,052 - Velocimacro :  VM library template macro registration complete.
2017-07-01 17:43:46,052 - Velocimacro : allowInline = true : VMs can be defined inline in templates
2017-07-01 17:43:46,052 - Velocimacro : allowInlineToOverride = false : VMs defined inline may NOT replace previous VM definitions
2017-07-01 17:43:46,052 - Velocimacro : allowInlineLocal = false : VMs defined inline will be  global in scope if allowed.
2017-07-01 17:43:46,052 - Velocimacro : messages on  : VM system will output logging messages
2017-07-01 17:43:46,052 - Velocimacro : autoload off  : VM system will not automatically reload global library macros
2017-07-01 17:43:46,052 - Velocimacro : initialization complete.
2017-07-01 17:43:46,052 - Velocity successfully started.
2017-07-01 17:43:46,142 - ResourceManager : found description-xml.vm with loader middlegen.KindFileResourceLoader
2017-07-01 17:43:46,142 - Method getMappedStatementSql threw exception for reference $operation in template middlegen at  [92,9]
2017-07-01 17:54:48,091 - Log4JLogSystem initialized using logfile velocity.log
2017-07-01 17:54:48,091 - ************************************************************** 
2017-07-01 17:54:48,091 - Starting Jakarta Velocity v1.4
2017-07-01 17:54:48,091 - RuntimeInstance initializing.
2017-07-01 17:54:48,091 - Default Properties File: org\apache\velocity\runtime\defaults\velocity.properties
2017-07-01 17:54:48,091 - Trying to use logger class middlegen.DontCloseLog4JLogSystem
2017-07-01 17:54:48,091 - Using logger class middlegen.DontCloseLog4JLogSystem
2017-07-01 17:54:48,091 - Default ResourceManager initializing. (class org.apache.velocity.runtime.resource.ResourceManagerImpl)
2017-07-01 17:54:48,091 - Resource Loader Instantiated: middlegen.KindFileResourceLoader
2017-07-01 17:54:48,091 - FileResourceLoader : initialization starting.
2017-07-01 17:54:48,091 - FileResourceLoader : adding path 'templates/mergedir'
2017-07-01 17:54:48,091 - FileResourceLoader : initialization complete.
2017-07-01 17:54:48,091 - ClasspathResourceLoader : initialization starting.
2017-07-01 17:54:48,091 - ClasspathResourceLoader : initialization complete.
2017-07-01 17:54:48,101 - ResourceCache : initialized. (class org.apache.velocity.runtime.resource.ResourceCacheImpl)
2017-07-01 17:54:48,101 - Default ResourceManager initialization complete.
2017-07-01 17:54:48,101 - Loaded System Directive: org.apache.velocity.runtime.directive.Literal
2017-07-01 17:54:48,101 - Loaded System Directive: org.apache.velocity.runtime.directive.Macro
2017-07-01 17:54:48,101 - Loaded System Directive: org.apache.velocity.runtime.directive.Parse
2017-07-01 17:54:48,101 - Loaded System Directive: org.apache.velocity.runtime.directive.Include
2017-07-01 17:54:48,101 - Loaded System Directive: org.apache.velocity.runtime.directive.Foreach
2017-07-01 17:54:48,121 - Created: 20 parsers.
2017-07-01 17:54:48,131 - Velocimacro : initialization starting.
2017-07-01 17:54:48,131 - Velocimacro : adding VMs from VM library template : VM_global_library.vm
2017-07-01 17:54:48,131 - KindFileResourceLoader : file loader failed to load: VM_global_library.vm
2017-07-01 17:54:48,141 - ResourceManager : found VM_global_library.vm with loader middlegen.KindFileResourceLoader
2017-07-01 17:54:48,141 - Velocimacro :  VM library template macro registration complete.
2017-07-01 17:54:48,141 - Velocimacro : allowInline = true : VMs can be defined inline in templates
2017-07-01 17:54:48,141 - Velocimacro : allowInlineToOverride = false : VMs defined inline may NOT replace previous VM definitions
2017-07-01 17:54:48,141 - Velocimacro : allowInlineLocal = false : VMs defined inline will be  global in scope if allowed.
2017-07-01 17:54:48,141 - Velocimacro : messages on  : VM system will output logging messages
2017-07-01 17:54:48,141 - Velocimacro : autoload off  : VM system will not automatically reload global library macros
2017-07-01 17:54:48,141 - Velocimacro : initialization complete.
2017-07-01 17:54:48,141 - Velocity successfully started.
2017-07-01 17:54:48,221 - ResourceManager : found description-xml.vm with loader middlegen.KindFileResourceLoader
2017-07-01 17:54:48,241 - ResourceManager : found description-xml.vm with loader middlegen.KindFileResourceLoader
2017-07-01 17:54:48,261 - ResourceManager : found copyright.vm with loader middlegen.KindFileResourceLoader
2017-07-01 17:54:48,271 - ResourceManager : found description-java.vm with loader middlegen.KindFileResourceLoader
2017-07-01 17:54:48,271 - ResourceManager : found operation/op-insert.vm with loader middlegen.KindFileResourceLoader
2017-07-01 17:54:48,271 - ResourceManager : found operation/op-javadoc.vm with loader middlegen.KindFileResourceLoader
2017-07-01 17:54:48,271 - ResourceManager : found operation/op-signature.vm with loader middlegen.KindFileResourceLoader
2017-07-01 17:54:48,271 - ResourceManager : found operation/opbody-insert.vm with loader middlegen.KindFileResourceLoader
2017-07-01 17:54:48,271 - ResourceManager : found operation/op-update.vm with loader middlegen.KindFileResourceLoader
2017-07-01 17:54:48,271 - ResourceManager : found operation/op-javadoc.vm with loader middlegen.KindFileResourceLoader
2017-07-01 17:54:48,281 - ResourceManager : found operation/op-signature.vm with loader middlegen.KindFileResourceLoader
2017-07-01 17:54:48,281 - ResourceManager : found operation/opbody-update.vm with loader middlegen.KindFileResourceLoader
2017-07-01 17:54:48,281 - ResourceManager : found operation/op-delete.vm with loader middlegen.KindFileResourceLoader
2017-07-01 17:54:48,281 - ResourceManager : found operation/op-javadoc.vm with loader middlegen.KindFileResourceLoader
2017-07-01 17:54:48,281 - ResourceManager : found operation/op-signature.vm with loader middlegen.KindFileResourceLoader
2017-07-01 17:54:48,281 - ResourceManager : found operation/opbody-delete.vm with loader middlegen.KindFileResourceLoader
2017-07-01 17:54:48,291 - ResourceManager : found copyright.vm with loader middlegen.KindFileResourceLoader
2017-07-01 17:54:48,291 - ResourceManager : found description-java.vm with loader middlegen.KindFileResourceLoader
2017-07-01 17:54:48,291 - ResourceManager : found operation/op-insert.vm with loader middlegen.KindFileResourceLoader
2017-07-01 17:54:48,291 - ResourceManager : found operation/op-javadoc.vm with loader middlegen.KindFileResourceLoader
2017-07-01 17:54:48,291 - ResourceManager : found operation/op-signature.vm with loader middlegen.KindFileResourceLoader
2017-07-01 17:54:48,291 - ResourceManager : found operation/opbody-insert.vm with loader middlegen.KindFileResourceLoader
2017-07-01 17:54:48,291 - ResourceManager : found operation/op-update.vm with loader middlegen.KindFileResourceLoader
2017-07-01 17:54:48,291 - ResourceManager : found operation/op-javadoc.vm with loader middlegen.KindFileResourceLoader
2017-07-01 17:54:48,291 - ResourceManager : found operation/op-signature.vm with loader middlegen.KindFileResourceLoader
2017-07-01 17:54:48,291 - ResourceManager : found operation/opbody-update.vm with loader middlegen.KindFileResourceLoader
2017-07-01 17:54:48,301 - ResourceManager : found operation/op-delete.vm with loader middlegen.KindFileResourceLoader
2017-07-01 17:54:48,301 - ResourceManager : found operation/op-javadoc.vm with loader middlegen.KindFileResourceLoader
2017-07-01 17:54:48,301 - ResourceManager : found operation/op-signature.vm with loader middlegen.KindFileResourceLoader
2017-07-01 17:54:48,301 - ResourceManager : found operation/opbody-delete.vm with loader middlegen.KindFileResourceLoader
2017-07-01 17:54:48,301 - ResourceManager : found copyright.vm with loader middlegen.KindFileResourceLoader
2017-07-01 17:54:48,301 - ResourceManager : found description-java.vm with loader middlegen.KindFileResourceLoader
2017-07-01 17:54:48,301 - ResourceManager : found operation/op-insert.vm with loader middlegen.KindFileResourceLoader
2017-07-01 17:54:48,311 - ResourceManager : found operation/op-javadoc.vm with loader middlegen.KindFileResourceLoader
2017-07-01 17:54:48,311 - ResourceManager : found operation/op-signature.vm with loader middlegen.KindFileResourceLoader
2017-07-01 17:54:48,311 - ResourceManager : found operation/op-update.vm with loader middlegen.KindFileResourceLoader
2017-07-01 17:54:48,311 - ResourceManager : found operation/op-javadoc.vm with loader middlegen.KindFileResourceLoader
2017-07-01 17:54:48,311 - ResourceManager : found operation/op-signature.vm with loader middlegen.KindFileResourceLoader
2017-07-01 17:54:48,311 - ResourceManager : found operation/op-delete.vm with loader middlegen.KindFileResourceLoader
2017-07-01 17:54:48,311 - ResourceManager : found operation/op-javadoc.vm with loader middlegen.KindFileResourceLoader
2017-07-01 17:54:48,311 - ResourceManager : found operation/op-signature.vm with loader middlegen.KindFileResourceLoader
2017-07-01 17:54:48,321 - ResourceManager : found copyright.vm with loader middlegen.KindFileResourceLoader
2017-07-01 17:54:48,321 - ResourceManager : found description-java.vm with loader middlegen.KindFileResourceLoader
2017-07-01 17:54:48,321 - ResourceManager : found operation/op-insert.vm with loader middlegen.KindFileResourceLoader
2017-07-01 17:54:48,321 - ResourceManager : found operation/op-javadoc.vm with loader middlegen.KindFileResourceLoader
2017-07-01 17:54:48,321 - ResourceManager : found operation/op-signature.vm with loader middlegen.KindFileResourceLoader
2017-07-01 17:54:48,321 - ResourceManager : found operation/op-update.vm with loader middlegen.KindFileResourceLoader
2017-07-01 17:54:48,321 - ResourceManager : found operation/op-javadoc.vm with loader middlegen.KindFileResourceLoader
2017-07-01 17:54:48,331 - ResourceManager : found operation/op-signature.vm with loader middlegen.KindFileResourceLoader
2017-07-01 17:54:48,331 - ResourceManager : found operation/op-delete.vm with loader middlegen.KindFileResourceLoader
2017-07-01 17:54:48,331 - ResourceManager : found operation/op-javadoc.vm with loader middlegen.KindFileResourceLoader
2017-07-01 17:54:48,331 - ResourceManager : found operation/op-signature.vm with loader middlegen.KindFileResourceLoader
2017-07-01 17:54:48,331 - ResourceManager : found copyright.vm with loader middlegen.KindFileResourceLoader
2017-07-01 17:54:48,341 - ResourceManager : found description-java.vm with loader middlegen.KindFileResourceLoader
2017-07-01 17:54:48,341 - ResourceManager : found do-fields.vm with loader middlegen.KindFileResourceLoader
2017-07-01 17:54:48,341 - ResourceManager : found copyright.vm with loader middlegen.KindFileResourceLoader
2017-07-01 17:54:48,341 - ResourceManager : found description-java.vm with loader middlegen.KindFileResourceLoader
2017-07-01 17:54:48,351 - ResourceManager : found do-fields.vm with loader middlegen.KindFileResourceLoader
2017-07-01 18:20:57,205 - Log4JLogSystem initialized using logfile velocity.log
2017-07-01 18:20:57,205 - ************************************************************** 
2017-07-01 18:20:57,205 - Starting Jakarta Velocity v1.4
2017-07-01 18:20:57,205 - RuntimeInstance initializing.
2017-07-01 18:20:57,205 - Default Properties File: org\apache\velocity\runtime\defaults\velocity.properties
2017-07-01 18:20:57,205 - Trying to use logger class middlegen.DontCloseLog4JLogSystem
2017-07-01 18:20:57,205 - Using logger class middlegen.DontCloseLog4JLogSystem
2017-07-01 18:20:57,205 - Default ResourceManager initializing. (class org.apache.velocity.runtime.resource.ResourceManagerImpl)
2017-07-01 18:20:57,205 - Resource Loader Instantiated: middlegen.KindFileResourceLoader
2017-07-01 18:20:57,205 - FileResourceLoader : initialization starting.
2017-07-01 18:20:57,205 - FileResourceLoader : adding path 'templates/mergedir'
2017-07-01 18:20:57,205 - FileResourceLoader : initialization complete.
2017-07-01 18:20:57,205 - ClasspathResourceLoader : initialization starting.
2017-07-01 18:20:57,205 - ClasspathResourceLoader : initialization complete.
2017-07-01 18:20:57,205 - ResourceCache : initialized. (class org.apache.velocity.runtime.resource.ResourceCacheImpl)
2017-07-01 18:20:57,205 - Default ResourceManager initialization complete.
2017-07-01 18:20:57,205 - Loaded System Directive: org.apache.velocity.runtime.directive.Literal
2017-07-01 18:20:57,205 - Loaded System Directive: org.apache.velocity.runtime.directive.Macro
2017-07-01 18:20:57,215 - Loaded System Directive: org.apache.velocity.runtime.directive.Parse
2017-07-01 18:20:57,215 - Loaded System Directive: org.apache.velocity.runtime.directive.Include
2017-07-01 18:20:57,215 - Loaded System Directive: org.apache.velocity.runtime.directive.Foreach
2017-07-01 18:20:57,235 - Created: 20 parsers.
2017-07-01 18:20:57,235 - Velocimacro : initialization starting.
2017-07-01 18:20:57,235 - Velocimacro : adding VMs from VM library template : VM_global_library.vm
2017-07-01 18:20:57,245 - KindFileResourceLoader : file loader failed to load: VM_global_library.vm
2017-07-01 18:20:57,245 - ResourceManager : found VM_global_library.vm with loader middlegen.KindFileResourceLoader
2017-07-01 18:20:57,245 - Velocimacro :  VM library template macro registration complete.
2017-07-01 18:20:57,245 - Velocimacro : allowInline = true : VMs can be defined inline in templates
2017-07-01 18:20:57,245 - Velocimacro : allowInlineToOverride = false : VMs defined inline may NOT replace previous VM definitions
2017-07-01 18:20:57,245 - Velocimacro : allowInlineLocal = false : VMs defined inline will be  global in scope if allowed.
2017-07-01 18:20:57,245 - Velocimacro : messages on  : VM system will output logging messages
2017-07-01 18:20:57,245 - Velocimacro : autoload off  : VM system will not automatically reload global library macros
2017-07-01 18:20:57,245 - Velocimacro : initialization complete.
2017-07-01 18:20:57,245 - Velocity successfully started.
2017-07-01 18:20:57,325 - ResourceManager : found description-xml.vm with loader middlegen.KindFileResourceLoader
2017-07-01 18:20:57,345 - ResourceManager : found description-xml.vm with loader middlegen.KindFileResourceLoader
2017-07-01 18:20:57,355 - ResourceManager : found copyright.vm with loader middlegen.KindFileResourceLoader
2017-07-01 18:20:57,355 - ResourceManager : found description-java.vm with loader middlegen.KindFileResourceLoader
2017-07-01 18:20:57,355 - ResourceManager : found operation/op-insert.vm with loader middlegen.KindFileResourceLoader
2017-07-01 18:20:57,365 - ResourceManager : found operation/op-javadoc.vm with loader middlegen.KindFileResourceLoader
2017-07-01 18:20:57,365 - ResourceManager : found operation/op-signature.vm with loader middlegen.KindFileResourceLoader
2017-07-01 18:20:57,365 - ResourceManager : found operation/opbody-insert.vm with loader middlegen.KindFileResourceLoader
2017-07-01 18:20:57,365 - ResourceManager : found operation/op-update.vm with loader middlegen.KindFileResourceLoader
2017-07-01 18:20:57,365 - ResourceManager : found operation/op-javadoc.vm with loader middlegen.KindFileResourceLoader
2017-07-01 18:20:57,365 - ResourceManager : found operation/op-signature.vm with loader middlegen.KindFileResourceLoader
2017-07-01 18:20:57,365 - ResourceManager : found operation/opbody-update.vm with loader middlegen.KindFileResourceLoader
2017-07-01 18:20:57,375 - ResourceManager : found operation/op-delete.vm with loader middlegen.KindFileResourceLoader
2017-07-01 18:20:57,375 - ResourceManager : found operation/op-javadoc.vm with loader middlegen.KindFileResourceLoader
2017-07-01 18:20:57,375 - ResourceManager : found operation/op-signature.vm with loader middlegen.KindFileResourceLoader
2017-07-01 18:20:57,375 - ResourceManager : found operation/opbody-delete.vm with loader middlegen.KindFileResourceLoader
2017-07-01 18:20:57,375 - ResourceManager : found copyright.vm with loader middlegen.KindFileResourceLoader
2017-07-01 18:20:57,385 - ResourceManager : found description-java.vm with loader middlegen.KindFileResourceLoader
2017-07-01 18:20:57,385 - ResourceManager : found operation/op-insert.vm with loader middlegen.KindFileResourceLoader
2017-07-01 18:20:57,385 - ResourceManager : found operation/op-javadoc.vm with loader middlegen.KindFileResourceLoader
2017-07-01 18:20:57,385 - ResourceManager : found operation/op-signature.vm with loader middlegen.KindFileResourceLoader
2017-07-01 18:20:57,385 - ResourceManager : found operation/opbody-insert.vm with loader middlegen.KindFileResourceLoader
2017-07-01 18:20:57,385 - ResourceManager : found operation/op-update.vm with loader middlegen.KindFileResourceLoader
2017-07-01 18:20:57,385 - ResourceManager : found operation/op-javadoc.vm with loader middlegen.KindFileResourceLoader
2017-07-01 18:20:57,385 - ResourceManager : found operation/op-signature.vm with loader middlegen.KindFileResourceLoader
2017-07-01 18:20:57,385 - ResourceManager : found operation/opbody-update.vm with loader middlegen.KindFileResourceLoader
2017-07-01 18:20:57,385 - ResourceManager : found operation/op-delete.vm with loader middlegen.KindFileResourceLoader
2017-07-01 18:20:57,385 - ResourceManager : found operation/op-javadoc.vm with loader middlegen.KindFileResourceLoader
2017-07-01 18:20:57,395 - ResourceManager : found operation/op-signature.vm with loader middlegen.KindFileResourceLoader
2017-07-01 18:20:57,395 - ResourceManager : found operation/opbody-delete.vm with loader middlegen.KindFileResourceLoader
2017-07-01 18:20:57,395 - ResourceManager : found copyright.vm with loader middlegen.KindFileResourceLoader
2017-07-01 18:20:57,395 - ResourceManager : found description-java.vm with loader middlegen.KindFileResourceLoader
2017-07-01 18:20:57,395 - ResourceManager : found operation/op-insert.vm with loader middlegen.KindFileResourceLoader
2017-07-01 18:20:57,405 - ResourceManager : found operation/op-javadoc.vm with loader middlegen.KindFileResourceLoader
2017-07-01 18:20:57,405 - ResourceManager : found operation/op-signature.vm with loader middlegen.KindFileResourceLoader
2017-07-01 18:20:57,405 - ResourceManager : found operation/op-update.vm with loader middlegen.KindFileResourceLoader
2017-07-01 18:20:57,405 - ResourceManager : found operation/op-javadoc.vm with loader middlegen.KindFileResourceLoader
2017-07-01 18:20:57,405 - ResourceManager : found operation/op-signature.vm with loader middlegen.KindFileResourceLoader
2017-07-01 18:20:57,405 - ResourceManager : found operation/op-delete.vm with loader middlegen.KindFileResourceLoader
2017-07-01 18:20:57,415 - ResourceManager : found operation/op-javadoc.vm with loader middlegen.KindFileResourceLoader
2017-07-01 18:20:57,415 - ResourceManager : found operation/op-signature.vm with loader middlegen.KindFileResourceLoader
2017-07-01 18:20:57,415 - ResourceManager : found copyright.vm with loader middlegen.KindFileResourceLoader
2017-07-01 18:20:57,415 - ResourceManager : found description-java.vm with loader middlegen.KindFileResourceLoader
2017-07-01 18:20:57,415 - ResourceManager : found operation/op-insert.vm with loader middlegen.KindFileResourceLoader
2017-07-01 18:20:57,415 - ResourceManager : found operation/op-javadoc.vm with loader middlegen.KindFileResourceLoader
2017-07-01 18:20:57,425 - ResourceManager : found operation/op-signature.vm with loader middlegen.KindFileResourceLoader
2017-07-01 18:20:57,425 - ResourceManager : found operation/op-update.vm with loader middlegen.KindFileResourceLoader
2017-07-01 18:20:57,425 - ResourceManager : found operation/op-javadoc.vm with loader middlegen.KindFileResourceLoader
2017-07-01 18:20:57,425 - ResourceManager : found operation/op-signature.vm with loader middlegen.KindFileResourceLoader
2017-07-01 18:20:57,425 - ResourceManager : found operation/op-delete.vm with loader middlegen.KindFileResourceLoader
2017-07-01 18:20:57,425 - ResourceManager : found operation/op-javadoc.vm with loader middlegen.KindFileResourceLoader
2017-07-01 18:20:57,425 - ResourceManager : found operation/op-signature.vm with loader middlegen.KindFileResourceLoader
2017-07-01 18:20:57,435 - ResourceManager : found copyright.vm with loader middlegen.KindFileResourceLoader
2017-07-01 18:20:57,435 - ResourceManager : found description-java.vm with loader middlegen.KindFileResourceLoader
2017-07-01 18:20:57,435 - ResourceManager : found do-fields.vm with loader middlegen.KindFileResourceLoader
2017-07-01 18:20:57,435 - ResourceManager : found copyright.vm with loader middlegen.KindFileResourceLoader
2017-07-01 18:20:57,435 - ResourceManager : found description-java.vm with loader middlegen.KindFileResourceLoader
2017-07-01 18:20:57,445 - ResourceManager : found do-fields.vm with loader middlegen.KindFileResourceLoader
2017-07-01 18:49:47,321 - Log4JLogSystem initialized using logfile velocity.log
2017-07-01 18:49:47,321 - ************************************************************** 
2017-07-01 18:49:47,321 - Starting Jakarta Velocity v1.4
2017-07-01 18:49:47,321 - RuntimeInstance initializing.
2017-07-01 18:49:47,321 - Default Properties File: org\apache\velocity\runtime\defaults\velocity.properties
2017-07-01 18:49:47,321 - Trying to use logger class middlegen.DontCloseLog4JLogSystem
2017-07-01 18:49:47,322 - Using logger class middlegen.DontCloseLog4JLogSystem
2017-07-01 18:49:47,324 - Default ResourceManager initializing. (class org.apache.velocity.runtime.resource.ResourceManagerImpl)
2017-07-01 18:49:47,327 - Resource Loader Instantiated: middlegen.KindFileResourceLoader
2017-07-01 18:49:47,327 - FileResourceLoader : initialization starting.
2017-07-01 18:49:47,327 - FileResourceLoader : adding path 'templates/mergedir'
2017-07-01 18:49:47,327 - FileResourceLoader : initialization complete.
2017-07-01 18:49:47,327 - ClasspathResourceLoader : initialization starting.
2017-07-01 18:49:47,327 - ClasspathResourceLoader : initialization complete.
2017-07-01 18:49:47,328 - ResourceCache : initialized. (class org.apache.velocity.runtime.resource.ResourceCacheImpl)
2017-07-01 18:49:47,328 - Default ResourceManager initialization complete.
2017-07-01 18:49:47,329 - Loaded System Directive: org.apache.velocity.runtime.directive.Literal
2017-07-01 18:49:47,330 - Loaded System Directive: org.apache.velocity.runtime.directive.Macro
2017-07-01 18:49:47,331 - Loaded System Directive: org.apache.velocity.runtime.directive.Parse
2017-07-01 18:49:47,333 - Loaded System Directive: org.apache.velocity.runtime.directive.Include
2017-07-01 18:49:47,333 - Loaded System Directive: org.apache.velocity.runtime.directive.Foreach
2017-07-01 18:49:47,353 - Created: 20 parsers.
2017-07-01 18:49:47,353 - Velocimacro : initialization starting.
2017-07-01 18:49:47,353 - Velocimacro : adding VMs from VM library template : VM_global_library.vm
2017-07-01 18:49:47,363 - KindFileResourceLoader : file loader failed to load: VM_global_library.vm
2017-07-01 18:49:47,363 - ResourceManager : found VM_global_library.vm with loader middlegen.KindFileResourceLoader
2017-07-01 18:49:47,363 - Velocimacro :  VM library template macro registration complete.
2017-07-01 18:49:47,363 - Velocimacro : allowInline = true : VMs can be defined inline in templates
2017-07-01 18:49:47,363 - Velocimacro : allowInlineToOverride = false : VMs defined inline may NOT replace previous VM definitions
2017-07-01 18:49:47,363 - Velocimacro : allowInlineLocal = false : VMs defined inline will be  global in scope if allowed.
2017-07-01 18:49:47,363 - Velocimacro : messages on  : VM system will output logging messages
2017-07-01 18:49:47,363 - Velocimacro : autoload off  : VM system will not automatically reload global library macros
2017-07-01 18:49:47,363 - Velocimacro : initialization complete.
2017-07-01 18:49:47,363 - Velocity successfully started.
2017-07-01 18:49:47,453 - ResourceManager : found description-xml.vm with loader middlegen.KindFileResourceLoader
2017-07-01 18:49:47,473 - ResourceManager : found copyright.vm with loader middlegen.KindFileResourceLoader
2017-07-01 18:49:47,473 - ResourceManager : found description-java.vm with loader middlegen.KindFileResourceLoader
2017-07-01 18:49:47,473 - ResourceManager : found operation/op-insert.vm with loader middlegen.KindFileResourceLoader
2017-07-01 18:49:47,483 - ResourceManager : found operation/op-javadoc.vm with loader middlegen.KindFileResourceLoader
2017-07-01 18:49:47,483 - ResourceManager : found operation/op-signature.vm with loader middlegen.KindFileResourceLoader
2017-07-01 18:49:47,483 - ResourceManager : found operation/opbody-insert.vm with loader middlegen.KindFileResourceLoader
2017-07-01 18:49:47,483 - ResourceManager : found operation/op-update.vm with loader middlegen.KindFileResourceLoader
2017-07-01 18:49:47,483 - ResourceManager : found operation/op-javadoc.vm with loader middlegen.KindFileResourceLoader
2017-07-01 18:49:47,483 - ResourceManager : found operation/op-signature.vm with loader middlegen.KindFileResourceLoader
2017-07-01 18:49:47,493 - ResourceManager : found operation/opbody-update.vm with loader middlegen.KindFileResourceLoader
2017-07-01 18:49:47,493 - ResourceManager : found operation/op-delete.vm with loader middlegen.KindFileResourceLoader
2017-07-01 18:49:47,493 - ResourceManager : found operation/op-javadoc.vm with loader middlegen.KindFileResourceLoader
2017-07-01 18:49:47,493 - ResourceManager : found operation/op-signature.vm with loader middlegen.KindFileResourceLoader
2017-07-01 18:49:47,493 - ResourceManager : found operation/opbody-delete.vm with loader middlegen.KindFileResourceLoader
2017-07-01 18:49:47,493 - ResourceManager : found copyright.vm with loader middlegen.KindFileResourceLoader
2017-07-01 18:49:47,493 - ResourceManager : found description-java.vm with loader middlegen.KindFileResourceLoader
2017-07-01 18:49:47,493 - ResourceManager : found operation/op-insert.vm with loader middlegen.KindFileResourceLoader
2017-07-01 18:49:47,493 - ResourceManager : found operation/op-javadoc.vm with loader middlegen.KindFileResourceLoader
2017-07-01 18:49:47,503 - ResourceManager : found operation/op-signature.vm with loader middlegen.KindFileResourceLoader
2017-07-01 18:49:47,503 - ResourceManager : found operation/op-update.vm with loader middlegen.KindFileResourceLoader
2017-07-01 18:49:47,503 - ResourceManager : found operation/op-javadoc.vm with loader middlegen.KindFileResourceLoader
2017-07-01 18:49:47,503 - ResourceManager : found operation/op-signature.vm with loader middlegen.KindFileResourceLoader
2017-07-01 18:49:47,503 - ResourceManager : found operation/op-delete.vm with loader middlegen.KindFileResourceLoader
2017-07-01 18:49:47,503 - ResourceManager : found operation/op-javadoc.vm with loader middlegen.KindFileResourceLoader
2017-07-01 18:49:47,503 - ResourceManager : found operation/op-signature.vm with loader middlegen.KindFileResourceLoader
2017-07-01 18:49:47,503 - ResourceManager : found copyright.vm with loader middlegen.KindFileResourceLoader
2017-07-01 18:49:47,503 - ResourceManager : found description-java.vm with loader middlegen.KindFileResourceLoader
2017-07-01 18:49:47,513 - ResourceManager : found do-fields.vm with loader middlegen.KindFileResourceLoader
