******************************************
2016-03-02 10:29:39
******************************************
익郞:
[compile]D:\apache-maven-3.3.3\repository\commons-collections\commons-collections\3.2.1\commons-collections-3.2.1.jar
[compile]D:\apache-maven-3.3.3\repository\commons-beanutils\commons-beanutils\1.8.2\commons-beanutils-1.8.2.jar
郞嫁org/apache/commons/collections/ArrayStack.class
익郞:
[compile]D:\apache-maven-3.3.3\repository\fakepath\apache-batik\1.0\apache-batik-1.0.jar
[compile]D:\apache-maven-3.3.3\repository\xml-apis\xml-apis\1.0.b2\xml-apis-1.0.b2.jar
郞嫁org/w3c/dom/traversal/DocumentTraversal.class
******************************************
2016-03-02 10:29:53
******************************************
익郞:
[compile]D:\apache-maven-3.3.3\repository\commons-collections\commons-collections\3.2.1\commons-collections-3.2.1.jar
[compile]D:\apache-maven-3.3.3\repository\commons-beanutils\commons-beanutils\1.8.2\commons-beanutils-1.8.2.jar
郞嫁org/apache/commons/collections/ArrayStack.class
익郞:
[compile]D:\apache-maven-3.3.3\repository\fakepath\apache-batik\1.0\apache-batik-1.0.jar
[compile]D:\apache-maven-3.3.3\repository\xml-apis\xml-apis\1.0.b2\xml-apis-1.0.b2.jar
郞嫁org/w3c/dom/traversal/DocumentTraversal.class
******************************************
2016-03-14 14:03:29
******************************************
익郞:
[compile]D:\apache-maven-3.3.3\repository\commons-collections\commons-collections\3.2.1\commons-collections-3.2.1.jar
[compile]D:\apache-maven-3.3.3\repository\commons-beanutils\commons-beanutils\1.8.2\commons-beanutils-1.8.2.jar
郞嫁org/apache/commons/collections/ArrayStack.class
익郞:
[compile]D:\apache-maven-3.3.3\repository\fakepath\apache-batik\1.0\apache-batik-1.0.jar
[compile]D:\apache-maven-3.3.3\repository\xml-apis\xml-apis\1.0.b2\xml-apis-1.0.b2.jar
郞嫁org/w3c/dom/traversal/DocumentTraversal.class
******************************************
2016-03-14 14:03:40
******************************************
익郞:
[compile]D:\apache-maven-3.3.3\repository\commons-collections\commons-collections\3.2.1\commons-collections-3.2.1.jar
[compile]D:\apache-maven-3.3.3\repository\commons-beanutils\commons-beanutils\1.8.2\commons-beanutils-1.8.2.jar
郞嫁org/apache/commons/collections/ArrayStack.class
익郞:
[compile]D:\apache-maven-3.3.3\repository\fakepath\apache-batik\1.0\apache-batik-1.0.jar
[compile]D:\apache-maven-3.3.3\repository\xml-apis\xml-apis\1.0.b2\xml-apis-1.0.b2.jar
郞嫁org/w3c/dom/traversal/DocumentTraversal.class
******************************************
2016-03-30 11:27:25
******************************************
익郞:
[compile]D:\apache-maven-3.3.3\repository\commons-collections\commons-collections\3.2.1\commons-collections-3.2.1.jar
[compile]D:\apache-maven-3.3.3\repository\commons-beanutils\commons-beanutils\1.8.2\commons-beanutils-1.8.2.jar
郞嫁org/apache/commons/collections/ArrayStack.class
익郞:
[compile]D:\apache-maven-3.3.3\repository\fakepath\apache-batik\1.0\apache-batik-1.0.jar
[compile]D:\apache-maven-3.3.3\repository\xml-apis\xml-apis\1.0.b2\xml-apis-1.0.b2.jar
郞嫁org/w3c/dom/traversal/DocumentTraversal.class
******************************************
2016-04-12 11:13:08
******************************************
익郞:
[compile]D:\apache-maven-3.3.3\repository\commons-collections\commons-collections\3.2.1\commons-collections-3.2.1.jar
[compile]D:\apache-maven-3.3.3\repository\commons-beanutils\commons-beanutils\1.8.2\commons-beanutils-1.8.2.jar
郞嫁org/apache/commons/collections/ArrayStack.class
익郞:
[compile]D:\apache-maven-3.3.3\repository\fakepath\apache-batik\1.0\apache-batik-1.0.jar
[compile]D:\apache-maven-3.3.3\repository\xml-apis\xml-apis\1.0.b2\xml-apis-1.0.b2.jar
郞嫁org/w3c/dom/traversal/DocumentTraversal.class
******************************************
2016-04-14 09:48:57
******************************************
익郞:
[compile]D:\apache-maven-3.3.3\repository\commons-collections\commons-collections\3.2.1\commons-collections-3.2.1.jar
[compile]D:\apache-maven-3.3.3\repository\commons-beanutils\commons-beanutils\1.8.2\commons-beanutils-1.8.2.jar
郞嫁org/apache/commons/collections/ArrayStack.class
익郞:
[compile]D:\apache-maven-3.3.3\repository\fakepath\apache-batik\1.0\apache-batik-1.0.jar
[compile]D:\apache-maven-3.3.3\repository\xml-apis\xml-apis\1.0.b2\xml-apis-1.0.b2.jar
郞嫁org/w3c/dom/traversal/DocumentTraversal.class
******************************************
2016-04-14 09:49:50
******************************************
익郞:
[compile]D:\apache-maven-3.3.3\repository\commons-collections\commons-collections\3.2.1\commons-collections-3.2.1.jar
[compile]D:\apache-maven-3.3.3\repository\commons-beanutils\commons-beanutils\1.8.2\commons-beanutils-1.8.2.jar
郞嫁org/apache/commons/collections/ArrayStack.class
익郞:
[compile]D:\apache-maven-3.3.3\repository\fakepath\apache-batik\1.0\apache-batik-1.0.jar
[compile]D:\apache-maven-3.3.3\repository\xml-apis\xml-apis\1.0.b2\xml-apis-1.0.b2.jar
郞嫁org/w3c/dom/traversal/DocumentTraversal.class
******************************************
2016-04-20 10:31:39
******************************************
익郞:
[compile]D:\apache-maven-3.3.3\repository\commons-collections\commons-collections\3.2.1\commons-collections-3.2.1.jar
[compile]D:\apache-maven-3.3.3\repository\commons-beanutils\commons-beanutils\1.8.2\commons-beanutils-1.8.2.jar
郞嫁org/apache/commons/collections/ArrayStack.class
익郞:
[compile]D:\apache-maven-3.3.3\repository\fakepath\apache-batik\1.0\apache-batik-1.0.jar
[compile]D:\apache-maven-3.3.3\repository\xml-apis\xml-apis\1.0.b2\xml-apis-1.0.b2.jar
郞嫁org/w3c/dom/traversal/DocumentTraversal.class
******************************************
2016-04-21 17:31:54
******************************************
익郞:
[compile]D:\apache-maven-3.3.3\repository\commons-collections\commons-collections\3.2.1\commons-collections-3.2.1.jar
[compile]D:\apache-maven-3.3.3\repository\commons-beanutils\commons-beanutils\1.8.2\commons-beanutils-1.8.2.jar
郞嫁org/apache/commons/collections/ArrayStack.class
익郞:
[compile]D:\apache-maven-3.3.3\repository\fakepath\apache-batik\1.0\apache-batik-1.0.jar
[compile]D:\apache-maven-3.3.3\repository\xml-apis\xml-apis\1.0.b2\xml-apis-1.0.b2.jar
郞嫁org/w3c/dom/traversal/DocumentTraversal.class
******************************************
2016-05-04 11:51:23
******************************************
익郞:
[compile]D:\apache-maven-3.3.3\repository\commons-collections\commons-collections\3.2.1\commons-collections-3.2.1.jar
[compile]D:\apache-maven-3.3.3\repository\commons-beanutils\commons-beanutils\1.8.2\commons-beanutils-1.8.2.jar
郞嫁org/apache/commons/collections/ArrayStack.class
익郞:
[compile]D:\apache-maven-3.3.3\repository\fakepath\apache-batik\1.0\apache-batik-1.0.jar
[compile]D:\apache-maven-3.3.3\repository\xml-apis\xml-apis\1.0.b2\xml-apis-1.0.b2.jar
郞嫁org/w3c/dom/traversal/DocumentTraversal.class
******************************************
2016-05-04 15:46:04
******************************************
익郞:
[compile]D:\apache-maven-3.3.3\repository\commons-collections\commons-collections\3.2.1\commons-collections-3.2.1.jar
[compile]D:\apache-maven-3.3.3\repository\commons-beanutils\commons-beanutils\1.8.2\commons-beanutils-1.8.2.jar
郞嫁org/apache/commons/collections/ArrayStack.class
익郞:
[compile]D:\apache-maven-3.3.3\repository\fakepath\apache-batik\1.0\apache-batik-1.0.jar
[compile]D:\apache-maven-3.3.3\repository\xml-apis\xml-apis\1.0.b2\xml-apis-1.0.b2.jar
郞嫁org/w3c/dom/traversal/DocumentTraversal.class
******************************************
2016-05-04 15:46:24
******************************************
익郞:
[compile]D:\apache-maven-3.3.3\repository\commons-collections\commons-collections\3.2.1\commons-collections-3.2.1.jar
[compile]D:\apache-maven-3.3.3\repository\commons-beanutils\commons-beanutils\1.8.2\commons-beanutils-1.8.2.jar
郞嫁org/apache/commons/collections/ArrayStack.class
익郞:
[compile]D:\apache-maven-3.3.3\repository\fakepath\apache-batik\1.0\apache-batik-1.0.jar
[compile]D:\apache-maven-3.3.3\repository\xml-apis\xml-apis\1.0.b2\xml-apis-1.0.b2.jar
郞嫁org/w3c/dom/traversal/DocumentTraversal.class
******************************************
2016-05-04 16:35:09
******************************************
익郞:
[compile]D:\apache-maven-3.3.3\repository\commons-collections\commons-collections\3.2.1\commons-collections-3.2.1.jar
[compile]D:\apache-maven-3.3.3\repository\commons-beanutils\commons-beanutils\1.8.2\commons-beanutils-1.8.2.jar
郞嫁org/apache/commons/collections/ArrayStack.class
익郞:
[compile]D:\apache-maven-3.3.3\repository\fakepath\apache-batik\1.0\apache-batik-1.0.jar
[compile]D:\apache-maven-3.3.3\repository\xml-apis\xml-apis\1.0.b2\xml-apis-1.0.b2.jar
郞嫁org/w3c/dom/traversal/DocumentTraversal.class
******************************************
2016-05-04 16:36:32
******************************************
익郞:
[compile]D:\apache-maven-3.3.3\repository\commons-collections\commons-collections\3.2.1\commons-collections-3.2.1.jar
[compile]D:\apache-maven-3.3.3\repository\commons-beanutils\commons-beanutils\1.8.2\commons-beanutils-1.8.2.jar
郞嫁org/apache/commons/collections/ArrayStack.class
익郞:
[compile]D:\apache-maven-3.3.3\repository\fakepath\apache-batik\1.0\apache-batik-1.0.jar
[compile]D:\apache-maven-3.3.3\repository\xml-apis\xml-apis\1.0.b2\xml-apis-1.0.b2.jar
郞嫁org/w3c/dom/traversal/DocumentTraversal.class
******************************************
2016-05-04 16:39:10
******************************************
익郞:
[compile]D:\apache-maven-3.3.3\repository\commons-collections\commons-collections\3.2.1\commons-collections-3.2.1.jar
[compile]D:\apache-maven-3.3.3\repository\commons-beanutils\commons-beanutils\1.8.2\commons-beanutils-1.8.2.jar
郞嫁org/apache/commons/collections/ArrayStack.class
익郞:
[compile]D:\apache-maven-3.3.3\repository\fakepath\apache-batik\1.0\apache-batik-1.0.jar
[compile]D:\apache-maven-3.3.3\repository\xml-apis\xml-apis\1.0.b2\xml-apis-1.0.b2.jar
郞嫁org/w3c/dom/traversal/DocumentTraversal.class
******************************************
2016-05-07 12:19:40
******************************************
익郞:
[compile]D:\apache-maven-3.3.3\repository\commons-collections\commons-collections\3.2.1\commons-collections-3.2.1.jar
[compile]D:\apache-maven-3.3.3\repository\commons-beanutils\commons-beanutils\1.8.2\commons-beanutils-1.8.2.jar
郞嫁org/apache/commons/collections/ArrayStack.class
익郞:
[compile]D:\apache-maven-3.3.3\repository\fakepath\apache-batik\1.0\apache-batik-1.0.jar
[compile]D:\apache-maven-3.3.3\repository\xml-apis\xml-apis\1.0.b2\xml-apis-1.0.b2.jar
郞嫁org/w3c/dom/traversal/DocumentTraversal.class
******************************************
2016-05-07 12:29:53
******************************************
익郞:
[compile]D:\apache-maven-3.3.3\repository\commons-collections\commons-collections\3.2.1\commons-collections-3.2.1.jar
[compile]D:\apache-maven-3.3.3\repository\commons-beanutils\commons-beanutils\1.8.2\commons-beanutils-1.8.2.jar
郞嫁org/apache/commons/collections/ArrayStack.class
익郞:
[compile]D:\apache-maven-3.3.3\repository\fakepath\apache-batik\1.0\apache-batik-1.0.jar
[compile]D:\apache-maven-3.3.3\repository\xml-apis\xml-apis\1.0.b2\xml-apis-1.0.b2.jar
郞嫁org/w3c/dom/traversal/DocumentTraversal.class
******************************************
2016-05-07 12:32:24
******************************************
익郞:
[compile]D:\apache-maven-3.3.3\repository\commons-collections\commons-collections\3.2.1\commons-collections-3.2.1.jar
[compile]D:\apache-maven-3.3.3\repository\commons-beanutils\commons-beanutils\1.8.2\commons-beanutils-1.8.2.jar
郞嫁org/apache/commons/collections/ArrayStack.class
익郞:
[compile]D:\apache-maven-3.3.3\repository\fakepath\apache-batik\1.0\apache-batik-1.0.jar
[compile]D:\apache-maven-3.3.3\repository\xml-apis\xml-apis\1.0.b2\xml-apis-1.0.b2.jar
郞嫁org/w3c/dom/traversal/DocumentTraversal.class
******************************************
2016-05-07 12:52:21
******************************************
익郞:
[compile]D:\apache-maven-3.3.3\repository\commons-collections\commons-collections\3.2.1\commons-collections-3.2.1.jar
[compile]D:\apache-maven-3.3.3\repository\commons-beanutils\commons-beanutils\1.8.2\commons-beanutils-1.8.2.jar
郞嫁org/apache/commons/collections/ArrayStack.class
익郞:
[compile]D:\apache-maven-3.3.3\repository\fakepath\apache-batik\1.0\apache-batik-1.0.jar
[compile]D:\apache-maven-3.3.3\repository\xml-apis\xml-apis\1.0.b2\xml-apis-1.0.b2.jar
郞嫁org/w3c/dom/traversal/DocumentTraversal.class
******************************************
2016-05-10 11:08:01
******************************************
익郞:
[compile]D:\apache-maven-3.3.3\repository\commons-collections\commons-collections\3.2.1\commons-collections-3.2.1.jar
[compile]D:\apache-maven-3.3.3\repository\commons-beanutils\commons-beanutils\1.8.2\commons-beanutils-1.8.2.jar
郞嫁org/apache/commons/collections/ArrayStack.class
익郞:
[compile]D:\apache-maven-3.3.3\repository\fakepath\apache-batik\1.0\apache-batik-1.0.jar
[compile]D:\apache-maven-3.3.3\repository\xml-apis\xml-apis\1.0.b2\xml-apis-1.0.b2.jar
郞嫁org/w3c/dom/traversal/DocumentTraversal.class
******************************************
2016-05-10 11:09:37
******************************************
익郞:
[compile]D:\apache-maven-3.3.3\repository\commons-collections\commons-collections\3.2.1\commons-collections-3.2.1.jar
[compile]D:\apache-maven-3.3.3\repository\commons-beanutils\commons-beanutils\1.8.2\commons-beanutils-1.8.2.jar
郞嫁org/apache/commons/collections/ArrayStack.class
익郞:
[compile]D:\apache-maven-3.3.3\repository\fakepath\apache-batik\1.0\apache-batik-1.0.jar
[compile]D:\apache-maven-3.3.3\repository\xml-apis\xml-apis\1.0.b2\xml-apis-1.0.b2.jar
郞嫁org/w3c/dom/traversal/DocumentTraversal.class
******************************************
2016-06-12 16:38:09
******************************************
익郞:
[compile]D:\apache-maven-3.3.3\repository\commons-collections\commons-collections\3.2.1\commons-collections-3.2.1.jar
[compile]D:\apache-maven-3.3.3\repository\commons-beanutils\commons-beanutils\1.8.2\commons-beanutils-1.8.2.jar
郞嫁org/apache/commons/collections/ArrayStack.class
익郞:
[compile]D:\apache-maven-3.3.3\repository\fakepath\apache-batik\1.0\apache-batik-1.0.jar
[compile]D:\apache-maven-3.3.3\repository\xml-apis\xml-apis\1.0.b2\xml-apis-1.0.b2.jar
郞嫁org/w3c/dom/traversal/DocumentTraversal.class
******************************************
2016-06-12 17:41:16
******************************************
익郞:
[compile]D:\apache-maven-3.3.3\repository\commons-collections\commons-collections\3.2.1\commons-collections-3.2.1.jar
[compile]D:\apache-maven-3.3.3\repository\commons-beanutils\commons-beanutils\1.8.2\commons-beanutils-1.8.2.jar
郞嫁org/apache/commons/collections/ArrayStack.class
익郞:
[compile]D:\apache-maven-3.3.3\repository\fakepath\apache-batik\1.0\apache-batik-1.0.jar
[compile]D:\apache-maven-3.3.3\repository\xml-apis\xml-apis\1.0.b2\xml-apis-1.0.b2.jar
郞嫁org/w3c/dom/traversal/DocumentTraversal.class
******************************************
2016-06-13 11:52:22
******************************************
익郞:
[compile]D:\apache-maven-3.3.3\repository\commons-collections\commons-collections\3.2.1\commons-collections-3.2.1.jar
[compile]D:\apache-maven-3.3.3\repository\commons-beanutils\commons-beanutils\1.8.2\commons-beanutils-1.8.2.jar
郞嫁org/apache/commons/collections/ArrayStack.class
익郞:
[compile]D:\apache-maven-3.3.3\repository\fakepath\apache-batik\1.0\apache-batik-1.0.jar
[compile]D:\apache-maven-3.3.3\repository\xml-apis\xml-apis\1.0.b2\xml-apis-1.0.b2.jar
郞嫁org/w3c/dom/traversal/DocumentTraversal.class
******************************************
2016-06-13 15:19:37
******************************************
익郞:
[compile]D:\apache-maven-3.3.3\repository\commons-collections\commons-collections\3.2.1\commons-collections-3.2.1.jar
[compile]D:\apache-maven-3.3.3\repository\commons-beanutils\commons-beanutils\1.8.2\commons-beanutils-1.8.2.jar
郞嫁org/apache/commons/collections/ArrayStack.class
익郞:
[compile]D:\apache-maven-3.3.3\repository\fakepath\apache-batik\1.0\apache-batik-1.0.jar
[compile]D:\apache-maven-3.3.3\repository\xml-apis\xml-apis\1.0.b2\xml-apis-1.0.b2.jar
郞嫁org/w3c/dom/traversal/DocumentTraversal.class
******************************************
2016-06-14 10:19:40
******************************************
익郞:
[compile]D:\apache-maven-3.3.3\repository\commons-collections\commons-collections\3.2.1\commons-collections-3.2.1.jar
[compile]D:\apache-maven-3.3.3\repository\commons-beanutils\commons-beanutils\1.8.2\commons-beanutils-1.8.2.jar
郞嫁org/apache/commons/collections/ArrayStack.class
익郞:
[compile]D:\apache-maven-3.3.3\repository\fakepath\apache-batik\1.0\apache-batik-1.0.jar
[compile]D:\apache-maven-3.3.3\repository\xml-apis\xml-apis\1.0.b2\xml-apis-1.0.b2.jar
郞嫁org/w3c/dom/traversal/DocumentTraversal.class
******************************************
2016-06-14 10:22:00
******************************************
익郞:
[compile]D:\apache-maven-3.3.3\repository\commons-collections\commons-collections\3.2.1\commons-collections-3.2.1.jar
[compile]D:\apache-maven-3.3.3\repository\commons-beanutils\commons-beanutils\1.8.2\commons-beanutils-1.8.2.jar
郞嫁org/apache/commons/collections/ArrayStack.class
익郞:
[compile]D:\apache-maven-3.3.3\repository\fakepath\apache-batik\1.0\apache-batik-1.0.jar
[compile]D:\apache-maven-3.3.3\repository\xml-apis\xml-apis\1.0.b2\xml-apis-1.0.b2.jar
郞嫁org/w3c/dom/traversal/DocumentTraversal.class
******************************************
2016-06-14 10:22:20
******************************************
익郞:
[compile]D:\apache-maven-3.3.3\repository\commons-collections\commons-collections\3.2.1\commons-collections-3.2.1.jar
[compile]D:\apache-maven-3.3.3\repository\commons-beanutils\commons-beanutils\1.8.2\commons-beanutils-1.8.2.jar
郞嫁org/apache/commons/collections/ArrayStack.class
익郞:
[compile]D:\apache-maven-3.3.3\repository\fakepath\apache-batik\1.0\apache-batik-1.0.jar
[compile]D:\apache-maven-3.3.3\repository\xml-apis\xml-apis\1.0.b2\xml-apis-1.0.b2.jar
郞嫁org/w3c/dom/traversal/DocumentTraversal.class
******************************************
2016-06-16 15:42:40
******************************************
익郞:
[compile]D:\apache-maven-3.3.3\repository\commons-collections\commons-collections\3.2.1\commons-collections-3.2.1.jar
[compile]D:\apache-maven-3.3.3\repository\commons-beanutils\commons-beanutils\1.8.2\commons-beanutils-1.8.2.jar
郞嫁org/apache/commons/collections/ArrayStack.class
익郞:
[compile]D:\apache-maven-3.3.3\repository\fakepath\apache-batik\1.0\apache-batik-1.0.jar
[compile]D:\apache-maven-3.3.3\repository\xml-apis\xml-apis\1.0.b2\xml-apis-1.0.b2.jar
郞嫁org/w3c/dom/traversal/DocumentTraversal.class
******************************************
2016-06-23 14:23:00
******************************************
익郞:
[compile]D:\apache-maven-3.3.3\repository\commons-collections\commons-collections\3.2.1\commons-collections-3.2.1.jar
[compile]D:\apache-maven-3.3.3\repository\commons-beanutils\commons-beanutils\1.8.2\commons-beanutils-1.8.2.jar
郞嫁org/apache/commons/collections/ArrayStack.class
익郞:
[compile]D:\apache-maven-3.3.3\repository\fakepath\apache-batik\1.0\apache-batik-1.0.jar
[compile]D:\apache-maven-3.3.3\repository\xml-apis\xml-apis\1.0.b2\xml-apis-1.0.b2.jar
郞嫁org/w3c/dom/traversal/DocumentTraversal.class
******************************************
2016-07-11 16:15:00
******************************************
익郞:
[compile]D:\apache-maven-3.3.3\repository\commons-collections\commons-collections\3.2.1\commons-collections-3.2.1.jar
[compile]D:\apache-maven-3.3.3\repository\commons-beanutils\commons-beanutils\1.8.2\commons-beanutils-1.8.2.jar
郞嫁org/apache/commons/collections/ArrayStack.class
익郞:
[compile]D:\apache-maven-3.3.3\repository\fakepath\apache-batik\1.0\apache-batik-1.0.jar
[compile]D:\apache-maven-3.3.3\repository\xml-apis\xml-apis\1.0.b2\xml-apis-1.0.b2.jar
郞嫁org/w3c/dom/traversal/DocumentTraversal.class
******************************************
2016-07-20 16:28:07
******************************************
익郞:
[compile]D:\apache-maven-3.3.3\repository\commons-collections\commons-collections\3.2.1\commons-collections-3.2.1.jar
[compile]D:\apache-maven-3.3.3\repository\commons-beanutils\commons-beanutils\1.8.2\commons-beanutils-1.8.2.jar
郞嫁org/apache/commons/collections/ArrayStack.class
익郞:
[compile]D:\apache-maven-3.3.3\repository\fakepath\apache-batik\1.0\apache-batik-1.0.jar
[compile]D:\apache-maven-3.3.3\repository\xml-apis\xml-apis\1.0.b2\xml-apis-1.0.b2.jar
郞嫁org/w3c/dom/traversal/DocumentTraversal.class
******************************************
2016-07-20 17:27:58
******************************************
익郞:
[compile]D:\apache-maven-3.3.3\repository\commons-collections\commons-collections\3.2.1\commons-collections-3.2.1.jar
[compile]D:\apache-maven-3.3.3\repository\commons-beanutils\commons-beanutils\1.8.2\commons-beanutils-1.8.2.jar
郞嫁org/apache/commons/collections/ArrayStack.class
익郞:
[compile]D:\apache-maven-3.3.3\repository\fakepath\apache-batik\1.0\apache-batik-1.0.jar
[compile]D:\apache-maven-3.3.3\repository\xml-apis\xml-apis\1.0.b2\xml-apis-1.0.b2.jar
郞嫁org/w3c/dom/traversal/DocumentTraversal.class
******************************************
2016-07-26 19:05:39
******************************************
익郞:
[compile]D:\apache-maven-3.3.3\repository\commons-collections\commons-collections\3.2.1\commons-collections-3.2.1.jar
[compile]D:\apache-maven-3.3.3\repository\commons-beanutils\commons-beanutils\1.8.2\commons-beanutils-1.8.2.jar
郞嫁org/apache/commons/collections/ArrayStack.class
익郞:
[compile]D:\apache-maven-3.3.3\repository\fakepath\apache-batik\1.0\apache-batik-1.0.jar
[compile]D:\apache-maven-3.3.3\repository\xml-apis\xml-apis\1.0.b2\xml-apis-1.0.b2.jar
郞嫁org/w3c/dom/traversal/DocumentTraversal.class
******************************************
2016-07-26 19:22:13
******************************************
익郞:
[compile]D:\apache-maven-3.3.3\repository\commons-collections\commons-collections\3.2.1\commons-collections-3.2.1.jar
[compile]D:\apache-maven-3.3.3\repository\commons-beanutils\commons-beanutils\1.8.2\commons-beanutils-1.8.2.jar
郞嫁org/apache/commons/collections/ArrayStack.class
익郞:
[compile]D:\apache-maven-3.3.3\repository\fakepath\apache-batik\1.0\apache-batik-1.0.jar
[compile]D:\apache-maven-3.3.3\repository\xml-apis\xml-apis\1.0.b2\xml-apis-1.0.b2.jar
郞嫁org/w3c/dom/traversal/DocumentTraversal.class
******************************************
2016-07-26 19:30:49
******************************************
익郞:
[compile]D:\apache-maven-3.3.3\repository\commons-collections\commons-collections\3.2.1\commons-collections-3.2.1.jar
[compile]D:\apache-maven-3.3.3\repository\commons-beanutils\commons-beanutils\1.8.2\commons-beanutils-1.8.2.jar
郞嫁org/apache/commons/collections/ArrayStack.class
익郞:
[compile]D:\apache-maven-3.3.3\repository\fakepath\apache-batik\1.0\apache-batik-1.0.jar
[compile]D:\apache-maven-3.3.3\repository\xml-apis\xml-apis\1.0.b2\xml-apis-1.0.b2.jar
郞嫁org/w3c/dom/traversal/DocumentTraversal.class
******************************************
2016-07-28 16:52:48
******************************************
익郞:
[compile]D:\apache-maven-3.3.3\repository\commons-collections\commons-collections\3.2.1\commons-collections-3.2.1.jar
[compile]D:\apache-maven-3.3.3\repository\commons-beanutils\commons-beanutils\1.8.2\commons-beanutils-1.8.2.jar
郞嫁org/apache/commons/collections/ArrayStack.class
익郞:
[compile]D:\apache-maven-3.3.3\repository\fakepath\apache-batik\1.0\apache-batik-1.0.jar
[compile]D:\apache-maven-3.3.3\repository\xml-apis\xml-apis\1.0.b2\xml-apis-1.0.b2.jar
郞嫁org/w3c/dom/traversal/DocumentTraversal.class
******************************************
2016-07-28 17:28:17
******************************************
익郞:
[compile]D:\apache-maven-3.3.3\repository\commons-collections\commons-collections\3.2.1\commons-collections-3.2.1.jar
[compile]D:\apache-maven-3.3.3\repository\commons-beanutils\commons-beanutils\1.8.2\commons-beanutils-1.8.2.jar
郞嫁org/apache/commons/collections/ArrayStack.class
익郞:
[compile]D:\apache-maven-3.3.3\repository\fakepath\apache-batik\1.0\apache-batik-1.0.jar
[compile]D:\apache-maven-3.3.3\repository\xml-apis\xml-apis\1.0.b2\xml-apis-1.0.b2.jar
郞嫁org/w3c/dom/traversal/DocumentTraversal.class
******************************************
2016-08-08 14:45:39
******************************************
익郞:
[compile]D:\apache-maven-3.3.3\repository\commons-collections\commons-collections\3.2.1\commons-collections-3.2.1.jar
[compile]D:\apache-maven-3.3.3\repository\commons-beanutils\commons-beanutils\1.8.2\commons-beanutils-1.8.2.jar
郞嫁org/apache/commons/collections/ArrayStack.class
익郞:
[compile]D:\apache-maven-3.3.3\repository\fakepath\apache-batik\1.0\apache-batik-1.0.jar
[compile]D:\apache-maven-3.3.3\repository\xml-apis\xml-apis\1.0.b2\xml-apis-1.0.b2.jar
郞嫁org/w3c/dom/traversal/DocumentTraversal.class
******************************************
2016-08-11 19:09:54
******************************************
익郞:
[compile]D:\apache-maven-3.3.3\repository\commons-collections\commons-collections\3.2.1\commons-collections-3.2.1.jar
[compile]D:\apache-maven-3.3.3\repository\commons-beanutils\commons-beanutils\1.8.2\commons-beanutils-1.8.2.jar
郞嫁org/apache/commons/collections/ArrayStack.class
익郞:
[compile]D:\apache-maven-3.3.3\repository\fakepath\apache-batik\1.0\apache-batik-1.0.jar
[compile]D:\apache-maven-3.3.3\repository\xml-apis\xml-apis\1.0.b2\xml-apis-1.0.b2.jar
郞嫁org/w3c/dom/traversal/DocumentTraversal.class
******************************************
2016-08-11 19:10:03
******************************************
익郞:
[compile]D:\apache-maven-3.3.3\repository\commons-collections\commons-collections\3.2.1\commons-collections-3.2.1.jar
[compile]D:\apache-maven-3.3.3\repository\commons-beanutils\commons-beanutils\1.8.2\commons-beanutils-1.8.2.jar
郞嫁org/apache/commons/collections/ArrayStack.class
익郞:
[compile]D:\apache-maven-3.3.3\repository\fakepath\apache-batik\1.0\apache-batik-1.0.jar
[compile]D:\apache-maven-3.3.3\repository\xml-apis\xml-apis\1.0.b2\xml-apis-1.0.b2.jar
郞嫁org/w3c/dom/traversal/DocumentTraversal.class
******************************************
2016-08-12 09:48:18
******************************************
익郞:
[compile]D:\apache-maven-3.3.3\repository\commons-collections\commons-collections\3.2.1\commons-collections-3.2.1.jar
[compile]D:\apache-maven-3.3.3\repository\commons-beanutils\commons-beanutils\1.8.2\commons-beanutils-1.8.2.jar
郞嫁org/apache/commons/collections/ArrayStack.class
익郞:
[compile]D:\apache-maven-3.3.3\repository\fakepath\apache-batik\1.0\apache-batik-1.0.jar
[compile]D:\apache-maven-3.3.3\repository\xml-apis\xml-apis\1.0.b2\xml-apis-1.0.b2.jar
郞嫁org/w3c/dom/traversal/DocumentTraversal.class
******************************************
2016-08-19 11:18:41
******************************************
익郞:
[compile]D:\apache-maven-3.3.3\repository\commons-collections\commons-collections\3.2.1\commons-collections-3.2.1.jar
[compile]D:\apache-maven-3.3.3\repository\commons-beanutils\commons-beanutils\1.8.2\commons-beanutils-1.8.2.jar
郞嫁org/apache/commons/collections/ArrayStack.class
익郞:
[compile]D:\apache-maven-3.3.3\repository\fakepath\apache-batik\1.0\apache-batik-1.0.jar
[compile]D:\apache-maven-3.3.3\repository\xml-apis\xml-apis\1.0.b2\xml-apis-1.0.b2.jar
郞嫁org/w3c/dom/traversal/DocumentTraversal.class
******************************************
2016-09-05 18:48:23
******************************************
익郞:
[compile]D:\apache-maven-3.3.3\repository\commons-collections\commons-collections\3.2.1\commons-collections-3.2.1.jar
[compile]D:\apache-maven-3.3.3\repository\commons-beanutils\commons-beanutils\1.8.2\commons-beanutils-1.8.2.jar
郞嫁org/apache/commons/collections/ArrayStack.class
익郞:
[compile]D:\apache-maven-3.3.3\repository\fakepath\apache-batik\1.0\apache-batik-1.0.jar
[compile]D:\apache-maven-3.3.3\repository\xml-apis\xml-apis\1.0.b2\xml-apis-1.0.b2.jar
郞嫁org/w3c/dom/traversal/DocumentTraversal.class
******************************************
2016-09-05 18:48:23
******************************************
익郞:
[compile]D:\apache-maven-3.3.3\repository\commons-collections\commons-collections\3.2.1\commons-collections-3.2.1.jar
[compile]D:\apache-maven-3.3.3\repository\commons-beanutils\commons-beanutils\1.8.2\commons-beanutils-1.8.2.jar
郞嫁org/apache/commons/collections/ArrayStack.class
익郞:
[compile]D:\apache-maven-3.3.3\repository\fakepath\apache-batik\1.0\apache-batik-1.0.jar
[compile]D:\apache-maven-3.3.3\repository\xml-apis\xml-apis\1.0.b2\xml-apis-1.0.b2.jar
郞嫁org/w3c/dom/traversal/DocumentTraversal.class
******************************************
2016-09-06 14:46:21
******************************************
익郞:
[compile]D:\apache-maven-3.3.3\repository\commons-collections\commons-collections\3.2.1\commons-collections-3.2.1.jar
[compile]D:\apache-maven-3.3.3\repository\commons-beanutils\commons-beanutils\1.8.2\commons-beanutils-1.8.2.jar
郞嫁org/apache/commons/collections/ArrayStack.class
익郞:
[compile]D:\apache-maven-3.3.3\repository\fakepath\apache-batik\1.0\apache-batik-1.0.jar
[compile]D:\apache-maven-3.3.3\repository\xml-apis\xml-apis\1.0.b2\xml-apis-1.0.b2.jar
郞嫁org/w3c/dom/traversal/DocumentTraversal.class
******************************************
2016-09-06 15:10:02
******************************************
익郞:
[compile]D:\apache-maven-3.3.3\repository\commons-collections\commons-collections\3.2.1\commons-collections-3.2.1.jar
[compile]D:\apache-maven-3.3.3\repository\commons-beanutils\commons-beanutils\1.8.2\commons-beanutils-1.8.2.jar
郞嫁org/apache/commons/collections/ArrayStack.class
익郞:
[compile]D:\apache-maven-3.3.3\repository\fakepath\apache-batik\1.0\apache-batik-1.0.jar
[compile]D:\apache-maven-3.3.3\repository\xml-apis\xml-apis\1.0.b2\xml-apis-1.0.b2.jar
郞嫁org/w3c/dom/traversal/DocumentTraversal.class
******************************************
2016-09-06 15:10:51
******************************************
익郞:
[compile]D:\apache-maven-3.3.3\repository\commons-collections\commons-collections\3.2.1\commons-collections-3.2.1.jar
[compile]D:\apache-maven-3.3.3\repository\commons-beanutils\commons-beanutils\1.8.2\commons-beanutils-1.8.2.jar
郞嫁org/apache/commons/collections/ArrayStack.class
익郞:
[compile]D:\apache-maven-3.3.3\repository\fakepath\apache-batik\1.0\apache-batik-1.0.jar
[compile]D:\apache-maven-3.3.3\repository\xml-apis\xml-apis\1.0.b2\xml-apis-1.0.b2.jar
郞嫁org/w3c/dom/traversal/DocumentTraversal.class
******************************************
2016-09-06 18:58:13
******************************************
익郞:
[compile]D:\apache-maven-3.3.3\repository\commons-collections\commons-collections\3.2.1\commons-collections-3.2.1.jar
[compile]D:\apache-maven-3.3.3\repository\commons-beanutils\commons-beanutils\1.8.2\commons-beanutils-1.8.2.jar
郞嫁org/apache/commons/collections/ArrayStack.class
익郞:
[compile]D:\apache-maven-3.3.3\repository\fakepath\apache-batik\1.0\apache-batik-1.0.jar
[compile]D:\apache-maven-3.3.3\repository\xml-apis\xml-apis\1.0.b2\xml-apis-1.0.b2.jar
郞嫁org/w3c/dom/traversal/DocumentTraversal.class
******************************************
2016-09-06 19:02:56
******************************************
익郞:
[compile]D:\apache-maven-3.3.3\repository\commons-collections\commons-collections\3.2.1\commons-collections-3.2.1.jar
[compile]D:\apache-maven-3.3.3\repository\commons-beanutils\commons-beanutils\1.8.2\commons-beanutils-1.8.2.jar
郞嫁org/apache/commons/collections/ArrayStack.class
익郞:
[compile]D:\apache-maven-3.3.3\repository\fakepath\apache-batik\1.0\apache-batik-1.0.jar
[compile]D:\apache-maven-3.3.3\repository\xml-apis\xml-apis\1.0.b2\xml-apis-1.0.b2.jar
郞嫁org/w3c/dom/traversal/DocumentTraversal.class
******************************************
2016-09-08 09:48:11
******************************************
익郞:
[compile]D:\apache-maven-3.3.3\repository\commons-collections\commons-collections\3.2.1\commons-collections-3.2.1.jar
[compile]D:\apache-maven-3.3.3\repository\commons-beanutils\commons-beanutils\1.8.2\commons-beanutils-1.8.2.jar
郞嫁org/apache/commons/collections/ArrayStack.class
익郞:
[compile]D:\apache-maven-3.3.3\repository\fakepath\apache-batik\1.0\apache-batik-1.0.jar
[compile]D:\apache-maven-3.3.3\repository\xml-apis\xml-apis\1.0.b2\xml-apis-1.0.b2.jar
郞嫁org/w3c/dom/traversal/DocumentTraversal.class
******************************************
2016-09-08 09:48:15
******************************************
익郞:
[compile]D:\apache-maven-3.3.3\repository\commons-collections\commons-collections\3.2.1\commons-collections-3.2.1.jar
[compile]D:\apache-maven-3.3.3\repository\commons-beanutils\commons-beanutils\1.8.2\commons-beanutils-1.8.2.jar
郞嫁org/apache/commons/collections/ArrayStack.class
익郞:
[compile]D:\apache-maven-3.3.3\repository\fakepath\apache-batik\1.0\apache-batik-1.0.jar
[compile]D:\apache-maven-3.3.3\repository\xml-apis\xml-apis\1.0.b2\xml-apis-1.0.b2.jar
郞嫁org/w3c/dom/traversal/DocumentTraversal.class
******************************************
2016-09-08 09:49:39
******************************************
익郞:
[compile]D:\apache-maven-3.3.3\repository\commons-collections\commons-collections\3.2.1\commons-collections-3.2.1.jar
[compile]D:\apache-maven-3.3.3\repository\commons-beanutils\commons-beanutils\1.8.2\commons-beanutils-1.8.2.jar
郞嫁org/apache/commons/collections/ArrayStack.class
익郞:
[compile]D:\apache-maven-3.3.3\repository\fakepath\apache-batik\1.0\apache-batik-1.0.jar
[compile]D:\apache-maven-3.3.3\repository\xml-apis\xml-apis\1.0.b2\xml-apis-1.0.b2.jar
郞嫁org/w3c/dom/traversal/DocumentTraversal.class
******************************************
2016-09-08 09:49:46
******************************************
익郞:
[compile]D:\apache-maven-3.3.3\repository\commons-collections\commons-collections\3.2.1\commons-collections-3.2.1.jar
[compile]D:\apache-maven-3.3.3\repository\commons-beanutils\commons-beanutils\1.8.2\commons-beanutils-1.8.2.jar
郞嫁org/apache/commons/collections/ArrayStack.class
익郞:
[compile]D:\apache-maven-3.3.3\repository\fakepath\apache-batik\1.0\apache-batik-1.0.jar
[compile]D:\apache-maven-3.3.3\repository\xml-apis\xml-apis\1.0.b2\xml-apis-1.0.b2.jar
郞嫁org/w3c/dom/traversal/DocumentTraversal.class
******************************************
2016-09-22 15:20:04
******************************************
익郞:
[compile]D:\apache-maven-3.3.3\repository\commons-collections\commons-collections\3.2.1\commons-collections-3.2.1.jar
[compile]D:\apache-maven-3.3.3\repository\commons-beanutils\commons-beanutils\1.8.2\commons-beanutils-1.8.2.jar
郞嫁org/apache/commons/collections/ArrayStack.class
익郞:
[compile]D:\apache-maven-3.3.3\repository\fakepath\apache-batik\1.0\apache-batik-1.0.jar
[compile]D:\apache-maven-3.3.3\repository\xml-apis\xml-apis\1.0.b2\xml-apis-1.0.b2.jar
郞嫁org/w3c/dom/traversal/DocumentTraversal.class
******************************************
2016-09-27 09:30:16
******************************************
익郞:
[compile]D:\apache-maven-3.3.3\repository\commons-collections\commons-collections\3.2.1\commons-collections-3.2.1.jar
[compile]D:\apache-maven-3.3.3\repository\commons-beanutils\commons-beanutils\1.8.2\commons-beanutils-1.8.2.jar
郞嫁org/apache/commons/collections/ArrayStack.class
익郞:
[compile]D:\apache-maven-3.3.3\repository\fakepath\apache-batik\1.0\apache-batik-1.0.jar
[compile]D:\apache-maven-3.3.3\repository\xml-apis\xml-apis\1.0.b2\xml-apis-1.0.b2.jar
郞嫁org/w3c/dom/traversal/DocumentTraversal.class
******************************************
2016-09-30 00:18:32
******************************************
익郞:
[compile]D:\apache-maven-3.3.3\repository\commons-collections\commons-collections\3.2.1\commons-collections-3.2.1.jar
[compile]D:\apache-maven-3.3.3\repository\commons-beanutils\commons-beanutils\1.8.2\commons-beanutils-1.8.2.jar
郞嫁org/apache/commons/collections/ArrayStack.class
익郞:
[compile]D:\apache-maven-3.3.3\repository\fakepath\apache-batik\1.0\apache-batik-1.0.jar
[compile]D:\apache-maven-3.3.3\repository\xml-apis\xml-apis\1.0.b2\xml-apis-1.0.b2.jar
郞嫁org/w3c/dom/traversal/DocumentTraversal.class
******************************************
2016-09-30 00:41:12
******************************************
익郞:
[compile]D:\apache-maven-3.3.3\repository\commons-collections\commons-collections\3.2.1\commons-collections-3.2.1.jar
[compile]D:\apache-maven-3.3.3\repository\commons-beanutils\commons-beanutils\1.8.2\commons-beanutils-1.8.2.jar
郞嫁org/apache/commons/collections/ArrayStack.class
익郞:
[compile]D:\apache-maven-3.3.3\repository\fakepath\apache-batik\1.0\apache-batik-1.0.jar
[compile]D:\apache-maven-3.3.3\repository\xml-apis\xml-apis\1.0.b2\xml-apis-1.0.b2.jar
郞嫁org/w3c/dom/traversal/DocumentTraversal.class
******************************************
2016-09-30 11:48:43
******************************************
익郞:
[compile]D:\apache-maven-3.3.3\repository\commons-collections\commons-collections\3.2.1\commons-collections-3.2.1.jar
[compile]D:\apache-maven-3.3.3\repository\commons-beanutils\commons-beanutils\1.8.2\commons-beanutils-1.8.2.jar
郞嫁org/apache/commons/collections/ArrayStack.class
익郞:
[compile]D:\apache-maven-3.3.3\repository\fakepath\apache-batik\1.0\apache-batik-1.0.jar
[compile]D:\apache-maven-3.3.3\repository\xml-apis\xml-apis\1.0.b2\xml-apis-1.0.b2.jar
郞嫁org/w3c/dom/traversal/DocumentTraversal.class
