2016-08-19 14:55:17,275 - ResourceManager : found operation/op-signature.vm with loader middlegen.KindFileResourceLoader
2016-08-19 14:55:17,290 - ResourceManager : found operation/op-update.vm with loader middlegen.KindFileResourceLoader
2016-08-19 14:55:17,290 - ResourceManager : found operation/op-javadoc.vm with loader middlegen.KindFileResourceLoader
2016-08-19 14:55:17,290 - ResourceManager : found operation/op-signature.vm with loader middlegen.KindFileResourceLoader
2016-08-19 14:55:17,290 - ResourceManager : found operation/op-update.vm with loader middlegen.KindFileResourceLoader
2016-08-19 14:55:17,290 - ResourceManager : found operation/op-javadoc.vm with loader middlegen.KindFileResourceLoader
2016-08-19 14:55:17,290 - ResourceManager : found operation/op-signature.vm with loader middlegen.KindFileResourceLoader
2016-08-19 14:55:17,290 - ResourceManager : found operation/op-select.vm with loader middlegen.KindFileResourceLoader
2016-08-19 14:55:17,290 - ResourceManager : found operation/op-javadoc.vm with loader middlegen.KindFileResourceLoader
2016-08-19 14:55:17,290 - ResourceManager : found operation/op-signature.vm with loader middlegen.KindFileResourceLoader
2016-08-19 14:55:17,290 - ResourceManager : found operation/op-select.vm with loader middlegen.KindFileResourceLoader
2016-08-19 14:55:17,290 - ResourceManager : found operation/op-javadoc.vm with loader middlegen.KindFileResourceLoader
2016-08-19 14:55:17,290 - ResourceManager : found operation/op-signature.vm with loader middlegen.KindFileResourceLoader
2016-08-19 14:55:17,290 - ResourceManager : found operation/op-select.vm with loader middlegen.KindFileResourceLoader
2016-08-19 14:55:17,290 - ResourceManager : found operation/op-javadoc.vm with loader middlegen.KindFileResourceLoader
2016-08-19 14:55:17,290 - ResourceManager : found operation/op-signature.vm with loader middlegen.KindFileResourceLoader
2016-08-19 14:55:17,290 - ResourceManager : found operation/op-delete.vm with loader middlegen.KindFileResourceLoader
2016-08-19 14:55:17,290 - ResourceManager : found operation/op-javadoc.vm with loader middlegen.KindFileResourceLoader
2016-08-19 14:55:17,290 - ResourceManager : found operation/op-signature.vm with loader middlegen.KindFileResourceLoader
2016-08-19 14:55:17,290 - ResourceManager : found operation/op-delete.vm with loader middlegen.KindFileResourceLoader
2016-08-19 14:55:17,290 - ResourceManager : found operation/op-javadoc.vm with loader middlegen.KindFileResourceLoader
2016-08-19 14:55:17,290 - ResourceManager : found operation/op-signature.vm with loader middlegen.KindFileResourceLoader
2016-08-19 14:55:17,290 - ResourceManager : found operation/op-select.vm with loader middlegen.KindFileResourceLoader
2016-08-19 14:55:17,290 - ResourceManager : found operation/op-javadoc.vm with loader middlegen.KindFileResourceLoader
2016-08-19 14:55:17,306 - ResourceManager : found operation/op-signature.vm with loader middlegen.KindFileResourceLoader
2016-08-19 14:55:17,306 - ResourceManager : found copyright.vm with loader middlegen.KindFileResourceLoader
2016-08-19 14:55:17,306 - ResourceManager : found description-java.vm with loader middlegen.KindFileResourceLoader
2016-08-19 14:55:17,306 - ResourceManager : found do-fields.vm with loader middlegen.KindFileResourceLoader
2016-08-19 14:55:17,306 - ResourceManager : found copyright.vm with loader middlegen.KindFileResourceLoader
2016-08-19 14:55:17,306 - ResourceManager : found description-java.vm with loader middlegen.KindFileResourceLoader
2016-08-19 14:55:17,306 - ResourceManager : found do-fields.vm with loader middlegen.KindFileResourceLoader
2016-08-19 14:55:17,306 - ResourceManager : found copyright.vm with loader middlegen.KindFileResourceLoader
2016-08-19 14:55:17,306 - ResourceManager : found description-java.vm with loader middlegen.KindFileResourceLoader
2016-08-19 14:55:17,306 - ResourceManager : found do-fields.vm with loader middlegen.KindFileResourceLoader
2016-08-19 14:55:17,321 - ResourceManager : found copyright.vm with loader middlegen.KindFileResourceLoader
2016-08-19 14:55:17,321 - ResourceManager : found description-java.vm with loader middlegen.KindFileResourceLoader
2016-08-19 14:55:17,321 - ResourceManager : found do-fields.vm with loader middlegen.KindFileResourceLoader
2016-08-19 15:01:22,665 - Log4JLogSystem initialized using logfile velocity.log
2016-08-19 15:01:22,665 - ************************************************************** 
2016-08-19 15:01:22,665 - Starting Jakarta Velocity v1.4
2016-08-19 15:01:22,665 - RuntimeInstance initializing.
2016-08-19 15:01:22,665 - Default Properties File: org\apache\velocity\runtime\defaults\velocity.properties
2016-08-19 15:01:22,665 - Trying to use logger class middlegen.DontCloseLog4JLogSystem
2016-08-19 15:01:22,665 - Using logger class middlegen.DontCloseLog4JLogSystem
2016-08-19 15:01:22,665 - Default ResourceManager initializing. (class org.apache.velocity.runtime.resource.ResourceManagerImpl)
2016-08-19 15:01:22,665 - Resource Loader Instantiated: middlegen.KindFileResourceLoader
2016-08-19 15:01:22,665 - FileResourceLoader : initialization starting.
2016-08-19 15:01:22,665 - FileResourceLoader : adding path 'templates/mergedir'
2016-08-19 15:01:22,665 - FileResourceLoader : initialization complete.
2016-08-19 15:01:22,665 - ClasspathResourceLoader : initialization starting.
2016-08-19 15:01:22,665 - ClasspathResourceLoader : initialization complete.
2016-08-19 15:01:22,665 - ResourceCache : initialized. (class org.apache.velocity.runtime.resource.ResourceCacheImpl)
2016-08-19 15:01:22,665 - Default ResourceManager initialization complete.
2016-08-19 15:01:22,665 - Loaded System Directive: org.apache.velocity.runtime.directive.Literal
2016-08-19 15:01:22,665 - Loaded System Directive: org.apache.velocity.runtime.directive.Macro
2016-08-19 15:01:22,680 - Loaded System Directive: org.apache.velocity.runtime.directive.Parse
2016-08-19 15:01:22,680 - Loaded System Directive: org.apache.velocity.runtime.directive.Include
2016-08-19 15:01:22,680 - Loaded System Directive: org.apache.velocity.runtime.directive.Foreach
2016-08-19 15:01:22,696 - Created: 20 parsers.
2016-08-19 15:01:22,696 - Velocimacro : initialization starting.
2016-08-19 15:01:22,696 - Velocimacro : adding VMs from VM library template : VM_global_library.vm
2016-08-19 15:01:22,696 - KindFileResourceLoader : file loader failed to load: VM_global_library.vm
2016-08-19 15:01:22,712 - ResourceManager : found VM_global_library.vm with loader middlegen.KindFileResourceLoader
2016-08-19 15:01:22,712 - Velocimacro :  VM library template macro registration complete.
2016-08-19 15:01:22,712 - Velocimacro : allowInline = true : VMs can be defined inline in templates
2016-08-19 15:01:22,712 - Velocimacro : allowInlineToOverride = false : VMs defined inline may NOT replace previous VM definitions
2016-08-19 15:01:22,712 - Velocimacro : allowInlineLocal = false : VMs defined inline will be  global in scope if allowed.
2016-08-19 15:01:22,712 - Velocimacro : messages on  : VM system will output logging messages
2016-08-19 15:01:22,712 - Velocimacro : autoload off  : VM system will not automatically reload global library macros
2016-08-19 15:01:22,712 - Velocimacro : initialization complete.
2016-08-19 15:01:22,712 - Velocity successfully started.
2016-08-19 15:01:22,805 - ResourceManager : found description-xml.vm with loader middlegen.KindFileResourceLoader
2016-08-19 15:01:22,821 - ResourceManager : found copyright.vm with loader middlegen.KindFileResourceLoader
2016-08-19 15:01:22,821 - ResourceManager : found description-java.vm with loader middlegen.KindFileResourceLoader
2016-08-19 15:01:22,821 - ResourceManager : found operation/op-insert.vm with loader middlegen.KindFileResourceLoader
2016-08-19 15:01:22,821 - ResourceManager : found operation/op-javadoc.vm with loader middlegen.KindFileResourceLoader
2016-08-19 15:01:22,821 - ResourceManager : found operation/op-signature.vm with loader middlegen.KindFileResourceLoader
2016-08-19 15:01:22,821 - ResourceManager : found operation/opbody-insert.vm with loader middlegen.KindFileResourceLoader
2016-08-19 15:01:22,821 - ResourceManager : found operation/op-update.vm with loader middlegen.KindFileResourceLoader
2016-08-19 15:01:22,821 - ResourceManager : found operation/op-javadoc.vm with loader middlegen.KindFileResourceLoader
2016-08-19 15:01:22,821 - ResourceManager : found operation/op-signature.vm with loader middlegen.KindFileResourceLoader
2016-08-19 15:01:22,821 - ResourceManager : found operation/opbody-update.vm with loader middlegen.KindFileResourceLoader
2016-08-19 15:01:22,821 - ResourceManager : found operation/op-update.vm with loader middlegen.KindFileResourceLoader
2016-08-19 15:01:22,836 - ResourceManager : found operation/op-javadoc.vm with loader middlegen.KindFileResourceLoader
2016-08-19 15:01:22,836 - ResourceManager : found operation/op-signature.vm with loader middlegen.KindFileResourceLoader
2016-08-19 15:01:22,836 - ResourceManager : found operation/opbody-update.vm with loader middlegen.KindFileResourceLoader
2016-08-19 15:01:22,836 - ResourceManager : found operation/op-select.vm with loader middlegen.KindFileResourceLoader
2016-08-19 15:01:22,836 - ResourceManager : found operation/op-javadoc.vm with loader middlegen.KindFileResourceLoader
2016-08-19 15:01:22,836 - ResourceManager : found operation/op-signature.vm with loader middlegen.KindFileResourceLoader
2016-08-19 15:01:22,852 - ResourceManager : found operation/opbody-select.vm with loader middlegen.KindFileResourceLoader
2016-08-19 15:01:22,852 - ResourceManager : found operation/op-select.vm with loader middlegen.KindFileResourceLoader
2016-08-19 15:01:22,852 - ResourceManager : found operation/op-javadoc.vm with loader middlegen.KindFileResourceLoader
2016-08-19 15:01:22,852 - ResourceManager : found operation/op-signature.vm with loader middlegen.KindFileResourceLoader
2016-08-19 15:01:22,852 - ResourceManager : found operation/opbody-select.vm with loader middlegen.KindFileResourceLoader
2016-08-19 15:01:22,852 - ResourceManager : found operation/op-select.vm with loader middlegen.KindFileResourceLoader
2016-08-19 15:01:22,852 - ResourceManager : found operation/op-javadoc.vm with loader middlegen.KindFileResourceLoader
2016-08-19 15:01:22,852 - ResourceManager : found operation/op-signature.vm with loader middlegen.KindFileResourceLoader
2016-08-19 15:01:22,852 - ResourceManager : found operation/opbody-select.vm with loader middlegen.KindFileResourceLoader
2016-08-19 15:01:22,852 - ResourceManager : found operation/op-delete.vm with loader middlegen.KindFileResourceLoader
2016-08-19 15:01:22,852 - ResourceManager : found operation/op-javadoc.vm with loader middlegen.KindFileResourceLoader
2016-08-19 15:01:22,852 - ResourceManager : found operation/op-signature.vm with loader middlegen.KindFileResourceLoader
2016-08-19 15:01:22,868 - ResourceManager : found operation/opbody-delete.vm with loader middlegen.KindFileResourceLoader
2016-08-19 15:01:22,868 - ResourceManager : found operation/op-delete.vm with loader middlegen.KindFileResourceLoader
2016-08-19 15:01:22,868 - ResourceManager : found operation/op-javadoc.vm with loader middlegen.KindFileResourceLoader
2016-08-19 15:01:22,868 - ResourceManager : found operation/op-signature.vm with loader middlegen.KindFileResourceLoader
2016-08-19 15:01:22,868 - ResourceManager : found operation/opbody-delete.vm with loader middlegen.KindFileResourceLoader
2016-08-19 15:01:22,868 - ResourceManager : found operation/op-select.vm with loader middlegen.KindFileResourceLoader
2016-08-19 15:01:22,868 - ResourceManager : found operation/op-javadoc.vm with loader middlegen.KindFileResourceLoader
2016-08-19 15:01:22,868 - ResourceManager : found operation/op-signature.vm with loader middlegen.KindFileResourceLoader
2016-08-19 15:01:22,868 - ResourceManager : found operation/opbody-select.vm with loader middlegen.KindFileResourceLoader
2016-08-19 15:01:22,868 - ResourceManager : found copyright.vm with loader middlegen.KindFileResourceLoader
2016-08-19 15:01:22,868 - ResourceManager : found description-java.vm with loader middlegen.KindFileResourceLoader
2016-08-19 15:01:22,868 - ResourceManager : found operation/op-insert.vm with loader middlegen.KindFileResourceLoader
2016-08-19 15:01:22,883 - ResourceManager : found operation/op-javadoc.vm with loader middlegen.KindFileResourceLoader
2016-08-19 15:01:22,883 - ResourceManager : found operation/op-signature.vm with loader middlegen.KindFileResourceLoader
2016-08-19 15:01:22,883 - ResourceManager : found operation/op-update.vm with loader middlegen.KindFileResourceLoader
2016-08-19 15:01:22,883 - ResourceManager : found operation/op-javadoc.vm with loader middlegen.KindFileResourceLoader
2016-08-19 15:01:22,883 - ResourceManager : found operation/op-signature.vm with loader middlegen.KindFileResourceLoader
2016-08-19 15:01:22,883 - ResourceManager : found operation/op-update.vm with loader middlegen.KindFileResourceLoader
2016-08-19 15:01:22,883 - ResourceManager : found operation/op-javadoc.vm with loader middlegen.KindFileResourceLoader
2016-08-19 15:01:22,883 - ResourceManager : found operation/op-signature.vm with loader middlegen.KindFileResourceLoader
2016-08-19 15:01:22,883 - ResourceManager : found operation/op-select.vm with loader middlegen.KindFileResourceLoader
2016-08-19 15:01:22,883 - ResourceManager : found operation/op-javadoc.vm with loader middlegen.KindFileResourceLoader
2016-08-19 15:01:22,883 - ResourceManager : found operation/op-signature.vm with loader middlegen.KindFileResourceLoader
2016-08-19 15:01:22,883 - ResourceManager : found operation/op-select.vm with loader middlegen.KindFileResourceLoader
2016-08-19 15:01:22,883 - ResourceManager : found operation/op-javadoc.vm with loader middlegen.KindFileResourceLoader
2016-08-19 15:01:22,883 - ResourceManager : found operation/op-signature.vm with loader middlegen.KindFileResourceLoader
2016-08-19 15:01:22,883 - ResourceManager : found operation/op-select.vm with loader middlegen.KindFileResourceLoader
2016-08-19 15:01:22,883 - ResourceManager : found operation/op-javadoc.vm with loader middlegen.KindFileResourceLoader
2016-08-19 15:01:22,883 - ResourceManager : found operation/op-signature.vm with loader middlegen.KindFileResourceLoader
2016-08-19 15:01:22,883 - ResourceManager : found operation/op-delete.vm with loader middlegen.KindFileResourceLoader
2016-08-19 15:01:22,883 - ResourceManager : found operation/op-javadoc.vm with loader middlegen.KindFileResourceLoader
2016-08-19 15:01:22,883 - ResourceManager : found operation/op-signature.vm with loader middlegen.KindFileResourceLoader
2016-08-19 15:01:22,883 - ResourceManager : found operation/op-delete.vm with loader middlegen.KindFileResourceLoader
2016-08-19 15:01:22,883 - ResourceManager : found operation/op-javadoc.vm with loader middlegen.KindFileResourceLoader
2016-08-19 15:01:22,883 - ResourceManager : found operation/op-signature.vm with loader middlegen.KindFileResourceLoader
2016-08-19 15:01:22,883 - ResourceManager : found operation/op-select.vm with loader middlegen.KindFileResourceLoader
2016-08-19 15:01:22,883 - ResourceManager : found operation/op-javadoc.vm with loader middlegen.KindFileResourceLoader
2016-08-19 15:01:22,883 - ResourceManager : found operation/op-signature.vm with loader middlegen.KindFileResourceLoader
2016-08-19 15:01:22,900 - ResourceManager : found copyright.vm with loader middlegen.KindFileResourceLoader
2016-08-19 15:01:22,900 - ResourceManager : found description-java.vm with loader middlegen.KindFileResourceLoader
2016-08-19 15:01:22,900 - ResourceManager : found do-fields.vm with loader middlegen.KindFileResourceLoader
2016-08-22 15:04:24,830 - Log4JLogSystem initialized using logfile velocity.log
2016-08-22 15:04:24,877 - ************************************************************** 
2016-08-22 15:04:24,877 - Starting Jakarta Velocity v1.4
2016-08-22 15:04:24,877 - RuntimeInstance initializing.
2016-08-22 15:04:24,877 - Default Properties File: org\apache\velocity\runtime\defaults\velocity.properties
2016-08-22 15:04:24,877 - Trying to use logger class middlegen.DontCloseLog4JLogSystem
2016-08-22 15:04:24,877 - Using logger class middlegen.DontCloseLog4JLogSystem
2016-08-22 15:04:24,893 - Default ResourceManager initializing. (class org.apache.velocity.runtime.resource.ResourceManagerImpl)
2016-08-22 15:04:24,909 - Resource Loader Instantiated: middlegen.KindFileResourceLoader
2016-08-22 15:04:24,909 - FileResourceLoader : initialization starting.
2016-08-22 15:04:24,909 - FileResourceLoader : adding path 'templates/mergedir'
2016-08-22 15:04:24,909 - FileResourceLoader : initialization complete.
2016-08-22 15:04:24,909 - ClasspathResourceLoader : initialization starting.
2016-08-22 15:04:24,909 - ClasspathResourceLoader : initialization complete.
2016-08-22 15:04:24,909 - ResourceCache : initialized. (class org.apache.velocity.runtime.resource.ResourceCacheImpl)
2016-08-22 15:04:24,909 - Default ResourceManager initialization complete.
2016-08-22 15:04:24,909 - Loaded System Directive: org.apache.velocity.runtime.directive.Literal
2016-08-22 15:04:24,909 - Loaded System Directive: org.apache.velocity.runtime.directive.Macro
2016-08-22 15:04:24,924 - Loaded System Directive: org.apache.velocity.runtime.directive.Parse
2016-08-22 15:04:24,924 - Loaded System Directive: org.apache.velocity.runtime.directive.Include
2016-08-22 15:04:24,924 - Loaded System Directive: org.apache.velocity.runtime.directive.Foreach
2016-08-22 15:04:24,987 - Created: 20 parsers.
2016-08-22 15:04:24,987 - Velocimacro : initialization starting.
2016-08-22 15:04:24,987 - Velocimacro : adding VMs from VM library template : VM_global_library.vm
2016-08-22 15:04:24,987 - KindFileResourceLoader : file loader failed to load: VM_global_library.vm
2016-08-22 15:04:25,002 - ResourceManager : found VM_global_library.vm with loader middlegen.KindFileResourceLoader
2016-08-22 15:04:25,002 - Velocimacro :  VM library template macro registration complete.
2016-08-22 15:04:25,002 - Velocimacro : allowInline = true : VMs can be defined inline in templates
2016-08-22 15:04:25,002 - Velocimacro : allowInlineToOverride = false : VMs defined inline may NOT replace previous VM definitions
2016-08-22 15:04:25,002 - Velocimacro : allowInlineLocal = false : VMs defined inline will be  global in scope if allowed.
2016-08-22 15:04:25,002 - Velocimacro : messages on  : VM system will output logging messages
2016-08-22 15:04:25,002 - Velocimacro : autoload off  : VM system will not automatically reload global library macros
2016-08-22 15:04:25,002 - Velocimacro : initialization complete.
2016-08-22 15:04:25,002 - Velocity successfully started.
2016-08-22 15:04:25,096 - ResourceManager : found copyright.vm with loader middlegen.KindFileResourceLoader
2016-08-22 15:04:25,096 - ResourceManager : found description-java.vm with loader middlegen.KindFileResourceLoader
2016-08-22 15:04:25,112 - ResourceManager : found do-fields.vm with loader middlegen.KindFileResourceLoader
2016-08-22 15:04:25,112 - ResourceManager : found copyright.vm with loader middlegen.KindFileResourceLoader
2016-08-22 15:04:25,112 - ResourceManager : found description-java.vm with loader middlegen.KindFileResourceLoader
2016-08-22 15:04:25,112 - ResourceManager : found operation/op-insert.vm with loader middlegen.KindFileResourceLoader
2016-08-22 15:04:25,112 - ResourceManager : found operation/op-javadoc.vm with loader middlegen.KindFileResourceLoader
2016-08-22 15:04:25,127 - ResourceManager : found operation/op-signature.vm with loader middlegen.KindFileResourceLoader
2016-08-22 15:04:25,127 - ResourceManager : found operation/op-update.vm with loader middlegen.KindFileResourceLoader
2016-08-22 15:04:25,127 - ResourceManager : found operation/op-javadoc.vm with loader middlegen.KindFileResourceLoader
2016-08-22 15:04:25,127 - ResourceManager : found operation/op-signature.vm with loader middlegen.KindFileResourceLoader
2016-08-22 15:04:25,127 - ResourceManager : found operation/op-select.vm with loader middlegen.KindFileResourceLoader
2016-08-22 15:04:25,127 - ResourceManager : found operation/op-javadoc.vm with loader middlegen.KindFileResourceLoader
2016-08-22 15:04:25,127 - ResourceManager : found operation/op-signature.vm with loader middlegen.KindFileResourceLoader
2016-08-22 15:04:25,127 - ResourceManager : found operation/op-delete.vm with loader middlegen.KindFileResourceLoader
2016-08-22 15:04:25,127 - ResourceManager : found operation/op-javadoc.vm with loader middlegen.KindFileResourceLoader
2016-08-22 15:04:25,127 - ResourceManager : found operation/op-signature.vm with loader middlegen.KindFileResourceLoader
2016-08-22 15:04:25,127 - ResourceManager : found operation/op-select.vm with loader middlegen.KindFileResourceLoader
2016-08-22 15:04:25,127 - ResourceManager : found operation/op-javadoc.vm with loader middlegen.KindFileResourceLoader
2016-08-22 15:04:25,127 - ResourceManager : found operation/op-signature.vm with loader middlegen.KindFileResourceLoader
2016-08-22 15:04:25,127 - ResourceManager : found operation/op-select.vm with loader middlegen.KindFileResourceLoader
2016-08-22 15:04:25,143 - ResourceManager : found operation/op-javadoc.vm with loader middlegen.KindFileResourceLoader
2016-08-22 15:04:25,143 - ResourceManager : found operation/op-signature.vm with loader middlegen.KindFileResourceLoader
2016-08-22 15:04:25,143 - ResourceManager : found operation/op-select.vm with loader middlegen.KindFileResourceLoader
2016-08-22 15:04:25,143 - ResourceManager : found operation/op-javadoc.vm with loader middlegen.KindFileResourceLoader
2016-08-22 15:04:25,143 - ResourceManager : found operation/op-signature.vm with loader middlegen.KindFileResourceLoader
2016-08-22 15:04:25,143 - ResourceManager : found operation/op-select.vm with loader middlegen.KindFileResourceLoader
2016-08-22 15:04:25,143 - ResourceManager : found operation/op-javadoc.vm with loader middlegen.KindFileResourceLoader
2016-08-22 15:04:25,143 - ResourceManager : found operation/op-signature.vm with loader middlegen.KindFileResourceLoader
2016-08-22 15:04:25,221 - ResourceManager : found copyright.vm with loader middlegen.KindFileResourceLoader
2016-08-22 15:04:25,221 - ResourceManager : found description-java.vm with loader middlegen.KindFileResourceLoader
2016-08-22 15:04:25,221 - ResourceManager : found operation/op-insert.vm with loader middlegen.KindFileResourceLoader
2016-08-22 15:04:25,221 - ResourceManager : found operation/op-javadoc.vm with loader middlegen.KindFileResourceLoader
2016-08-22 15:04:25,221 - ResourceManager : found operation/op-signature.vm with loader middlegen.KindFileResourceLoader
2016-08-22 15:04:25,221 - ResourceManager : found operation/opbody-insert.vm with loader middlegen.KindFileResourceLoader
2016-08-22 15:04:25,221 - ResourceManager : found operation/op-update.vm with loader middlegen.KindFileResourceLoader
2016-08-22 15:04:25,221 - ResourceManager : found operation/op-javadoc.vm with loader middlegen.KindFileResourceLoader
2016-08-22 15:04:25,221 - ResourceManager : found operation/op-signature.vm with loader middlegen.KindFileResourceLoader
2016-08-22 15:04:25,221 - ResourceManager : found operation/opbody-update.vm with loader middlegen.KindFileResourceLoader
2016-08-22 15:04:25,221 - ResourceManager : found operation/op-select.vm with loader middlegen.KindFileResourceLoader
2016-08-22 15:04:25,221 - ResourceManager : found operation/op-javadoc.vm with loader middlegen.KindFileResourceLoader
2016-08-22 15:04:25,237 - ResourceManager : found operation/op-signature.vm with loader middlegen.KindFileResourceLoader
2016-08-22 15:04:25,237 - ResourceManager : found operation/opbody-select.vm with loader middlegen.KindFileResourceLoader
2016-08-22 15:04:25,237 - ResourceManager : found operation/op-delete.vm with loader middlegen.KindFileResourceLoader
2016-08-22 15:04:25,237 - ResourceManager : found operation/op-javadoc.vm with loader middlegen.KindFileResourceLoader
2016-08-22 15:04:25,237 - ResourceManager : found operation/op-signature.vm with loader middlegen.KindFileResourceLoader
2016-08-22 15:04:25,237 - ResourceManager : found operation/opbody-delete.vm with loader middlegen.KindFileResourceLoader
2016-08-22 15:04:25,237 - ResourceManager : found operation/op-select.vm with loader middlegen.KindFileResourceLoader
2016-08-22 15:04:25,237 - ResourceManager : found operation/op-javadoc.vm with loader middlegen.KindFileResourceLoader
2016-08-22 15:04:25,237 - ResourceManager : found operation/op-signature.vm with loader middlegen.KindFileResourceLoader
2016-08-22 15:04:25,252 - ResourceManager : found operation/opbody-select.vm with loader middlegen.KindFileResourceLoader
2016-08-22 15:04:25,252 - ResourceManager : found operation/op-select.vm with loader middlegen.KindFileResourceLoader
2016-08-22 15:04:25,252 - ResourceManager : found operation/op-javadoc.vm with loader middlegen.KindFileResourceLoader
2016-08-22 15:04:25,252 - ResourceManager : found operation/op-signature.vm with loader middlegen.KindFileResourceLoader
2016-08-22 15:04:25,252 - ResourceManager : found operation/opbody-select.vm with loader middlegen.KindFileResourceLoader
2016-08-22 15:04:25,252 - ResourceManager : found operation/op-select.vm with loader middlegen.KindFileResourceLoader
2016-08-22 15:04:25,252 - ResourceManager : found operation/op-javadoc.vm with loader middlegen.KindFileResourceLoader
2016-08-22 15:04:25,252 - ResourceManager : found operation/op-signature.vm with loader middlegen.KindFileResourceLoader
2016-08-22 15:04:25,252 - ResourceManager : found operation/opbody-select.vm with loader middlegen.KindFileResourceLoader
2016-08-22 15:04:25,268 - ResourceManager : found operation/op-select.vm with loader middlegen.KindFileResourceLoader
2016-08-22 15:04:25,268 - ResourceManager : found operation/op-javadoc.vm with loader middlegen.KindFileResourceLoader
2016-08-22 15:04:25,268 - ResourceManager : found operation/op-signature.vm with loader middlegen.KindFileResourceLoader
2016-08-22 15:04:25,268 - ResourceManager : found operation/opbody-select.vm with loader middlegen.KindFileResourceLoader
2016-08-22 15:04:25,284 - ResourceManager : found description-xml.vm with loader middlegen.KindFileResourceLoader
